<?xml version="1.0" encoding="UTF-8"?>
<!-- Generated by org.testng.reporters.JUnitXMLReporter -->
<testsuite ignored="0" hostname="Murali" failures="0" tests="15" name="Surefire test" time="85.145" errors="0" timestamp="2026-05-06T15:59:11 IST">
  <testcase classname="testclasses.HomepageTest" name="companyLogin" time="1.676"/>
  <testcase classname="testclasses.HomepageTest" name="userLogin" time="0.159"/>
  <testcase classname="testclasses.HomepageTest" name="verifyHomepage" time="2.081"/>
  <testcase classname="testclasses.HomepageTest" name="verifyfileSearch" time="8.345"/>
  <testcase classname="testclasses.HomepageTest" name="verifya3dfileSearch" time="7.566"/>
  <testcase classname="testclasses.HomepageTest" name="verifya3dprtfileSearch" time="7.278"/>
  <testcase classname="testclasses.HomepageTest" name="verifyjpgfileSearch" time="8.228"/>
  <testcase classname="testclasses.HomepageTest" name="verifytiffileSearch" time="6.673"/>
  <testcase classname="testclasses.HomepageTest" name="verifydwgfileSearch" time="6.51"/>
  <testcase classname="testclasses.HomepageTest" name="verifydxfleSearch" time="6.891"/>
  <testcase classname="testclasses.HomepageTest" name="verifypptxfileSearch" time="6.519"/>
  <testcase classname="testclasses.HomepageTest" name="verifyxlsxfileSearch" time="7.217"/>
  <testcase classname="testclasses.HomepageTest" name="verifydocxfileSearch" time="6.441"/>
  <testcase classname="testclasses.HomepageTest" name="verifycsvfileSearch" time="7.032"/>
  <testcase classname="testclasses.HomepageTest" name="verifyattributesearch" time="2.172"/>
</testsuite> <!-- Surefire test -->
