<?xml version="1.0" encoding="UTF-8"?>
<!-- Generated by org.testng.reporters.JUnitXMLReporter -->
<testsuite ignored="0" hostname="Murali" failures="0" tests="4" name="Default test" time="16.954" errors="0" timestamp="2026-05-04T11:28:42 IST">
  <testcase classname="testclasses.HomepageTest" name="companyLogin" time="2.149"/>
  <testcase classname="testclasses.HomepageTest" name="userLogin" time="0.148"/>
  <testcase classname="testclasses.HomepageTest" name="verifyHomepage" time="6.45"/>
  <testcase classname="testclasses.HomepageTest" name="verifyPDFSearch" time="7.885"/>
</testsuite> <!-- Default test -->
