<?xml version="1.0" encoding="UTF-8"?>
<!-- Generated by org.testng.reporters.JUnitXMLReporter -->
<testsuite ignored="4" hostname="Murali" failures="0" tests="15" name="Alfadock Login Test" time="93.862" errors="0" timestamp="2026-05-12T17:24:44 IST">
  <testcase classname="testclasses.HomepageTest" name="companyLogin" time="1.874"/>
  <testcase classname="testclasses.HomepageTest" name="userLogin" time="0.15"/>
  <testcase classname="testclasses.HomepageTest" name="verifyHomepage" time="2.36"/>
  <testcase classname="testclasses.HomepageTest" name="verifyfileSearch" time="8.165"/>
  <testcase classname="testclasses.HomepageTest" name="verifya3dfileSearch" time="7.664"/>
  <testcase classname="testclasses.HomepageTest" name="verifya3dprtfileSearch" time="7.199"/>
  <testcase classname="testclasses.HomepageTest" name="verifyjpgfileSearch" time="7.8"/>
  <testcase classname="testclasses.HomepageTest" name="verifytiffileSearch" time="6.669"/>
  <testcase classname="testclasses.HomepageTest" name="verifydwgfileSearch" time="7.055"/>
  <testcase classname="testclasses.HomepageTest" name="verifydxfleSearch" time="7.055"/>
  <testcase classname="testclasses.HomepageTest" name="verifypptxfileSearch" time="6.415"/>
  <testcase classname="testclasses.HomepageTest" name="verifyxlsxfileSearch" time="6.637"/>
  <testcase classname="testclasses.HomepageTest" name="verifydocxfileSearch" time="6.29"/>
  <testcase classname="testclasses.HomepageTest" name="verifycsvfileSearch" time="6.339"/>
  <testcase classname="testclasses.HomepageTest" name="verifyFilenameSearch" time="11.647"/>
  <testcase classname="testclasses.HomepageTest" name="attributesearch" time="0.0">
    <ignored/>
  </testcase> <!-- attributesearch -->
  <testcase classname="testclasses.HomepageTest" name="verifyFileCheckboxSearch" time="0.0">
    <ignored/>
  </testcase> <!-- verifyFileCheckboxSearch -->
  <testcase classname="testclasses.HomepageTest" name="verifyFolderCheckboxSearch" time="0.0">
    <ignored/>
  </testcase> <!-- verifyFolderCheckboxSearch -->
  <testcase classname="testclasses.HomepageTest" name="contentserch" time="0.0">
    <ignored/>
  </testcase> <!-- contentserch -->
</testsuite> <!-- Alfadock Login Test -->
