<?xml version="1.0" encoding="UTF-8"?>
<!-- Generated by org.testng.reporters.JUnitXMLReporter -->
<testsuite ignored="0" hostname="Murali" failures="4" tests="19" name="Alfadock Login Test" time="210.348" errors="0" timestamp="2026-05-12T15:24:12 IST">
  <testcase classname="testclasses.HomepageTest" name="companyLogin" time="1.8"/>
  <testcase classname="testclasses.HomepageTest" name="userLogin" time="0.151"/>
  <testcase classname="testclasses.HomepageTest" name="verifyHomepage" time="4.1"/>
  <testcase classname="testclasses.HomepageTest" name="verifyfileSearch" time="10.445">
    <failure type="java.lang.NullPointerException" message="Cannot invoke &amp;quot;com.microsoft.playwright.Page.waitForLoadState()&amp;quot; because &amp;quot;viewerPage&amp;quot; is null">
      <![CDATA[java.lang.NullPointerException: Cannot invoke "com.microsoft.playwright.Page.waitForLoadState()" because "viewerPage" is null
at base.Basepage.validateViewerPage(Basepage.java:171)
at com.pageclasses.Homepage.searchfileinsearchbar(Homepage.java:110)
at testclasses.HomepageTest.verifyfileSearch(HomepageTest.java:53)
at java.base/java.util.ArrayList.forEach(ArrayList.java:1596)
... Removed 29 stack frames]]>
    </failure>
  </testcase> <!-- verifyfileSearch -->
  <testcase classname="testclasses.HomepageTest" name="verifya3dfileSearch" time="10.426"/>
  <testcase classname="testclasses.HomepageTest" name="verifya3dprtfileSearch" time="7.252"/>
  <testcase classname="testclasses.HomepageTest" name="verifyjpgfileSearch" time="8.318"/>
  <testcase classname="testclasses.HomepageTest" name="verifytiffileSearch" time="6.961"/>
  <testcase classname="testclasses.HomepageTest" name="verifydwgfileSearch" time="6.539"/>
  <testcase classname="testclasses.HomepageTest" name="verifydxfleSearch" time="7.55"/>
  <testcase classname="testclasses.HomepageTest" name="verifypptxfileSearch" time="6.342"/>
  <testcase classname="testclasses.HomepageTest" name="verifyxlsxfileSearch" time="15.079"/>
  <testcase classname="testclasses.HomepageTest" name="verifydocxfileSearch" time="6.295"/>
  <testcase classname="testclasses.HomepageTest" name="verifycsvfileSearch" time="7.472"/>
  <testcase classname="testclasses.HomepageTest" name="verifyFilenameSearch" time="14.647"/>
  <testcase classname="testclasses.HomepageTest" name="attributesearch" time="17.632">
    <failure type="java.lang.NullPointerException" message="Cannot invoke &amp;quot;com.microsoft.playwright.Page.waitForLoadState()&amp;quot; because &amp;quot;viewerPage&amp;quot; is null">
      <![CDATA[java.lang.NullPointerException: Cannot invoke "com.microsoft.playwright.Page.waitForLoadState()" because "viewerPage" is null
at base.Basepage.validateViewerPage(Basepage.java:171)
at com.pageclasses.Homepage.searchUsingFilter(Homepage.java:342)
at testclasses.HomepageTest.attributesearch(HomepageTest.java:137)
at java.base/java.util.ArrayList.forEach(ArrayList.java:1596)
... Removed 29 stack frames]]>
    </failure>
  </testcase> <!-- attributesearch -->
  <testcase classname="testclasses.HomepageTest" name="contentserch" time="13.892"/>
  <testcase classname="testclasses.HomepageTest" name="verifyFileCheckboxSearch" time="32.165">
    <failure type="com.microsoft.playwright.TimeoutError" message="Error {
  message=&amp;apos;Timeout 30000ms exceeded.
  name=&amp;apos;TimeoutError
  stack=&amp;apos;TimeoutError: Timeout 30000ms exceeded.
    at ProgressController.run (C:\Users\DELL\AppData\Local\Temp\playwright-java-17308481682878090713\package\lib\server\progress.js:78:26)
    at Frame.click (C:\Users\DELL\AppData\Local\Temp\playwright-java-17308481682878090713\package\lib\server\frames.js:1007:23)
    at FrameDispatcher.click (C:\Users\DELL\AppData\Local\Temp\playwright-java-17308481682878090713\package\lib\server\dispatchers\frameDispatcher.js:158:30)
    at FrameDispatcher._handleCommand (C:\Users\DELL\AppData\Local\Temp\playwright-java-17308481682878090713\package\lib\server\dispatchers\dispatcher.js:94:40)
    at DispatcherConnection.dispatch (C:\Users\DELL\AppData\Local\Temp\playwright-java-17308481682878090713\package\lib\server\dispatchers\dispatcher.js:361:39)
}
Call log:
- waiting for locator(&amp;quot;//p-checkbox[@value=&amp;apos;File&amp;apos;]//div[contains(@class,&amp;apos;ui-chkbox-box&amp;apos;)]&amp;quot;)
-   locator resolved to &amp;lt;div class=&amp;quot;ui-chkbox-box ui-widget ui-corner-all ui-…&amp;gt;…&amp;lt;/div&amp;gt;
- attempting click action
-   waiting for element to be visible, enabled and stable
-   element is visible, enabled and stable
-   scrolling into view if needed
-   done scrolling
-   &amp;lt;div class=&amp;quot;ui-g-4&amp;quot; _ngcontent-uws-c4=&amp;quot;&amp;quot;&amp;gt;…&amp;lt;/div&amp;gt; intercepts pointer events
- retrying click action, attempt #1
-   waiting for element to be visible, enabled and stable
-   element is visible, enabled and stable
-   scrolling into view if needed
-   done scrolling
-   &amp;lt;div class=&amp;quot;ui-g-4&amp;quot; _ngcontent-uws-c4=&amp;quot;&amp;quot;&amp;gt;…&amp;lt;/div&amp;gt; intercepts pointer events
- retrying click action, attempt #2
-   waiting 20ms
-   waiting for element to be visible, enabled and stable
-   element is visible, enabled and stable
-   scrolling into view if needed
-   done scrolling
-   &amp;lt;div class=&amp;quot;ui-g-4&amp;quot; _ngcontent-uws-c4=&amp;quot;&amp;quot;&amp;gt;…&amp;lt;/div&amp;gt; intercepts pointer events
- retrying click action, attempt #3
-   waiting 100ms
-   waiting for element to be visible, enabled and stable
-   element is visible, enabled and stable
-   scrolling into view if needed
-   done scrolling
-   &amp;lt;div class=&amp;quot;ui-g-4&amp;quot; _ngcontent-uws-c4=&amp;quot;&amp;quot;&amp;gt;…&amp;lt;/div&amp;gt; intercepts pointer events
- retrying click action, attempt #4
-   waiting 100ms
-   waiting for element to be visible, enabled and stable
-   element is visible, enabled and stable
-   scrolling into view if needed
-   done scrolling
-   &amp;lt;div class=&amp;quot;ui-g-4&amp;quot; _ngcontent-uws-c4=&amp;quot;&amp;quot;&amp;gt;…&amp;lt;/div&amp;gt; intercepts pointer events
- retrying click action, attempt #5
-   waiting 500ms
-   waiting for element to be visible, enabled and stable
-   element is visible, enabled and stable
-   scrolling into view if needed
-   done scrolling
-   &amp;lt;div class=&amp;quot;ui-g-4&amp;quot; _ngcontent-uws-c4=&amp;quot;&amp;quot;&amp;gt;…&amp;lt;/div&amp;gt; intercepts pointer events
- retrying click action, attempt #6
-   waiting 500ms
-   waiting for element to be visible, enabled and stable
-   element is visible, enabled and stable
-   scrolling into view if needed
-   done scrolling
-   &amp;lt;div class=&amp;quot;ui-g-4&amp;quot; _ngcontent-uws-c4=&amp;quot;&amp;quot;&amp;gt;…&amp;lt;/div&amp;gt; intercepts pointer events
- retrying click action, attempt #7
-   waiting 500ms
-   waiting for element to be visible, enabled and stable
-   element is visible, enabled and stable
-   scrolling into view if needed
-   done scrolling
-   &amp;lt;div class=&amp;quot;ui-g-4&amp;quot; _ngcontent-uws-c4=&amp;quot;&amp;quot;&amp;gt;…&amp;lt;/div&amp;gt; intercepts pointer events
- retrying click action, attempt #8
-   waiting 500ms
-   waiting for element to be visible, enabled and stable
-   element is visible, enabled and stable
-   scrolling into view if needed
-   done scrolling
-   &amp;lt;div class=&amp;quot;ui-g-4&amp;quot; _ngcontent-uws-c4=&amp;quot;&amp;quot;&amp;gt;…&amp;lt;/div&amp;gt; intercepts pointer events
- retrying click action, attempt #9
-   waiting 500ms
-   waiting for element to be visible, enabled and stable
-   element is visible, enabled and stable
-   scrolling into view if needed
-   done scrolling
-   &amp;lt;div class=&amp;quot;ui-g-4&amp;quot; _ngcontent-uws-c4=&amp;quot;&amp;quot;&amp;gt;…&amp;lt;/div&amp;gt; intercepts pointer events
- retrying click action, attempt #10
-   waiting 500ms
-   waiting for element to be visible, enabled and stable
-   element is visible, enabled and stable
-   scrolling into view if needed
-   done scrolling
-   &amp;lt;div class=&amp;quot;ui-g-4&amp;quot; _ngcontent-uws-c4=&amp;quot;&amp;quot;&amp;gt;…&amp;lt;/div&amp;gt; intercepts pointer events
- retrying click action, attempt #11
-   waiting 500ms
-   waiting for element to be visible, enabled and stable
-   element is visible, enabled and stable
-   scrolling into view if needed
-   done scrolling
-   &amp;lt;div class=&amp;quot;ui-g-4&amp;quot; _ngcontent-uws-c4=&amp;quot;&amp;quot;&amp;gt;…&amp;lt;/div&amp;gt; intercepts pointer events
- retrying click action, attempt #12
-   waiting 500ms
-   waiting for element to be visible, enabled and stable
-   element is visible, enabled and stable
-   scrolling into view if needed
-   done scrolling
-   &amp;lt;div class=&amp;quot;ui-g-4&amp;quot; _ngcontent-uws-c4=&amp;quot;&amp;quot;&amp;gt;…&amp;lt;/div&amp;gt; intercepts pointer events
- retrying click action, attempt #13
-   waiting 500ms
-   waiting for element to be visible, enabled and stable
-   element is visible, enabled and stable
-   scrolling into view if needed
-   done scrolling
-   &amp;lt;div class=&amp;quot;ui-g-4&amp;quot; _ngcontent-uws-c4=&amp;quot;&amp;quot;&amp;gt;…&amp;lt;/div&amp;gt; intercepts pointer events
- retrying click action, attempt #14
-   waiting 500ms
-   waiting for element to be visible, enabled and stable
-   element is visible, enabled and stable
-   scrolling into view if needed
-   done scrolling
-   &amp;lt;div class=&amp;quot;ui-g-4&amp;quot; _ngcontent-uws-c4=&amp;quot;&amp;quot;&amp;gt;…&amp;lt;/div&amp;gt; intercepts pointer events
- retrying click action, attempt #15
-   waiting 500ms
-   waiting for element to be visible, enabled and stable
-   element is visible, enabled and stable
-   scrolling into view if needed
-   done scrolling
-   &amp;lt;div class=&amp;quot;ui-g-4&amp;quot; _ngcontent-uws-c4=&amp;quot;&amp;quot;&amp;gt;…&amp;lt;/div&amp;gt; intercepts pointer events
- retrying click action, attempt #16
-   waiting 500ms
-   waiting for element to be visible, enabled and stable
-   element is visible, enabled and stable
-   scrolling into view if needed
-   done scrolling
-   &amp;lt;div class=&amp;quot;ui-g-4&amp;quot; _ngcontent-uws-c4=&amp;quot;&amp;quot;&amp;gt;…&amp;lt;/div&amp;gt; intercepts pointer events
- retrying click action, attempt #17
-   waiting 500ms
-   waiting for element to be visible, enabled and stable
-   element is visible, enabled and stable
-   scrolling into view if needed
-   done scrolling
-   &amp;lt;div class=&amp;quot;ui-g-4&amp;quot; _ngcontent-uws-c4=&amp;quot;&amp;quot;&amp;gt;…&amp;lt;/div&amp;gt; intercepts pointer events
- retrying click action, attempt #18
-   waiting 500ms
-   waiting for element to be visible, enabled and stable
-   element is visible, enabled and stable
-   scrolling into view if needed
-   done scrolling
-   &amp;lt;div class=&amp;quot;ui-g-4&amp;quot; _ngcontent-uws-c4=&amp;quot;&amp;quot;&amp;gt;…&amp;lt;/div&amp;gt; intercepts pointer events
- retrying click action, attempt #19
-   waiting 500ms
-   waiting for element to be visible, enabled and stable
-   element is visible, enabled and stable
-   scrolling into view if needed
-   done scrolling
-   &amp;lt;div class=&amp;quot;ui-g-4&amp;quot; _ngcontent-uws-c4=&amp;quot;&amp;quot;&amp;gt;…&amp;lt;/div&amp;gt; intercepts pointer events
- retrying click action, attempt #20
-   waiting 500ms
-   waiting for element to be visible, enabled and stable
-   element is visible, enabled and stable
-   scrolling into view if needed
-   done scrolling
-   &amp;lt;div class=&amp;quot;ui-g-4&amp;quot; _ngcontent-uws-c4=&amp;quot;&amp;quot;&amp;gt;…&amp;lt;/div&amp;gt; intercepts pointer events
- retrying click action, attempt #21
-   waiting 500ms
-   waiting for element to be visible, enabled and stable
-   element is visible, enabled and stable
-   scrolling into view if needed
-   done scrolling
-   &amp;lt;div class=&amp;quot;ui-g-4&amp;quot; _ngcontent-uws-c4=&amp;quot;&amp;quot;&amp;gt;…&amp;lt;/div&amp;gt; intercepts pointer events
- retrying click action, attempt #22
-   waiting 500ms
-   waiting for element to be visible, enabled and stable
-   element is visible, enabled and stable
-   scrolling into view if needed
-   done scrolling
-   &amp;lt;div class=&amp;quot;ui-g-4&amp;quot; _ngcontent-uws-c4=&amp;quot;&amp;quot;&amp;gt;…&amp;lt;/div&amp;gt; intercepts pointer events
- retrying click action, attempt #23
-   waiting 500ms
-   waiting for element to be visible, enabled and stable
-   element is visible, enabled and stable
-   scrolling into view if needed
-   done scrolling
-   &amp;lt;div class=&amp;quot;ui-g-4&amp;quot; _ngcontent-uws-c4=&amp;quot;&amp;quot;&amp;gt;…&amp;lt;/div&amp;gt; intercepts pointer events
- retrying click action, attempt #24
-   waiting 500ms
-   waiting for element to be visible, enabled and stable
-   element is visible, enabled and stable
-   scrolling into view if needed
-   done scrolling
-   &amp;lt;div class=&amp;quot;ui-g-4&amp;quot; _ngcontent-uws-c4=&amp;quot;&amp;quot;&amp;gt;…&amp;lt;/div&amp;gt; intercepts pointer events
- retrying click action, attempt #25
-   waiting 500ms
-   waiting for element to be visible, enabled and stable
-   element is visible, enabled and stable
-   scrolling into view if needed
-   done scrolling
-   &amp;lt;div class=&amp;quot;ui-g-4&amp;quot; _ngcontent-uws-c4=&amp;quot;&amp;quot;&amp;gt;…&amp;lt;/div&amp;gt; intercepts pointer events
- retrying click action, attempt #26
-   waiting 500ms
-   waiting for element to be visible, enabled and stable
-   element is visible, enabled and stable
-   scrolling into view if needed
-   done scrolling
-   &amp;lt;div class=&amp;quot;ui-g-4&amp;quot; _ngcontent-uws-c4=&amp;quot;&amp;quot;&amp;gt;…&amp;lt;/div&amp;gt; intercepts pointer events
- retrying click action, attempt #27
-   waiting 500ms
-   waiting for element to be visible, enabled and stable
-   element is visible, enabled and stable
-   scrolling into view if needed
-   done scrolling
-   &amp;lt;div class=&amp;quot;ui-g-4&amp;quot; _ngcontent-uws-c4=&amp;quot;&amp;quot;&amp;gt;…&amp;lt;/div&amp;gt; intercepts pointer events
- retrying click action, attempt #28
-   waiting 500ms
-   waiting for element to be visible, enabled and stable
-   element is visible, enabled and stable
-   scrolling into view if needed
-   done scrolling
-   &amp;lt;div class=&amp;quot;ui-g-4&amp;quot; _ngcontent-uws-c4=&amp;quot;&amp;quot;&amp;gt;…&amp;lt;/div&amp;gt; intercepts pointer events
- retrying click action, attempt #29
-   waiting 500ms
-   waiting for element to be visible, enabled and stable
-   element is visible, enabled and stable
-   scrolling into view if needed
-   done scrolling
-   &amp;lt;div class=&amp;quot;ui-g-4&amp;quot; _ngcontent-uws-c4=&amp;quot;&amp;quot;&amp;gt;…&amp;lt;/div&amp;gt; intercepts pointer events
- retrying click action, attempt #30
-   waiting 500ms
-   waiting for element to be visible, enabled and stable
-   element is visible, enabled and stable
-   scrolling into view if needed
-   done scrolling
-   &amp;lt;div class=&amp;quot;ui-g-4&amp;quot; _ngcontent-uws-c4=&amp;quot;&amp;quot;&amp;gt;…&amp;lt;/div&amp;gt; intercepts pointer events
- retrying click action, attempt #31
-   waiting 500ms
-   waiting for element to be visible, enabled and stable
-   element is visible, enabled and stable
-   scrolling into view if needed
-   done scrolling
-   &amp;lt;div class=&amp;quot;ui-g-4&amp;quot; _ngcontent-uws-c4=&amp;quot;&amp;quot;&amp;gt;…&amp;lt;/div&amp;gt; intercepts pointer events
- retrying click action, attempt #32
-   waiting 500ms
-   waiting for element to be visible, enabled and stable
-   element is visible, enabled and stable
-   scrolling into view if needed
-   done scrolling
-   &amp;lt;div class=&amp;quot;ui-g-4&amp;quot; _ngcontent-uws-c4=&amp;quot;&amp;quot;&amp;gt;…&amp;lt;/div&amp;gt; intercepts pointer events
- retrying click action, attempt #33
-   waiting 500ms
-   waiting for element to be visible, enabled and stable
-   element is visible, enabled and stable
-   scrolling into view if needed
-   done scrolling
-   &amp;lt;div class=&amp;quot;ui-g-4&amp;quot; _ngcontent-uws-c4=&amp;quot;&amp;quot;&amp;gt;…&amp;lt;/div&amp;gt; intercepts pointer events
- retrying click action, attempt #34
-   waiting 500ms
-   waiting for element to be visible, enabled and stable
-   element is visible, enabled and stable
-   scrolling into view if needed
-   done scrolling
-   &amp;lt;div class=&amp;quot;ui-g-4&amp;quot; _ngcontent-uws-c4=&amp;quot;&amp;quot;&amp;gt;…&amp;lt;/div&amp;gt; intercepts pointer events
- retrying click action, attempt #35
-   waiting 500ms
-   waiting for element to be visible, enabled and stable
-   element is visible, enabled and stable
-   scrolling into view if needed
-   done scrolling
-   &amp;lt;div class=&amp;quot;ui-g-4&amp;quot; _ngcontent-uws-c4=&amp;quot;&amp;quot;&amp;gt;…&amp;lt;/div&amp;gt; intercepts pointer events
- retrying click action, attempt #36
-   waiting 500ms
-   waiting for element to be visible, enabled and stable
-   element is visible, enabled and stable
-   scrolling into view if needed
-   done scrolling
-   &amp;lt;div class=&amp;quot;ui-g-4&amp;quot; _ngcontent-uws-c4=&amp;quot;&amp;quot;&amp;gt;…&amp;lt;/div&amp;gt; intercepts pointer events
- retrying click action, attempt #37
-   waiting 500ms
-   waiting for element to be visible, enabled and stable
-   element is visible, enabled and stable
-   scrolling into view if needed
-   done scrolling
-   &amp;lt;div class=&amp;quot;ui-g-4&amp;quot; _ngcontent-uws-c4=&amp;quot;&amp;quot;&amp;gt;…&amp;lt;/div&amp;gt; intercepts pointer events
- retrying click action, attempt #38
-   waiting 500ms
-   waiting for element to be visible, enabled and stable
-   element is visible, enabled and stable
-   scrolling into view if needed
-   done scrolling
-   &amp;lt;div class=&amp;quot;ui-g-4&amp;quot; _ngcontent-uws-c4=&amp;quot;&amp;quot;&amp;gt;…&amp;lt;/div&amp;gt; intercepts pointer events
- retrying click action, attempt #39
-   waiting 500ms
-   waiting for element to be visible, enabled and stable
-   element is visible, enabled and stable
-   scrolling into view if needed
-   done scrolling
-   &amp;lt;div class=&amp;quot;ui-g-4&amp;quot; _ngcontent-uws-c4=&amp;quot;&amp;quot;&amp;gt;…&amp;lt;/div&amp;gt; intercepts pointer events
- retrying click action, attempt #40
-   waiting 500ms
-   waiting for element to be visible, enabled and stable
-   element is visible, enabled and stable
-   scrolling into view if needed
-   done scrolling
-   &amp;lt;div class=&amp;quot;ui-g-4&amp;quot; _ngcontent-uws-c4=&amp;quot;&amp;quot;&amp;gt;…&amp;lt;/div&amp;gt; intercepts pointer events
- retrying click action, attempt #41
-   waiting 500ms
-   waiting for element to be visible, enabled and stable
-   element is visible, enabled and stable
-   scrolling into view if needed
-   done scrolling
-   &amp;lt;div class=&amp;quot;ui-g-4&amp;quot; _ngcontent-uws-c4=&amp;quot;&amp;quot;&amp;gt;…&amp;lt;/div&amp;gt; intercepts pointer events
- retrying click action, attempt #42
-   waiting 500ms
-   waiting for element to be visible, enabled and stable
-   element is visible, enabled and stable
-   scrolling into view if needed
-   done scrolling
-   &amp;lt;div class=&amp;quot;ui-g-4&amp;quot; _ngcontent-uws-c4=&amp;quot;&amp;quot;&amp;gt;…&amp;lt;/div&amp;gt; intercepts pointer events
- retrying click action, attempt #43
-   waiting 500ms
-   waiting for element to be visible, enabled and stable
-   element is visible, enabled and stable
-   scrolling into view if needed
-   done scrolling
-   &amp;lt;div class=&amp;quot;ui-g-4&amp;quot; _ngcontent-uws-c4=&amp;quot;&amp;quot;&amp;gt;…&amp;lt;/div&amp;gt; intercepts pointer events
- retrying click action, attempt #44
-   waiting 500ms
-   waiting for element to be visible, enabled and stable
-   element is visible, enabled and stable
-   scrolling into view if needed
-   done scrolling
-   &amp;lt;div class=&amp;quot;ui-g-4&amp;quot; _ngcontent-uws-c4=&amp;quot;&amp;quot;&amp;gt;…&amp;lt;/div&amp;gt; intercepts pointer events
- retrying click action, attempt #45
-   waiting 500ms
-   waiting for element to be visible, enabled and stable
-   element is visible, enabled and stable
-   scrolling into view if needed
-   done scrolling
-   &amp;lt;div class=&amp;quot;ui-g-4&amp;quot; _ngcontent-uws-c4=&amp;quot;&amp;quot;&amp;gt;…&amp;lt;/div&amp;gt; intercepts pointer events
- retrying click action, attempt #46
-   waiting 500ms
-   waiting for element to be visible, enabled and stable
-   element is visible, enabled and stable
-   scrolling into view if needed
-   done scrolling
-   &amp;lt;div class=&amp;quot;ui-g-4&amp;quot; _ngcontent-uws-c4=&amp;quot;&amp;quot;&amp;gt;…&amp;lt;/div&amp;gt; intercepts pointer events
- retrying click action, attempt #47
-   waiting 500ms
-   waiting for element to be visible, enabled and stable
-   element is visible, enabled and stable
-   scrolling into view if needed
-   done scrolling
-   &amp;lt;div class=&amp;quot;ui-g-4&amp;quot; _ngcontent-uws-c4=&amp;quot;&amp;quot;&amp;gt;…&amp;lt;/div&amp;gt; intercepts pointer events
- retrying click action, attempt #48
-   waiting 500ms
-   waiting for element to be visible, enabled and stable
-   element is visible, enabled and stable
-   scrolling into view if needed
-   done scrolling
-   &amp;lt;div class=&amp;quot;ui-g-4&amp;quot; _ngcontent-uws-c4=&amp;quot;&amp;quot;&amp;gt;…&amp;lt;/div&amp;gt; intercepts pointer events
- retrying click action, attempt #49
-   waiting 500ms
-   waiting for element to be visible, enabled and stable
-   element is visible, enabled and stable
-   scrolling into view if needed
-   done scrolling
-   &amp;lt;div class=&amp;quot;ui-g-4&amp;quot; _ngcontent-uws-c4=&amp;quot;&amp;quot;&amp;gt;…&amp;lt;/div&amp;gt; intercepts pointer events
- retrying click action, attempt #50
-   waiting 500ms
-   waiting for element to be visible, enabled and stable
-   element is visible, enabled and stable
-   scrolling into view if needed
-   done scrolling
-   &amp;lt;div class=&amp;quot;ui-g-4&amp;quot; _ngcontent-uws-c4=&amp;quot;&amp;quot;&amp;gt;…&amp;lt;/div&amp;gt; intercepts pointer events
- retrying click action, attempt #51
-   waiting 500ms
-   waiting for element to be visible, enabled and stable
-   element is visible, enabled and stable
-   scrolling into view if needed
-   done scrolling
-   &amp;lt;div class=&amp;quot;ui-g-4&amp;quot; _ngcontent-uws-c4=&amp;quot;&amp;quot;&amp;gt;…&amp;lt;/div&amp;gt; intercepts pointer events
- retrying click action, attempt #52
-   waiting 500ms
-   waiting for element to be visible, enabled and stable
-   element is visible, enabled and stable
-   scrolling into view if needed
-   done scrolling
-   &amp;lt;div class=&amp;quot;ui-g-4&amp;quot; _ngcontent-uws-c4=&amp;quot;&amp;quot;&amp;gt;…&amp;lt;/div&amp;gt; intercepts pointer events
- retrying click action, attempt #53
-   waiting 500ms
-   waiting for element to be visible, enabled and stable
-   element is visible, enabled and stable
-   scrolling into view if needed
-   done scrolling
-   &amp;lt;div class=&amp;quot;ui-g-4&amp;quot; _ngcontent-uws-c4=&amp;quot;&amp;quot;&amp;gt;…&amp;lt;/div&amp;gt; intercepts pointer events
- retrying click action, attempt #54
-   waiting 500ms
-   waiting for element to be visible, enabled and stable
-   element is visible, enabled and stable
-   scrolling into view if needed
-   done scrolling
-   &amp;lt;div class=&amp;quot;ui-g-4&amp;quot; _ngcontent-uws-c4=&amp;quot;&amp;quot;&amp;gt;…&amp;lt;/div&amp;gt; intercepts pointer events
- retrying click action, attempt #55
-   waiting 500ms
-   waiting for element to be visible, enabled and stable
-   element is visible, enabled and stable
-   scrolling into view if needed
-   done scrolling
-   &amp;lt;div class=&amp;quot;ui-g-4&amp;quot; _ngcontent-uws-c4=&amp;quot;&amp;quot;&amp;gt;…&amp;lt;/div&amp;gt; intercepts pointer events
- retrying click action, attempt #56
-   waiting 500ms
-   waiting for element to be visible, enabled and stable
-   element is visible, enabled and stable
-   scrolling into view if needed
-   done scrolling
-   &amp;lt;div class=&amp;quot;ui-g-4&amp;quot; _ngcontent-uws-c4=&amp;quot;&amp;quot;&amp;gt;…&amp;lt;/div&amp;gt; intercepts pointer events
- retrying click action, attempt #57
-   waiting 500ms
-   waiting for element to be visible, enabled and stable
-   element is visible, enabled and stable
-   scrolling into view if needed
-   done scrolling
-   &amp;lt;div class=&amp;quot;ui-g-4&amp;quot; _ngcontent-uws-c4=&amp;quot;&amp;quot;&amp;gt;…&amp;lt;/div&amp;gt; intercepts pointer events
- retrying click action, attempt #58
-   waiting 500ms
-   waiting for element to be visible, enabled and stable
-   element is visible, enabled and stable
-   scrolling into view if needed
-   done scrolling
-   &amp;lt;div class=&amp;quot;ui-g-4&amp;quot; _ngcontent-uws-c4=&amp;quot;&amp;quot;&amp;gt;…&amp;lt;/div&amp;gt; intercepts pointer events
- retrying click action, attempt #59
-   waiting 500ms
-   waiting for element to be visible, enabled and stable
-   element is visible, enabled and stable
-   scrolling into view if needed
-   done scrolling
-   &amp;lt;div class=&amp;quot;ui-g-4&amp;quot; _ngcontent-uws-c4=&amp;quot;&amp;quot;&amp;gt;…&amp;lt;/div&amp;gt; intercepts pointer events
- retrying click action, attempt #60
-   waiting 500ms
">
      <![CDATA[com.microsoft.playwright.TimeoutError: Error {
  message='Timeout 30000ms exceeded.
  name='TimeoutError
  stack='TimeoutError: Timeout 30000ms exceeded.
    at ProgressController.run (C:\Users\DELL\AppData\Local\Temp\playwright-java-17308481682878090713\package\lib\server\progress.js:78:26)
    at Frame.click (C:\Users\DELL\AppData\Local\Temp\playwright-java-17308481682878090713\package\lib\server\frames.js:1007:23)
    at FrameDispatcher.click (C:\Users\DELL\AppData\Local\Temp\playwright-java-17308481682878090713\package\lib\server\dispatchers\frameDispatcher.js:158:30)
    at FrameDispatcher._handleCommand (C:\Users\DELL\AppData\Local\Temp\playwright-java-17308481682878090713\package\lib\server\dispatchers\dispatcher.js:94:40)
    at DispatcherConnection.dispatch (C:\Users\DELL\AppData\Local\Temp\playwright-java-17308481682878090713\package\lib\server\dispatchers\dispatcher.js:361:39)
}
Call log:
- waiting for locator("//p-checkbox[@value='File']//div[contains(@class,'ui-chkbox-box')]")
-   locator resolved to <div class="ui-chkbox-box ui-widget ui-corner-all ui-…>…</div>
- attempting click action
-   waiting for element to be visible, enabled and stable
-   element is visible, enabled and stable
-   scrolling into view if needed
-   done scrolling
-   <div class="ui-g-4" _ngcontent-uws-c4="">…</div> intercepts pointer events
- retrying click action, attempt #1
-   waiting for element to be visible, enabled and stable
-   element is visible, enabled and stable
-   scrolling into view if needed
-   done scrolling
-   <div class="ui-g-4" _ngcontent-uws-c4="">…</div> intercepts pointer events
- retrying click action, attempt #2
-   waiting 20ms
-   waiting for element to be visible, enabled and stable
-   element is visible, enabled and stable
-   scrolling into view if needed
-   done scrolling
-   <div class="ui-g-4" _ngcontent-uws-c4="">…</div> intercepts pointer events
- retrying click action, attempt #3
-   waiting 100ms
-   waiting for element to be visible, enabled and stable
-   element is visible, enabled and stable
-   scrolling into view if needed
-   done scrolling
-   <div class="ui-g-4" _ngcontent-uws-c4="">…</div> intercepts pointer events
- retrying click action, attempt #4
-   waiting 100ms
-   waiting for element to be visible, enabled and stable
-   element is visible, enabled and stable
-   scrolling into view if needed
-   done scrolling
-   <div class="ui-g-4" _ngcontent-uws-c4="">…</div> intercepts pointer events
- retrying click action, attempt #5
-   waiting 500ms
-   waiting for element to be visible, enabled and stable
-   element is visible, enabled and stable
-   scrolling into view if needed
-   done scrolling
-   <div class="ui-g-4" _ngcontent-uws-c4="">…</div> intercepts pointer events
- retrying click action, attempt #6
-   waiting 500ms
-   waiting for element to be visible, enabled and stable
-   element is visible, enabled and stable
-   scrolling into view if needed
-   done scrolling
-   <div class="ui-g-4" _ngcontent-uws-c4="">…</div> intercepts pointer events
- retrying click action, attempt #7
-   waiting 500ms
-   waiting for element to be visible, enabled and stable
-   element is visible, enabled and stable
-   scrolling into view if needed
-   done scrolling
-   <div class="ui-g-4" _ngcontent-uws-c4="">…</div> intercepts pointer events
- retrying click action, attempt #8
-   waiting 500ms
-   waiting for element to be visible, enabled and stable
-   element is visible, enabled and stable
-   scrolling into view if needed
-   done scrolling
-   <div class="ui-g-4" _ngcontent-uws-c4="">…</div> intercepts pointer events
- retrying click action, attempt #9
-   waiting 500ms
-   waiting for element to be visible, enabled and stable
-   element is visible, enabled and stable
-   scrolling into view if needed
-   done scrolling
-   <div class="ui-g-4" _ngcontent-uws-c4="">…</div> intercepts pointer events
- retrying click action, attempt #10
-   waiting 500ms
-   waiting for element to be visible, enabled and stable
-   element is visible, enabled and stable
-   scrolling into view if needed
-   done scrolling
-   <div class="ui-g-4" _ngcontent-uws-c4="">…</div> intercepts pointer events
- retrying click action, attempt #11
-   waiting 500ms
-   waiting for element to be visible, enabled and stable
-   element is visible, enabled and stable
-   scrolling into view if needed
-   done scrolling
-   <div class="ui-g-4" _ngcontent-uws-c4="">…</div> intercepts pointer events
- retrying click action, attempt #12
-   waiting 500ms
-   waiting for element to be visible, enabled and stable
-   element is visible, enabled and stable
-   scrolling into view if needed
-   done scrolling
-   <div class="ui-g-4" _ngcontent-uws-c4="">…</div> intercepts pointer events
- retrying click action, attempt #13
-   waiting 500ms
-   waiting for element to be visible, enabled and stable
-   element is visible, enabled and stable
-   scrolling into view if needed
-   done scrolling
-   <div class="ui-g-4" _ngcontent-uws-c4="">…</div> intercepts pointer events
- retrying click action, attempt #14
-   waiting 500ms
-   waiting for element to be visible, enabled and stable
-   element is visible, enabled and stable
-   scrolling into view if needed
-   done scrolling
-   <div class="ui-g-4" _ngcontent-uws-c4="">…</div> intercepts pointer events
- retrying click action, attempt #15
-   waiting 500ms
-   waiting for element to be visible, enabled and stable
-   element is visible, enabled and stable
-   scrolling into view if needed
-   done scrolling
-   <div class="ui-g-4" _ngcontent-uws-c4="">…</div> intercepts pointer events
- retrying click action, attempt #16
-   waiting 500ms
-   waiting for element to be visible, enabled and stable
-   element is visible, enabled and stable
-   scrolling into view if needed
-   done scrolling
-   <div class="ui-g-4" _ngcontent-uws-c4="">…</div> intercepts pointer events
- retrying click action, attempt #17
-   waiting 500ms
-   waiting for element to be visible, enabled and stable
-   element is visible, enabled and stable
-   scrolling into view if needed
-   done scrolling
-   <div class="ui-g-4" _ngcontent-uws-c4="">…</div> intercepts pointer events
- retrying click action, attempt #18
-   waiting 500ms
-   waiting for element to be visible, enabled and stable
-   element is visible, enabled and stable
-   scrolling into view if needed
-   done scrolling
-   <div class="ui-g-4" _ngcontent-uws-c4="">…</div> intercepts pointer events
- retrying click action, attempt #19
-   waiting 500ms
-   waiting for element to be visible, enabled and stable
-   element is visible, enabled and stable
-   scrolling into view if needed
-   done scrolling
-   <div class="ui-g-4" _ngcontent-uws-c4="">…</div> intercepts pointer events
- retrying click action, attempt #20
-   waiting 500ms
-   waiting for element to be visible, enabled and stable
-   element is visible, enabled and stable
-   scrolling into view if needed
-   done scrolling
-   <div class="ui-g-4" _ngcontent-uws-c4="">…</div> intercepts pointer events
- retrying click action, attempt #21
-   waiting 500ms
-   waiting for element to be visible, enabled and stable
-   element is visible, enabled and stable
-   scrolling into view if needed
-   done scrolling
-   <div class="ui-g-4" _ngcontent-uws-c4="">…</div> intercepts pointer events
- retrying click action, attempt #22
-   waiting 500ms
-   waiting for element to be visible, enabled and stable
-   element is visible, enabled and stable
-   scrolling into view if needed
-   done scrolling
-   <div class="ui-g-4" _ngcontent-uws-c4="">…</div> intercepts pointer events
- retrying click action, attempt #23
-   waiting 500ms
-   waiting for element to be visible, enabled and stable
-   element is visible, enabled and stable
-   scrolling into view if needed
-   done scrolling
-   <div class="ui-g-4" _ngcontent-uws-c4="">…</div> intercepts pointer events
- retrying click action, attempt #24
-   waiting 500ms
-   waiting for element to be visible, enabled and stable
-   element is visible, enabled and stable
-   scrolling into view if needed
-   done scrolling
-   <div class="ui-g-4" _ngcontent-uws-c4="">…</div> intercepts pointer events
- retrying click action, attempt #25
-   waiting 500ms
-   waiting for element to be visible, enabled and stable
-   element is visible, enabled and stable
-   scrolling into view if needed
-   done scrolling
-   <div class="ui-g-4" _ngcontent-uws-c4="">…</div> intercepts pointer events
- retrying click action, attempt #26
-   waiting 500ms
-   waiting for element to be visible, enabled and stable
-   element is visible, enabled and stable
-   scrolling into view if needed
-   done scrolling
-   <div class="ui-g-4" _ngcontent-uws-c4="">…</div> intercepts pointer events
- retrying click action, attempt #27
-   waiting 500ms
-   waiting for element to be visible, enabled and stable
-   element is visible, enabled and stable
-   scrolling into view if needed
-   done scrolling
-   <div class="ui-g-4" _ngcontent-uws-c4="">…</div> intercepts pointer events
- retrying click action, attempt #28
-   waiting 500ms
-   waiting for element to be visible, enabled and stable
-   element is visible, enabled and stable
-   scrolling into view if needed
-   done scrolling
-   <div class="ui-g-4" _ngcontent-uws-c4="">…</div> intercepts pointer events
- retrying click action, attempt #29
-   waiting 500ms
-   waiting for element to be visible, enabled and stable
-   element is visible, enabled and stable
-   scrolling into view if needed
-   done scrolling
-   <div class="ui-g-4" _ngcontent-uws-c4="">…</div> intercepts pointer events
- retrying click action, attempt #30
-   waiting 500ms
-   waiting for element to be visible, enabled and stable
-   element is visible, enabled and stable
-   scrolling into view if needed
-   done scrolling
-   <div class="ui-g-4" _ngcontent-uws-c4="">…</div> intercepts pointer events
- retrying click action, attempt #31
-   waiting 500ms
-   waiting for element to be visible, enabled and stable
-   element is visible, enabled and stable
-   scrolling into view if needed
-   done scrolling
-   <div class="ui-g-4" _ngcontent-uws-c4="">…</div> intercepts pointer events
- retrying click action, attempt #32
-   waiting 500ms
-   waiting for element to be visible, enabled and stable
-   element is visible, enabled and stable
-   scrolling into view if needed
-   done scrolling
-   <div class="ui-g-4" _ngcontent-uws-c4="">…</div> intercepts pointer events
- retrying click action, attempt #33
-   waiting 500ms
-   waiting for element to be visible, enabled and stable
-   element is visible, enabled and stable
-   scrolling into view if needed
-   done scrolling
-   <div class="ui-g-4" _ngcontent-uws-c4="">…</div> intercepts pointer events
- retrying click action, attempt #34
-   waiting 500ms
-   waiting for element to be visible, enabled and stable
-   element is visible, enabled and stable
-   scrolling into view if needed
-   done scrolling
-   <div class="ui-g-4" _ngcontent-uws-c4="">…</div> intercepts pointer events
- retrying click action, attempt #35
-   waiting 500ms
-   waiting for element to be visible, enabled and stable
-   element is visible, enabled and stable
-   scrolling into view if needed
-   done scrolling
-   <div class="ui-g-4" _ngcontent-uws-c4="">…</div> intercepts pointer events
- retrying click action, attempt #36
-   waiting 500ms
-   waiting for element to be visible, enabled and stable
-   element is visible, enabled and stable
-   scrolling into view if needed
-   done scrolling
-   <div class="ui-g-4" _ngcontent-uws-c4="">…</div> intercepts pointer events
- retrying click action, attempt #37
-   waiting 500ms
-   waiting for element to be visible, enabled and stable
-   element is visible, enabled and stable
-   scrolling into view if needed
-   done scrolling
-   <div class="ui-g-4" _ngcontent-uws-c4="">…</div> intercepts pointer events
- retrying click action, attempt #38
-   waiting 500ms
-   waiting for element to be visible, enabled and stable
-   element is visible, enabled and stable
-   scrolling into view if needed
-   done scrolling
-   <div class="ui-g-4" _ngcontent-uws-c4="">…</div> intercepts pointer events
- retrying click action, attempt #39
-   waiting 500ms
-   waiting for element to be visible, enabled and stable
-   element is visible, enabled and stable
-   scrolling into view if needed
-   done scrolling
-   <div class="ui-g-4" _ngcontent-uws-c4="">…</div> intercepts pointer events
- retrying click action, attempt #40
-   waiting 500ms
-   waiting for element to be visible, enabled and stable
-   element is visible, enabled and stable
-   scrolling into view if needed
-   done scrolling
-   <div class="ui-g-4" _ngcontent-uws-c4="">…</div> intercepts pointer events
- retrying click action, attempt #41
-   waiting 500ms
-   waiting for element to be visible, enabled and stable
-   element is visible, enabled and stable
-   scrolling into view if needed
-   done scrolling
-   <div class="ui-g-4" _ngcontent-uws-c4="">…</div> intercepts pointer events
- retrying click action, attempt #42
-   waiting 500ms
-   waiting for element to be visible, enabled and stable
-   element is visible, enabled and stable
-   scrolling into view if needed
-   done scrolling
-   <div class="ui-g-4" _ngcontent-uws-c4="">…</div> intercepts pointer events
- retrying click action, attempt #43
-   waiting 500ms
-   waiting for element to be visible, enabled and stable
-   element is visible, enabled and stable
-   scrolling into view if needed
-   done scrolling
-   <div class="ui-g-4" _ngcontent-uws-c4="">…</div> intercepts pointer events
- retrying click action, attempt #44
-   waiting 500ms
-   waiting for element to be visible, enabled and stable
-   element is visible, enabled and stable
-   scrolling into view if needed
-   done scrolling
-   <div class="ui-g-4" _ngcontent-uws-c4="">…</div> intercepts pointer events
- retrying click action, attempt #45
-   waiting 500ms
-   waiting for element to be visible, enabled and stable
-   element is visible, enabled and stable
-   scrolling into view if needed
-   done scrolling
-   <div class="ui-g-4" _ngcontent-uws-c4="">…</div> intercepts pointer events
- retrying click action, attempt #46
-   waiting 500ms
-   waiting for element to be visible, enabled and stable
-   element is visible, enabled and stable
-   scrolling into view if needed
-   done scrolling
-   <div class="ui-g-4" _ngcontent-uws-c4="">…</div> intercepts pointer events
- retrying click action, attempt #47
-   waiting 500ms
-   waiting for element to be visible, enabled and stable
-   element is visible, enabled and stable
-   scrolling into view if needed
-   done scrolling
-   <div class="ui-g-4" _ngcontent-uws-c4="">…</div> intercepts pointer events
- retrying click action, attempt #48
-   waiting 500ms
-   waiting for element to be visible, enabled and stable
-   element is visible, enabled and stable
-   scrolling into view if needed
-   done scrolling
-   <div class="ui-g-4" _ngcontent-uws-c4="">…</div> intercepts pointer events
- retrying click action, attempt #49
-   waiting 500ms
-   waiting for element to be visible, enabled and stable
-   element is visible, enabled and stable
-   scrolling into view if needed
-   done scrolling
-   <div class="ui-g-4" _ngcontent-uws-c4="">…</div> intercepts pointer events
- retrying click action, attempt #50
-   waiting 500ms
-   waiting for element to be visible, enabled and stable
-   element is visible, enabled and stable
-   scrolling into view if needed
-   done scrolling
-   <div class="ui-g-4" _ngcontent-uws-c4="">…</div> intercepts pointer events
- retrying click action, attempt #51
-   waiting 500ms
-   waiting for element to be visible, enabled and stable
-   element is visible, enabled and stable
-   scrolling into view if needed
-   done scrolling
-   <div class="ui-g-4" _ngcontent-uws-c4="">…</div> intercepts pointer events
- retrying click action, attempt #52
-   waiting 500ms
-   waiting for element to be visible, enabled and stable
-   element is visible, enabled and stable
-   scrolling into view if needed
-   done scrolling
-   <div class="ui-g-4" _ngcontent-uws-c4="">…</div> intercepts pointer events
- retrying click action, attempt #53
-   waiting 500ms
-   waiting for element to be visible, enabled and stable
-   element is visible, enabled and stable
-   scrolling into view if needed
-   done scrolling
-   <div class="ui-g-4" _ngcontent-uws-c4="">…</div> intercepts pointer events
- retrying click action, attempt #54
-   waiting 500ms
-   waiting for element to be visible, enabled and stable
-   element is visible, enabled and stable
-   scrolling into view if needed
-   done scrolling
-   <div class="ui-g-4" _ngcontent-uws-c4="">…</div> intercepts pointer events
- retrying click action, attempt #55
-   waiting 500ms
-   waiting for element to be visible, enabled and stable
-   element is visible, enabled and stable
-   scrolling into view if needed
-   done scrolling
-   <div class="ui-g-4" _ngcontent-uws-c4="">…</div> intercepts pointer events
- retrying click action, attempt #56
-   waiting 500ms
-   waiting for element to be visible, enabled and stable
-   element is visible, enabled and stable
-   scrolling into view if needed
-   done scrolling
-   <div class="ui-g-4" _ngcontent-uws-c4="">…</div> intercepts pointer events
- retrying click action, attempt #57
-   waiting 500ms
-   waiting for element to be visible, enabled and stable
-   element is visible, enabled and stable
-   scrolling into view if needed
-   done scrolling
-   <div class="ui-g-4" _ngcontent-uws-c4="">…</div> intercepts pointer events
- retrying click action, attempt #58
-   waiting 500ms
-   waiting for element to be visible, enabled and stable
-   element is visible, enabled and stable
-   scrolling into view if needed
-   done scrolling
-   <div class="ui-g-4" _ngcontent-uws-c4="">…</div> intercepts pointer events
- retrying click action, attempt #59
-   waiting 500ms
-   waiting for element to be visible, enabled and stable
-   element is visible, enabled and stable
-   scrolling into view if needed
-   done scrolling
-   <div class="ui-g-4" _ngcontent-uws-c4="">…</div> intercepts pointer events
- retrying click action, attempt #60
-   waiting 500ms

at com.microsoft.playwright.impl.WaitableResult.get(WaitableResult.java:52)
at com.microsoft.playwright.impl.ChannelOwner.runUntil(ChannelOwner.java:120)
at com.microsoft.playwright.impl.Connection.sendMessage(Connection.java:130)
at com.microsoft.playwright.impl.ChannelOwner.sendMessage(ChannelOwner.java:106)
at com.microsoft.playwright.impl.FrameImpl.clickImpl(FrameImpl.java:252)
at com.microsoft.playwright.impl.FrameImpl.lambda$click$8(FrameImpl.java:243)
at com.microsoft.playwright.impl.LoggingSupport.lambda$withLogging$0(LoggingSupport.java:36)
at com.microsoft.playwright.impl.LoggingSupport.withLogging(LoggingSupport.java:47)
at com.microsoft.playwright.impl.ChannelOwner.withLogging(ChannelOwner.java:89)
at com.microsoft.playwright.impl.LoggingSupport.withLogging(LoggingSupport.java:35)
at com.microsoft.playwright.impl.FrameImpl.click(FrameImpl.java:243)
at com.microsoft.playwright.impl.LocatorImpl.click(LocatorImpl.java:160)
at com.microsoft.playwright.Locator.click(Locator.java:2468)
at com.pageclasses.Homepage.selectFileCheckboxInSearchDropdown(Homepage.java:439)
at com.pageclasses.Homepage.searchUsingFileInSearchDropdown(Homepage.java:369)
at testclasses.HomepageTest.verifyFileCheckboxSearch(HomepageTest.java:151)
at java.base/java.util.ArrayList.forEach(ArrayList.java:1596)
Caused by: com.microsoft.playwright.TimeoutError: Error {
  message='Timeout 30000ms exceeded.
  name='TimeoutError
  stack='TimeoutError: Timeout 30000ms exceeded.
    at ProgressController.run (C:\Users\DELL\AppData\Local\Temp\playwright-java-17308481682878090713\package\lib\server\progress.js:78:26)
    at Frame.click (C:\Users\DELL\AppData\Local\Temp\playwright-java-17308481682878090713\package\lib\server\frames.js:1007:23)
    at FrameDispatcher.click (C:\Users\DELL\AppData\Local\Temp\playwright-java-17308481682878090713\package\lib\server\dispatchers\frameDispatcher.js:158:30)
    at FrameDispatcher._handleCommand (C:\Users\DELL\AppData\Local\Temp\playwright-java-17308481682878090713\package\lib\server\dispatchers\dispatcher.js:94:40)
    at DispatcherConnection.dispatch (C:\Users\DELL\AppData\Local\Temp\playwright-java-17308481682878090713\package\lib\server\dispatchers\dispatcher.js:361:39)
}
Call log:
- waiting for locator("//p-checkbox[@value='File']//div[contains(@class,'ui-chkbox-box')]")
-   locator resolved to <div class="ui-chkbox-box ui-widget ui-corner-all ui-…>…</div>
- attempting click action
-   waiting for element to be visible, enabled and stable
-   element is visible, enabled and stable
-   scrolling into view if needed
-   done scrolling
-   <div class="ui-g-4" _ngcontent-uws-c4="">…</div> intercepts pointer events
- retrying click action, attempt #1
-   waiting for element to be visible, enabled and stable
-   element is visible, enabled and stable
-   scrolling into view if needed
-   done scrolling
-   <div class="ui-g-4" _ngcontent-uws-c4="">…</div> intercepts pointer events
- retrying click action, attempt #2
-   waiting 20ms
-   waiting for element to be visible, enabled and stable
-   element is visible, enabled and stable
-   scrolling into view if needed
-   done scrolling
-   <div class="ui-g-4" _ngcontent-uws-c4="">…</div> intercepts pointer events
- retrying click action, attempt #3
-   waiting 100ms
-   waiting for element to be visible, enabled and stable
-   element is visible, enabled and stable
-   scrolling into view if needed
-   done scrolling
-   <div class="ui-g-4" _ngcontent-uws-c4="">…</div> intercepts pointer events
- retrying click action, attempt #4
-   waiting 100ms
-   waiting for element to be visible, enabled and stable
-   element is visible, enabled and stable
-   scrolling into view if needed
-   done scrolling
-   <div class="ui-g-4" _ngcontent-uws-c4="">…</div> intercepts pointer events
- retrying click action, attempt #5
-   waiting 500ms
-   waiting for element to be visible, enabled and stable
-   element is visible, enabled and stable
-   scrolling into view if needed
-   done scrolling
-   <div class="ui-g-4" _ngcontent-uws-c4="">…</div> intercepts pointer events
- retrying click action, attempt #6
-   waiting 500ms
-   waiting for element to be visible, enabled and stable
-   element is visible, enabled and stable
-   scrolling into view if needed
-   done scrolling
-   <div class="ui-g-4" _ngcontent-uws-c4="">…</div> intercepts pointer events
- retrying click action, attempt #7
-   waiting 500ms
-   waiting for element to be visible, enabled and stable
-   element is visible, enabled and stable
-   scrolling into view if needed
-   done scrolling
-   <div class="ui-g-4" _ngcontent-uws-c4="">…</div> intercepts pointer events
- retrying click action, attempt #8
-   waiting 500ms
-   waiting for element to be visible, enabled and stable
-   element is visible, enabled and stable
-   scrolling into view if needed
-   done scrolling
-   <div class="ui-g-4" _ngcontent-uws-c4="">…</div> intercepts pointer events
- retrying click action, attempt #9
-   waiting 500ms
-   waiting for element to be visible, enabled and stable
-   element is visible, enabled and stable
-   scrolling into view if needed
-   done scrolling
-   <div class="ui-g-4" _ngcontent-uws-c4="">…</div> intercepts pointer events
- retrying click action, attempt #10
-   waiting 500ms
-   waiting for element to be visible, enabled and stable
-   element is visible, enabled and stable
-   scrolling into view if needed
-   done scrolling
-   <div class="ui-g-4" _ngcontent-uws-c4="">…</div> intercepts pointer events
- retrying click action, attempt #11
-   waiting 500ms
-   waiting for element to be visible, enabled and stable
-   element is visible, enabled and stable
-   scrolling into view if needed
-   done scrolling
-   <div class="ui-g-4" _ngcontent-uws-c4="">…</div> intercepts pointer events
- retrying click action, attempt #12
-   waiting 500ms
-   waiting for element to be visible, enabled and stable
-   element is visible, enabled and stable
-   scrolling into view if needed
-   done scrolling
-   <div class="ui-g-4" _ngcontent-uws-c4="">…</div> intercepts pointer events
- retrying click action, attempt #13
-   waiting 500ms
-   waiting for element to be visible, enabled and stable
-   element is visible, enabled and stable
-   scrolling into view if needed
-   done scrolling
-   <div class="ui-g-4" _ngcontent-uws-c4="">…</div> intercepts pointer events
- retrying click action, attempt #14
-   waiting 500ms
-   waiting for element to be visible, enabled and stable
-   element is visible, enabled and stable
-   scrolling into view if needed
-   done scrolling
-   <div class="ui-g-4" _ngcontent-uws-c4="">…</div> intercepts pointer events
- retrying click action, attempt #15
-   waiting 500ms
-   waiting for element to be visible, enabled and stable
-   element is visible, enabled and stable
-   scrolling into view if needed
-   done scrolling
-   <div class="ui-g-4" _ngcontent-uws-c4="">…</div> intercepts pointer events
- retrying click action, attempt #16
-   waiting 500ms
-   waiting for element to be visible, enabled and stable
-   element is visible, enabled and stable
-   scrolling into view if needed
-   done scrolling
-   <div class="ui-g-4" _ngcontent-uws-c4="">…</div> intercepts pointer events
- retrying click action, attempt #17
-   waiting 500ms
-   waiting for element to be visible, enabled and stable
-   element is visible, enabled and stable
-   scrolling into view if needed
-   done scrolling
-   <div class="ui-g-4" _ngcontent-uws-c4="">…</div> intercepts pointer events
- retrying click action, attempt #18
-   waiting 500ms
-   waiting for element to be visible, enabled and stable
-   element is visible, enabled and stable
-   scrolling into view if needed
-   done scrolling
-   <div class="ui-g-4" _ngcontent-uws-c4="">…</div> intercepts pointer events
- retrying click action, attempt #19
-   waiting 500ms
-   waiting for element to be visible, enabled and stable
-   element is visible, enabled and stable
-   scrolling into view if needed
-   done scrolling
-   <div class="ui-g-4" _ngcontent-uws-c4="">…</div> intercepts pointer events
- retrying click action, attempt #20
-   waiting 500ms
-   waiting for element to be visible, enabled and stable
-   element is visible, enabled and stable
-   scrolling into view if needed
-   done scrolling
-   <div class="ui-g-4" _ngcontent-uws-c4="">…</div> intercepts pointer events
- retrying click action, attempt #21
-   waiting 500ms
-   waiting for element to be visible, enabled and stable
-   element is visible, enabled and stable
-   scrolling into view if needed
-   done scrolling
-   <div class="ui-g-4" _ngcontent-uws-c4="">…</div> intercepts pointer events
- retrying click action, attempt #22
-   waiting 500ms
-   waiting for element to be visible, enabled and stable
-   element is visible, enabled and stable
-   scrolling into view if needed
-   done scrolling
-   <div class="ui-g-4" _ngcontent-uws-c4="">…</div> intercepts pointer events
- retrying click action, attempt #23
-   waiting 500ms
-   waiting for element to be visible, enabled and stable
-   element is visible, enabled and stable
-   scrolling into view if needed
-   done scrolling
-   <div class="ui-g-4" _ngcontent-uws-c4="">…</div> intercepts pointer events
- retrying click action, attempt #24
-   waiting 500ms
-   waiting for element to be visible, enabled and stable
-   element is visible, enabled and stable
-   scrolling into view if needed
-   done scrolling
-   <div class="ui-g-4" _ngcontent-uws-c4="">…</div> intercepts pointer events
- retrying click action, attempt #25
-   waiting 500ms
-   waiting for element to be visible, enabled and stable
-   element is visible, enabled and stable
-   scrolling into view if needed
-   done scrolling
-   <div class="ui-g-4" _ngcontent-uws-c4="">…</div> intercepts pointer events
- retrying click action, attempt #26
-   waiting 500ms
-   waiting for element to be visible, enabled and stable
-   element is visible, enabled and stable
-   scrolling into view if needed
-   done scrolling
-   <div class="ui-g-4" _ngcontent-uws-c4="">…</div> intercepts pointer events
- retrying click action, attempt #27
-   waiting 500ms
-   waiting for element to be visible, enabled and stable
-   element is visible, enabled and stable
-   scrolling into view if needed
-   done scrolling
-   <div class="ui-g-4" _ngcontent-uws-c4="">…</div> intercepts pointer events
- retrying click action, attempt #28
-   waiting 500ms
-   waiting for element to be visible, enabled and stable
-   element is visible, enabled and stable
-   scrolling into view if needed
-   done scrolling
-   <div class="ui-g-4" _ngcontent-uws-c4="">…</div> intercepts pointer events
- retrying click action, attempt #29
-   waiting 500ms
-   waiting for element to be visible, enabled and stable
-   element is visible, enabled and stable
-   scrolling into view if needed
-   done scrolling
-   <div class="ui-g-4" _ngcontent-uws-c4="">…</div> intercepts pointer events
- retrying click action, attempt #30
-   waiting 500ms
-   waiting for element to be visible, enabled and stable
-   element is visible, enabled and stable
-   scrolling into view if needed
-   done scrolling
-   <div class="ui-g-4" _ngcontent-uws-c4="">…</div> intercepts pointer events
- retrying click action, attempt #31
-   waiting 500ms
-   waiting for element to be visible, enabled and stable
-   element is visible, enabled and stable
-   scrolling into view if needed
-   done scrolling
-   <div class="ui-g-4" _ngcontent-uws-c4="">…</div> intercepts pointer events
- retrying click action, attempt #32
-   waiting 500ms
-   waiting for element to be visible, enabled and stable
-   element is visible, enabled and stable
-   scrolling into view if needed
-   done scrolling
-   <div class="ui-g-4" _ngcontent-uws-c4="">…</div> intercepts pointer events
- retrying click action, attempt #33
-   waiting 500ms
-   waiting for element to be visible, enabled and stable
-   element is visible, enabled and stable
-   scrolling into view if needed
-   done scrolling
-   <div class="ui-g-4" _ngcontent-uws-c4="">…</div> intercepts pointer events
- retrying click action, attempt #34
-   waiting 500ms
-   waiting for element to be visible, enabled and stable
-   element is visible, enabled and stable
-   scrolling into view if needed
-   done scrolling
-   <div class="ui-g-4" _ngcontent-uws-c4="">…</div> intercepts pointer events
- retrying click action, attempt #35
-   waiting 500ms
-   waiting for element to be visible, enabled and stable
-   element is visible, enabled and stable
-   scrolling into view if needed
-   done scrolling
-   <div class="ui-g-4" _ngcontent-uws-c4="">…</div> intercepts pointer events
- retrying click action, attempt #36
-   waiting 500ms
-   waiting for element to be visible, enabled and stable
-   element is visible, enabled and stable
-   scrolling into view if needed
-   done scrolling
-   <div class="ui-g-4" _ngcontent-uws-c4="">…</div> intercepts pointer events
- retrying click action, attempt #37
-   waiting 500ms
-   waiting for element to be visible, enabled and stable
-   element is visible, enabled and stable
-   scrolling into view if needed
-   done scrolling
-   <div class="ui-g-4" _ngcontent-uws-c4="">…</div> intercepts pointer events
- retrying click action, attempt #38
-   waiting 500ms
-   waiting for element to be visible, enabled and stable
-   element is visible, enabled and stable
-   scrolling into view if needed
-   done scrolling
-   <div class="ui-g-4" _ngcontent-uws-c4="">…</div> intercepts pointer events
- retrying click action, attempt #39
-   waiting 500ms
-   waiting for element to be visible, enabled and stable
-   element is visible, enabled and stable
-   scrolling into view if needed
-   done scrolling
-   <div class="ui-g-4" _ngcontent-uws-c4="">…</div> intercepts pointer events
- retrying click action, attempt #40
-   waiting 500ms
-   waiting for element to be visible, enabled and stable
-   element is visible, enabled and stable
-   scrolling into view if needed
-   done scrolling
-   <div class="ui-g-4" _ngcontent-uws-c4="">…</div> intercepts pointer events
- retrying click action, attempt #41
-   waiting 500ms
-   waiting for element to be visible, enabled and stable
-   element is visible, enabled and stable
-   scrolling into view if needed
-   done scrolling
-   <div class="ui-g-4" _ngcontent-uws-c4="">…</div> intercepts pointer events
- retrying click action, attempt #42
-   waiting 500ms
-   waiting for element to be visible, enabled and stable
-   element is visible, enabled and stable
-   scrolling into view if needed
-   done scrolling
-   <div class="ui-g-4" _ngcontent-uws-c4="">…</div> intercepts pointer events
- retrying click action, attempt #43
-   waiting 500ms
-   waiting for element to be visible, enabled and stable
-   element is visible, enabled and stable
-   scrolling into view if needed
-   done scrolling
-   <div class="ui-g-4" _ngcontent-uws-c4="">…</div> intercepts pointer events
- retrying click action, attempt #44
-   waiting 500ms
-   waiting for element to be visible, enabled and stable
-   element is visible, enabled and stable
-   scrolling into view if needed
-   done scrolling
-   <div class="ui-g-4" _ngcontent-uws-c4="">…</div> intercepts pointer events
- retrying click action, attempt #45
-   waiting 500ms
-   waiting for element to be visible, enabled and stable
-   element is visible, enabled and stable
-   scrolling into view if needed
-   done scrolling
-   <div class="ui-g-4" _ngcontent-uws-c4="">…</div> intercepts pointer events
- retrying click action, attempt #46
-   waiting 500ms
-   waiting for element to be visible, enabled and stable
-   element is visible, enabled and stable
-   scrolling into view if needed
-   done scrolling
-   <div class="ui-g-4" _ngcontent-uws-c4="">…</div> intercepts pointer events
- retrying click action, attempt #47
-   waiting 500ms
-   waiting for element to be visible, enabled and stable
-   element is visible, enabled and stable
-   scrolling into view if needed
-   done scrolling
-   <div class="ui-g-4" _ngcontent-uws-c4="">…</div> intercepts pointer events
- retrying click action, attempt #48
-   waiting 500ms
-   waiting for element to be visible, enabled and stable
-   element is visible, enabled and stable
-   scrolling into view if needed
-   done scrolling
-   <div class="ui-g-4" _ngcontent-uws-c4="">…</div> intercepts pointer events
- retrying click action, attempt #49
-   waiting 500ms
-   waiting for element to be visible, enabled and stable
-   element is visible, enabled and stable
-   scrolling into view if needed
-   done scrolling
-   <div class="ui-g-4" _ngcontent-uws-c4="">…</div> intercepts pointer events
- retrying click action, attempt #50
-   waiting 500ms
-   waiting for element to be visible, enabled and stable
-   element is visible, enabled and stable
-   scrolling into view if needed
-   done scrolling
-   <div class="ui-g-4" _ngcontent-uws-c4="">…</div> intercepts pointer events
- retrying click action, attempt #51
-   waiting 500ms
-   waiting for element to be visible, enabled and stable
-   element is visible, enabled and stable
-   scrolling into view if needed
-   done scrolling
-   <div class="ui-g-4" _ngcontent-uws-c4="">…</div> intercepts pointer events
- retrying click action, attempt #52
-   waiting 500ms
-   waiting for element to be visible, enabled and stable
-   element is visible, enabled and stable
-   scrolling into view if needed
-   done scrolling
-   <div class="ui-g-4" _ngcontent-uws-c4="">…</div> intercepts pointer events
- retrying click action, attempt #53
-   waiting 500ms
-   waiting for element to be visible, enabled and stable
-   element is visible, enabled and stable
-   scrolling into view if needed
-   done scrolling
-   <div class="ui-g-4" _ngcontent-uws-c4="">…</div> intercepts pointer events
- retrying click action, attempt #54
-   waiting 500ms
-   waiting for element to be visible, enabled and stable
-   element is visible, enabled and stable
-   scrolling into view if needed
-   done scrolling
-   <div class="ui-g-4" _ngcontent-uws-c4="">…</div> intercepts pointer events
- retrying click action, attempt #55
-   waiting 500ms
-   waiting for element to be visible, enabled and stable
-   element is visible, enabled and stable
-   scrolling into view if needed
-   done scrolling
-   <div class="ui-g-4" _ngcontent-uws-c4="">…</div> intercepts pointer events
- retrying click action, attempt #56
-   waiting 500ms
-   waiting for element to be visible, enabled and stable
-   element is visible, enabled and stable
-   scrolling into view if needed
-   done scrolling
-   <div class="ui-g-4" _ngcontent-uws-c4="">…</div> intercepts pointer events
- retrying click action, attempt #57
-   waiting 500ms
-   waiting for element to be visible, enabled and stable
-   element is visible, enabled and stable
-   scrolling into view if needed
-   done scrolling
-   <div class="ui-g-4" _ngcontent-uws-c4="">…</div> intercepts pointer events
- retrying click action, attempt #58
-   waiting 500ms
-   waiting for element to be visible, enabled and stable
-   element is visible, enabled and stable
-   scrolling into view if needed
-   done scrolling
-   <div class="ui-g-4" _ngcontent-uws-c4="">…</div> intercepts pointer events
- retrying click action, attempt #59
-   waiting 500ms
-   waiting for element to be visible, enabled and stable
-   element is visible, enabled and stable
-   scrolling into view if needed
-   done scrolling
-   <div class="ui-g-4" _ngcontent-uws-c4="">…</div> intercepts pointer events
- retrying click action, attempt #60
-   waiting 500ms

at com.microsoft.playwright.impl.Connection.dispatch(Connection.java:254)
at com.microsoft.playwright.impl.Connection.processOneMessage(Connection.java:211)
at com.microsoft.playwright.impl.ChannelOwner.runUntil(ChannelOwner.java:118)
... 44 more
... Removed 29 stack frames]]>
    </failure>
  </testcase> <!-- verifyFileCheckboxSearch -->
  <testcase classname="testclasses.HomepageTest" name="verifyFolderCheckboxSearch" time="32.151">
    <failure type="com.microsoft.playwright.TimeoutError" message="Error {
  message=&amp;apos;Timeout 30000ms exceeded.
  name=&amp;apos;TimeoutError
  stack=&amp;apos;TimeoutError: Timeout 30000ms exceeded.
    at ProgressController.run (C:\Users\DELL\AppData\Local\Temp\playwright-java-17308481682878090713\package\lib\server\progress.js:78:26)
    at Frame.click (C:\Users\DELL\AppData\Local\Temp\playwright-java-17308481682878090713\package\lib\server\frames.js:1007:23)
    at FrameDispatcher.click (C:\Users\DELL\AppData\Local\Temp\playwright-java-17308481682878090713\package\lib\server\dispatchers\frameDispatcher.js:158:30)
    at FrameDispatcher._handleCommand (C:\Users\DELL\AppData\Local\Temp\playwright-java-17308481682878090713\package\lib\server\dispatchers\dispatcher.js:94:40)
    at DispatcherConnection.dispatch (C:\Users\DELL\AppData\Local\Temp\playwright-java-17308481682878090713\package\lib\server\dispatchers\dispatcher.js:361:39)
}
Call log:
- waiting for locator(&amp;quot;//p-checkbox[@value=&amp;apos;Folder&amp;apos;]//div[contains(@class,&amp;apos;ui-chkbox-box&amp;apos;)]&amp;quot;)
-   locator resolved to &amp;lt;div class=&amp;quot;ui-chkbox-box ui-widget ui-corner-all ui-…&amp;gt;…&amp;lt;/div&amp;gt;
- attempting click action
-   waiting for element to be visible, enabled and stable
-   element is visible, enabled and stable
-   scrolling into view if needed
-   done scrolling
-   &amp;lt;div class=&amp;quot;ui-g-4&amp;quot; _ngcontent-uws-c4=&amp;quot;&amp;quot;&amp;gt;…&amp;lt;/div&amp;gt; intercepts pointer events
- retrying click action, attempt #1
-   waiting for element to be visible, enabled and stable
-   element is visible, enabled and stable
-   scrolling into view if needed
-   done scrolling
-   &amp;lt;div class=&amp;quot;ui-g-4&amp;quot; _ngcontent-uws-c4=&amp;quot;&amp;quot;&amp;gt;…&amp;lt;/div&amp;gt; intercepts pointer events
- retrying click action, attempt #2
-   waiting 20ms
-   waiting for element to be visible, enabled and stable
-   element is visible, enabled and stable
-   scrolling into view if needed
-   done scrolling
-   &amp;lt;div class=&amp;quot;ui-g-4&amp;quot; _ngcontent-uws-c4=&amp;quot;&amp;quot;&amp;gt;…&amp;lt;/div&amp;gt; intercepts pointer events
- retrying click action, attempt #3
-   waiting 100ms
-   waiting for element to be visible, enabled and stable
-   element is visible, enabled and stable
-   scrolling into view if needed
-   done scrolling
-   &amp;lt;div class=&amp;quot;ui-g-4&amp;quot; _ngcontent-uws-c4=&amp;quot;&amp;quot;&amp;gt;…&amp;lt;/div&amp;gt; intercepts pointer events
- retrying click action, attempt #4
-   waiting 100ms
-   waiting for element to be visible, enabled and stable
-   element is visible, enabled and stable
-   scrolling into view if needed
-   done scrolling
-   &amp;lt;div class=&amp;quot;ui-g-4&amp;quot; _ngcontent-uws-c4=&amp;quot;&amp;quot;&amp;gt;…&amp;lt;/div&amp;gt; intercepts pointer events
- retrying click action, attempt #5
-   waiting 500ms
-   waiting for element to be visible, enabled and stable
-   element is visible, enabled and stable
-   scrolling into view if needed
-   done scrolling
-   &amp;lt;div class=&amp;quot;ui-g-4&amp;quot; _ngcontent-uws-c4=&amp;quot;&amp;quot;&amp;gt;…&amp;lt;/div&amp;gt; intercepts pointer events
- retrying click action, attempt #6
-   waiting 500ms
-   waiting for element to be visible, enabled and stable
-   element is visible, enabled and stable
-   scrolling into view if needed
-   done scrolling
-   &amp;lt;div class=&amp;quot;ui-g-4&amp;quot; _ngcontent-uws-c4=&amp;quot;&amp;quot;&amp;gt;…&amp;lt;/div&amp;gt; intercepts pointer events
- retrying click action, attempt #7
-   waiting 500ms
-   waiting for element to be visible, enabled and stable
-   element is visible, enabled and stable
-   scrolling into view if needed
-   done scrolling
-   &amp;lt;div class=&amp;quot;ui-g-4&amp;quot; _ngcontent-uws-c4=&amp;quot;&amp;quot;&amp;gt;…&amp;lt;/div&amp;gt; intercepts pointer events
- retrying click action, attempt #8
-   waiting 500ms
-   waiting for element to be visible, enabled and stable
-   element is visible, enabled and stable
-   scrolling into view if needed
-   done scrolling
-   &amp;lt;div class=&amp;quot;ui-g-4&amp;quot; _ngcontent-uws-c4=&amp;quot;&amp;quot;&amp;gt;…&amp;lt;/div&amp;gt; intercepts pointer events
- retrying click action, attempt #9
-   waiting 500ms
-   waiting for element to be visible, enabled and stable
-   element is visible, enabled and stable
-   scrolling into view if needed
-   done scrolling
-   &amp;lt;div class=&amp;quot;ui-g-4&amp;quot; _ngcontent-uws-c4=&amp;quot;&amp;quot;&amp;gt;…&amp;lt;/div&amp;gt; intercepts pointer events
- retrying click action, attempt #10
-   waiting 500ms
-   waiting for element to be visible, enabled and stable
-   element is visible, enabled and stable
-   scrolling into view if needed
-   done scrolling
-   &amp;lt;div class=&amp;quot;ui-g-4&amp;quot; _ngcontent-uws-c4=&amp;quot;&amp;quot;&amp;gt;…&amp;lt;/div&amp;gt; intercepts pointer events
- retrying click action, attempt #11
-   waiting 500ms
-   waiting for element to be visible, enabled and stable
-   element is visible, enabled and stable
-   scrolling into view if needed
-   done scrolling
-   &amp;lt;div class=&amp;quot;ui-g-4&amp;quot; _ngcontent-uws-c4=&amp;quot;&amp;quot;&amp;gt;…&amp;lt;/div&amp;gt; intercepts pointer events
- retrying click action, attempt #12
-   waiting 500ms
-   waiting for element to be visible, enabled and stable
-   element is visible, enabled and stable
-   scrolling into view if needed
-   done scrolling
-   &amp;lt;div class=&amp;quot;ui-g-4&amp;quot; _ngcontent-uws-c4=&amp;quot;&amp;quot;&amp;gt;…&amp;lt;/div&amp;gt; intercepts pointer events
- retrying click action, attempt #13
-   waiting 500ms
-   waiting for element to be visible, enabled and stable
-   element is visible, enabled and stable
-   scrolling into view if needed
-   done scrolling
-   &amp;lt;div class=&amp;quot;ui-g-4&amp;quot; _ngcontent-uws-c4=&amp;quot;&amp;quot;&amp;gt;…&amp;lt;/div&amp;gt; intercepts pointer events
- retrying click action, attempt #14
-   waiting 500ms
-   waiting for element to be visible, enabled and stable
-   element is visible, enabled and stable
-   scrolling into view if needed
-   done scrolling
-   &amp;lt;div class=&amp;quot;ui-g-4&amp;quot; _ngcontent-uws-c4=&amp;quot;&amp;quot;&amp;gt;…&amp;lt;/div&amp;gt; intercepts pointer events
- retrying click action, attempt #15
-   waiting 500ms
-   waiting for element to be visible, enabled and stable
-   element is visible, enabled and stable
-   scrolling into view if needed
-   done scrolling
-   &amp;lt;div class=&amp;quot;ui-g-4&amp;quot; _ngcontent-uws-c4=&amp;quot;&amp;quot;&amp;gt;…&amp;lt;/div&amp;gt; intercepts pointer events
- retrying click action, attempt #16
-   waiting 500ms
-   waiting for element to be visible, enabled and stable
-   element is visible, enabled and stable
-   scrolling into view if needed
-   done scrolling
-   &amp;lt;div class=&amp;quot;ui-g-4&amp;quot; _ngcontent-uws-c4=&amp;quot;&amp;quot;&amp;gt;…&amp;lt;/div&amp;gt; intercepts pointer events
- retrying click action, attempt #17
-   waiting 500ms
-   waiting for element to be visible, enabled and stable
-   element is visible, enabled and stable
-   scrolling into view if needed
-   done scrolling
-   &amp;lt;div class=&amp;quot;ui-g-4&amp;quot; _ngcontent-uws-c4=&amp;quot;&amp;quot;&amp;gt;…&amp;lt;/div&amp;gt; intercepts pointer events
- retrying click action, attempt #18
-   waiting 500ms
-   waiting for element to be visible, enabled and stable
-   element is visible, enabled and stable
-   scrolling into view if needed
-   done scrolling
-   &amp;lt;div class=&amp;quot;ui-g-4&amp;quot; _ngcontent-uws-c4=&amp;quot;&amp;quot;&amp;gt;…&amp;lt;/div&amp;gt; intercepts pointer events
- retrying click action, attempt #19
-   waiting 500ms
-   waiting for element to be visible, enabled and stable
-   element is visible, enabled and stable
-   scrolling into view if needed
-   done scrolling
-   &amp;lt;div class=&amp;quot;ui-g-4&amp;quot; _ngcontent-uws-c4=&amp;quot;&amp;quot;&amp;gt;…&amp;lt;/div&amp;gt; intercepts pointer events
- retrying click action, attempt #20
-   waiting 500ms
-   waiting for element to be visible, enabled and stable
-   element is visible, enabled and stable
-   scrolling into view if needed
-   done scrolling
-   &amp;lt;div class=&amp;quot;ui-g-4&amp;quot; _ngcontent-uws-c4=&amp;quot;&amp;quot;&amp;gt;…&amp;lt;/div&amp;gt; intercepts pointer events
- retrying click action, attempt #21
-   waiting 500ms
-   waiting for element to be visible, enabled and stable
-   element is visible, enabled and stable
-   scrolling into view if needed
-   done scrolling
-   &amp;lt;div class=&amp;quot;ui-g-4&amp;quot; _ngcontent-uws-c4=&amp;quot;&amp;quot;&amp;gt;…&amp;lt;/div&amp;gt; intercepts pointer events
- retrying click action, attempt #22
-   waiting 500ms
-   waiting for element to be visible, enabled and stable
-   element is visible, enabled and stable
-   scrolling into view if needed
-   done scrolling
-   &amp;lt;div class=&amp;quot;ui-g-4&amp;quot; _ngcontent-uws-c4=&amp;quot;&amp;quot;&amp;gt;…&amp;lt;/div&amp;gt; intercepts pointer events
- retrying click action, attempt #23
-   waiting 500ms
-   waiting for element to be visible, enabled and stable
-   element is visible, enabled and stable
-   scrolling into view if needed
-   done scrolling
-   &amp;lt;div class=&amp;quot;ui-g-4&amp;quot; _ngcontent-uws-c4=&amp;quot;&amp;quot;&amp;gt;…&amp;lt;/div&amp;gt; intercepts pointer events
- retrying click action, attempt #24
-   waiting 500ms
-   waiting for element to be visible, enabled and stable
-   element is visible, enabled and stable
-   scrolling into view if needed
-   done scrolling
-   &amp;lt;div class=&amp;quot;ui-g-4&amp;quot; _ngcontent-uws-c4=&amp;quot;&amp;quot;&amp;gt;…&amp;lt;/div&amp;gt; intercepts pointer events
- retrying click action, attempt #25
-   waiting 500ms
-   waiting for element to be visible, enabled and stable
-   element is visible, enabled and stable
-   scrolling into view if needed
-   done scrolling
-   &amp;lt;div class=&amp;quot;ui-g-4&amp;quot; _ngcontent-uws-c4=&amp;quot;&amp;quot;&amp;gt;…&amp;lt;/div&amp;gt; intercepts pointer events
- retrying click action, attempt #26
-   waiting 500ms
-   waiting for element to be visible, enabled and stable
-   element is visible, enabled and stable
-   scrolling into view if needed
-   done scrolling
-   &amp;lt;div class=&amp;quot;ui-g-4&amp;quot; _ngcontent-uws-c4=&amp;quot;&amp;quot;&amp;gt;…&amp;lt;/div&amp;gt; intercepts pointer events
- retrying click action, attempt #27
-   waiting 500ms
-   waiting for element to be visible, enabled and stable
-   element is visible, enabled and stable
-   scrolling into view if needed
-   done scrolling
-   &amp;lt;div class=&amp;quot;ui-g-4&amp;quot; _ngcontent-uws-c4=&amp;quot;&amp;quot;&amp;gt;…&amp;lt;/div&amp;gt; intercepts pointer events
- retrying click action, attempt #28
-   waiting 500ms
-   waiting for element to be visible, enabled and stable
-   element is visible, enabled and stable
-   scrolling into view if needed
-   done scrolling
-   &amp;lt;div class=&amp;quot;ui-g-4&amp;quot; _ngcontent-uws-c4=&amp;quot;&amp;quot;&amp;gt;…&amp;lt;/div&amp;gt; intercepts pointer events
- retrying click action, attempt #29
-   waiting 500ms
-   waiting for element to be visible, enabled and stable
-   element is visible, enabled and stable
-   scrolling into view if needed
-   done scrolling
-   &amp;lt;div class=&amp;quot;ui-g-4&amp;quot; _ngcontent-uws-c4=&amp;quot;&amp;quot;&amp;gt;…&amp;lt;/div&amp;gt; intercepts pointer events
- retrying click action, attempt #30
-   waiting 500ms
-   waiting for element to be visible, enabled and stable
-   element is visible, enabled and stable
-   scrolling into view if needed
-   done scrolling
-   &amp;lt;div class=&amp;quot;ui-g-4&amp;quot; _ngcontent-uws-c4=&amp;quot;&amp;quot;&amp;gt;…&amp;lt;/div&amp;gt; intercepts pointer events
- retrying click action, attempt #31
-   waiting 500ms
-   waiting for element to be visible, enabled and stable
-   element is visible, enabled and stable
-   scrolling into view if needed
-   done scrolling
-   &amp;lt;div class=&amp;quot;ui-g-4&amp;quot; _ngcontent-uws-c4=&amp;quot;&amp;quot;&amp;gt;…&amp;lt;/div&amp;gt; intercepts pointer events
- retrying click action, attempt #32
-   waiting 500ms
-   waiting for element to be visible, enabled and stable
-   element is visible, enabled and stable
-   scrolling into view if needed
-   done scrolling
-   &amp;lt;div class=&amp;quot;ui-g-4&amp;quot; _ngcontent-uws-c4=&amp;quot;&amp;quot;&amp;gt;…&amp;lt;/div&amp;gt; intercepts pointer events
- retrying click action, attempt #33
-   waiting 500ms
-   waiting for element to be visible, enabled and stable
-   element is visible, enabled and stable
-   scrolling into view if needed
-   done scrolling
-   &amp;lt;div class=&amp;quot;ui-g-4&amp;quot; _ngcontent-uws-c4=&amp;quot;&amp;quot;&amp;gt;…&amp;lt;/div&amp;gt; intercepts pointer events
- retrying click action, attempt #34
-   waiting 500ms
-   waiting for element to be visible, enabled and stable
-   element is visible, enabled and stable
-   scrolling into view if needed
-   done scrolling
-   &amp;lt;div class=&amp;quot;ui-g-4&amp;quot; _ngcontent-uws-c4=&amp;quot;&amp;quot;&amp;gt;…&amp;lt;/div&amp;gt; intercepts pointer events
- retrying click action, attempt #35
-   waiting 500ms
-   waiting for element to be visible, enabled and stable
-   element is visible, enabled and stable
-   scrolling into view if needed
-   done scrolling
-   &amp;lt;div class=&amp;quot;ui-g-4&amp;quot; _ngcontent-uws-c4=&amp;quot;&amp;quot;&amp;gt;…&amp;lt;/div&amp;gt; intercepts pointer events
- retrying click action, attempt #36
-   waiting 500ms
-   waiting for element to be visible, enabled and stable
-   element is visible, enabled and stable
-   scrolling into view if needed
-   done scrolling
-   &amp;lt;div class=&amp;quot;ui-g-4&amp;quot; _ngcontent-uws-c4=&amp;quot;&amp;quot;&amp;gt;…&amp;lt;/div&amp;gt; intercepts pointer events
- retrying click action, attempt #37
-   waiting 500ms
-   waiting for element to be visible, enabled and stable
-   element is visible, enabled and stable
-   scrolling into view if needed
-   done scrolling
-   &amp;lt;div class=&amp;quot;ui-g-4&amp;quot; _ngcontent-uws-c4=&amp;quot;&amp;quot;&amp;gt;…&amp;lt;/div&amp;gt; intercepts pointer events
- retrying click action, attempt #38
-   waiting 500ms
-   waiting for element to be visible, enabled and stable
-   element is visible, enabled and stable
-   scrolling into view if needed
-   done scrolling
-   &amp;lt;div class=&amp;quot;ui-g-4&amp;quot; _ngcontent-uws-c4=&amp;quot;&amp;quot;&amp;gt;…&amp;lt;/div&amp;gt; intercepts pointer events
- retrying click action, attempt #39
-   waiting 500ms
-   waiting for element to be visible, enabled and stable
-   element is visible, enabled and stable
-   scrolling into view if needed
-   done scrolling
-   &amp;lt;div class=&amp;quot;ui-g-4&amp;quot; _ngcontent-uws-c4=&amp;quot;&amp;quot;&amp;gt;…&amp;lt;/div&amp;gt; intercepts pointer events
- retrying click action, attempt #40
-   waiting 500ms
-   waiting for element to be visible, enabled and stable
-   element is visible, enabled and stable
-   scrolling into view if needed
-   done scrolling
-   &amp;lt;div class=&amp;quot;ui-g-4&amp;quot; _ngcontent-uws-c4=&amp;quot;&amp;quot;&amp;gt;…&amp;lt;/div&amp;gt; intercepts pointer events
- retrying click action, attempt #41
-   waiting 500ms
-   waiting for element to be visible, enabled and stable
-   element is visible, enabled and stable
-   scrolling into view if needed
-   done scrolling
[...]
-   scrolling into view if needed

at com.microsoft.playwright.impl.WaitableResult.get(WaitableResult.java:52)
at com.microsoft.playwright.impl.ChannelOwner.runUntil(ChannelOwner.java:120)
at com.microsoft.playwright.impl.Connection.sendMessage(Connection.java:130)
at com.microsoft.playwright.impl.ChannelOwner.sendMessage(ChannelOwner.java:106)
at com.microsoft.playwright.impl.FrameImpl.clickImpl(FrameImpl.java:252)
at com.microsoft.playwright.impl.FrameImpl.lambda$click$8(FrameImpl.java:243)
at com.microsoft.playwright.impl.LoggingSupport.lambda$withLogging$0(LoggingSupport.java:36)
at com.microsoft.playwright.impl.LoggingSupport.withLogging(LoggingSupport.java:47)
at com.microsoft.playwright.impl.ChannelOwner.withLogging(ChannelOwner.java:89)
at com.microsoft.playwright.impl.LoggingSupport.withLogging(LoggingSupport.java:35)
at com.microsoft.playwright.impl.FrameImpl.click(FrameImpl.java:243)
at com.microsoft.playwright.impl.LocatorImpl.click(LocatorImpl.java:160)
at com.microsoft.playwright.Locator.click(Locator.java:2468)
at com.pageclasses.Homepage.selectFolderCheckboxInSearchDropdown(Homepage.java:461)
at com.pageclasses.Homepage.searchUsingFolderInSearchDropdown(Homepage.java:406)
at testclasses.HomepageTest.verifyFolderCheckboxSearch(HomepageTest.java:158)
at java.base/java.util.ArrayList.forEach(ArrayList.java:1596)
Caused by: com.microsoft.playwright.TimeoutError: Error {
  message='Timeout 30000ms exceeded.
  name='TimeoutError
  stack='TimeoutError: Timeout 30000ms exceeded.
    at ProgressController.run (C:\Users\DELL\AppData\Local\Temp\playwright-java-17308481682878090713\package\lib\server\progress.js:78:26)
    at Frame.click (C:\Users\DELL\AppData\Local\Temp\playwright-java-17308481682878090713\package\lib\server\frames.js:1007:23)
    at FrameDispatcher.click (C:\Users\DELL\AppData\Local\Temp\playwright-java-17308481682878090713\package\lib\server\dispatchers\frameDispatcher.js:158:30)
    at FrameDispatcher._handleCommand (C:\Users\DELL\AppData\Local\Temp\playwright-java-17308481682878090713\package\lib\server\dispatchers\dispatcher.js:94:40)
    at DispatcherConnection.dispatch (C:\Users\DELL\AppData\Local\Temp\playwright-java-17308481682878090713\package\lib\server\dispatchers\dispatcher.js:361:39)
}
Call log:
- waiting for locator("//p-checkbox[@value='Folder']//div[contains(@class,'ui-chkbox-box')]")
-   locator resolved to <div class="ui-chkbox-box ui-widget ui-corner-all ui-…>…</div>
- attempting click action
-   waiting for element to be visible, enabled and stable
-   element is visible, enabled and stable
-   scrolling into view if needed
-   done scrolling
-   <div class="ui-g-4" _ngcontent-uws-c4="">…</div> intercepts pointer events
- retrying click action, attempt #1
-   waiting for element to be visible, enabled and stable
-   element is visible, enabled and stable
-   scrolling into view if needed
-   done scrolling
-   <div class="ui-g-4" _ngcontent-uws-c4="">…</div> intercepts pointer events
- retrying click action, attempt #2
-   waiting 20ms
-   waiting for element to be visible, enabled and stable
-   element is visible, enabled and stable
-   scrolling into view if needed
-   done scrolling
-   <div class="ui-g-4" _ngcontent-uws-c4="">…</div> intercepts pointer events
- retrying click action, attempt #3
-   waiting 100ms
-   waiting for element to be visible, enabled and stable
-   element is visible, enabled and stable
-   scrolling into view if needed
-   done scrolling
-   <div class="ui-g-4" _ngcontent-uws-c4="">…</div> intercepts pointer events
- retrying click action, attempt #4
-   waiting 100ms
-   waiting for element to be visible, enabled and stable
-   element is visible, enabled and stable
-   scrolling into view if needed
-   done scrolling
-   <div class="ui-g-4" _ngcontent-uws-c4="">…</div> intercepts pointer events
- retrying click action, attempt #5
-   waiting 500ms
-   waiting for element to be visible, enabled and stable
-   element is visible, enabled and stable
-   scrolling into view if needed
-   done scrolling
-   <div class="ui-g-4" _ngcontent-uws-c4="">…</div> intercepts pointer events
- retrying click action, attempt #6
-   waiting 500ms
-   waiting for element to be visible, enabled and stable
-   element is visible, enabled and stable
-   scrolling into view if needed
-   done scrolling
-   <div class="ui-g-4" _ngcontent-uws-c4="">…</div> intercepts pointer events
- retrying click action, attempt #7
-   waiting 500ms
-   waiting for element to be visible, enabled and stable
-   element is visible, enabled and stable
-   scrolling into view if needed
-   done scrolling
-   <div class="ui-g-4" _ngcontent-uws-c4="">…</div> intercepts pointer events
- retrying click action, attempt #8
-   waiting 500ms
-   waiting for element to be visible, enabled and stable
-   element is visible, enabled and stable
-   scrolling into view if needed
-   done scrolling
-   <div class="ui-g-4" _ngcontent-uws-c4="">…</div> intercepts pointer events
- retrying click action, attempt #9
-   waiting 500ms
-   waiting for element to be visible, enabled and stable
-   element is visible, enabled and stable
-   scrolling into view if needed
-   done scrolling
-   <div class="ui-g-4" _ngcontent-uws-c4="">…</div> intercepts pointer events
- retrying click action, attempt #10
-   waiting 500ms
-   waiting for element to be visible, enabled and stable
-   element is visible, enabled and stable
-   scrolling into view if needed
-   done scrolling
-   <div class="ui-g-4" _ngcontent-uws-c4="">…</div> intercepts pointer events
- retrying click action, attempt #11
-   waiting 500ms
-   waiting for element to be visible, enabled and stable
-   element is visible, enabled and stable
-   scrolling into view if needed
-   done scrolling
-   <div class="ui-g-4" _ngcontent-uws-c4="">…</div> intercepts pointer events
- retrying click action, attempt #12
-   waiting 500ms
-   waiting for element to be visible, enabled and stable
-   element is visible, enabled and stable
-   scrolling into view if needed
-   done scrolling
-   <div class="ui-g-4" _ngcontent-uws-c4="">…</div> intercepts pointer events
- retrying click action, attempt #13
-   waiting 500ms
-   waiting for element to be visible, enabled and stable
-   element is visible, enabled and stable
-   scrolling into view if needed
-   done scrolling
-   <div class="ui-g-4" _ngcontent-uws-c4="">…</div> intercepts pointer events
- retrying click action, attempt #14
-   waiting 500ms
-   waiting for element to be visible, enabled and stable
-   element is visible, enabled and stable
-   scrolling into view if needed
-   done scrolling
-   <div class="ui-g-4" _ngcontent-uws-c4="">…</div> intercepts pointer events
- retrying click action, attempt #15
-   waiting 500ms
-   waiting for element to be visible, enabled and stable
-   element is visible, enabled and stable
-   scrolling into view if needed
-   done scrolling
-   <div class="ui-g-4" _ngcontent-uws-c4="">…</div> intercepts pointer events
- retrying click action, attempt #16
-   waiting 500ms
-   waiting for element to be visible, enabled and stable
-   element is visible, enabled and stable
-   scrolling into view if needed
-   done scrolling
-   <div class="ui-g-4" _ngcontent-uws-c4="">…</div> intercepts pointer events
- retrying click action, attempt #17
-   waiting 500ms
-   waiting for element to be visible, enabled and stable
-   element is visible, enabled and stable
-   scrolling into view if needed
-   done scrolling
-   <div class="ui-g-4" _ngcontent-uws-c4="">…</div> intercepts pointer events
- retrying click action, attempt #18
-   waiting 500ms
-   waiting for element to be visible, enabled and stable
-   element is visible, enabled and stable
-   scrolling into view if needed
-   done scrolling
-   <div class="ui-g-4" _ngcontent-uws-c4="">…</div> intercepts pointer events
- retrying click action, attempt #19
-   waiting 500ms
-   waiting for element to be visible, enabled and stable
-   element is visible, enabled and stable
-   scrolling into view if needed
-   done scrolling
-   <div class="ui-g-4" _ngcontent-uws-c4="">…</div> intercepts pointer events
- retrying click action, attempt #20
-   waiting 500ms
-   waiting for element to be visible, enabled and stable
-   element is visible, enabled and stable
-   scrolling into view if needed
-   done scrolling
-   <div class="ui-g-4" _ngcontent-uws-c4="">…</div> intercepts pointer events
- retrying click action, attempt #21
-   waiting 500ms
-   waiting for element to be visible, enabled and stable
-   element is visible, enabled and stable
-   scrolling into view if needed
-   done scrolling
-   <div class="ui-g-4" _ngcontent-uws-c4="">…</div> intercepts pointer events
- retrying click action, attempt #22
-   waiting 500ms
-   waiting for element to be visible, enabled and stable
-   element is visible, enabled and stable
-   scrolling into view if needed
-   done scrolling
-   <div class="ui-g-4" _ngcontent-uws-c4="">…</div> intercepts pointer events
- retrying click action, attempt #23
-   waiting 500ms
-   waiting for element to be visible, enabled and stable
-   element is visible, enabled and stable
-   scrolling into view if needed
-   done scrolling
-   <div class="ui-g-4" _ngcontent-uws-c4="">…</div> intercepts pointer events
- retrying click action, attempt #24
-   waiting 500ms
-   waiting for element to be visible, enabled and stable
-   element is visible, enabled and stable
-   scrolling into view if needed
-   done scrolling
-   <div class="ui-g-4" _ngcontent-uws-c4="">…</div> intercepts pointer events
- retrying click action, attempt #25
-   waiting 500ms
-   waiting for element to be visible, enabled and stable
-   element is visible, enabled and stable
-   scrolling into view if needed
-   done scrolling
-   <div class="ui-g-4" _ngcontent-uws-c4="">…</div> intercepts pointer events
- retrying click action, attempt #26
-   waiting 500ms
-   waiting for element to be visible, enabled and stable
-   element is visible, enabled and stable
-   scrolling into view if needed
-   done scrolling
-   <div class="ui-g-4" _ngcontent-uws-c4="">…</div> intercepts pointer events
- retrying click action, attempt #27
-   waiting 500ms
-   waiting for element to be visible, enabled and stable
-   element is visible, enabled and stable
-   scrolling into view if needed
-   done scrolling
-   <div class="ui-g-4" _ngcontent-uws-c4="">…</div> intercepts pointer events
- retrying click action, attempt #28
-   waiting 500ms
-   waiting for element to be visible, enabled and stable
-   element is visible, enabled and stable
-   scrolling into view if needed
-   done scrolling
-   <div class="ui-g-4" _ngcontent-uws-c4="">…</div> intercepts pointer events
- retrying click action, attempt #29
-   waiting 500ms
-   waiting for element to be visible, enabled and stable
-   element is visible, enabled and stable
-   scrolling into view if needed
-   done scrolling
-   <div class="ui-g-4" _ngcontent-uws-c4="">…</div> intercepts pointer events
- retrying click action, attempt #30
-   waiting 500ms
-   waiting for element to be visible, enabled and stable
-   element is visible, enabled and stable
-   scrolling into view if needed
-   done scrolling
-   <div class="ui-g-4" _ngcontent-uws-c4="">…</div> intercepts pointer events
- retrying click action, attempt #31
-   waiting 500ms
-   waiting for element to be visible, enabled and stable
-   element is visible, enabled and stable
-   scrolling into view if needed
-   done scrolling
-   <div class="ui-g-4" _ngcontent-uws-c4="">…</div> intercepts pointer events
- retrying click action, attempt #32
-   waiting 500ms
-   waiting for element to be visible, enabled and stable
-   element is visible, enabled and stable
-   scrolling into view if needed
-   done scrolling
-   <div class="ui-g-4" _ngcontent-uws-c4="">…</div> intercepts pointer events
- retrying click action, attempt #33
-   waiting 500ms
-   waiting for element to be visible, enabled and stable
-   element is visible, enabled and stable
-   scrolling into view if needed
-   done scrolling
-   <div class="ui-g-4" _ngcontent-uws-c4="">…</div> intercepts pointer events
- retrying click action, attempt #34
-   waiting 500ms
-   waiting for element to be visible, enabled and stable
-   element is visible, enabled and stable
-   scrolling into view if needed
-   done scrolling
-   <div class="ui-g-4" _ngcontent-uws-c4="">…</div> intercepts pointer events
- retrying click action, attempt #35
-   waiting 500ms
-   waiting for element to be visible, enabled and stable
-   element is visible, enabled and stable
-   scrolling into view if needed
-   done scrolling
-   <div class="ui-g-4" _ngcontent-uws-c4="">…</div> intercepts pointer events
- retrying click action, attempt #36
-   waiting 500ms
-   waiting for element to be visible, enabled and stable
-   element is visible, enabled and stable
-   scrolling into view if needed
-   done scrolling
-   <div class="ui-g-4" _ngcontent-uws-c4="">…</div> intercepts pointer events
- retrying click action, attempt #37
-   waiting 500ms
-   waiting for element to be visible, enabled and stable
-   element is visible, enabled and stable
-   scrolling into view if needed
-   done scrolling
-   <div class="ui-g-4" _ngcontent-uws-c4="">…</div> intercepts pointer events
- retrying click action, attempt #38
-   waiting 500ms
-   waiting for element to be visible, enabled and stable
-   element is visible, enabled and stable
-   scrolling into view if needed
-   done scrolling
-   <div class="ui-g-4" _ngcontent-uws-c4="">…</div> intercepts pointer events
- retrying click action, attempt #39
-   waiting 500ms
-   waiting for element to be visible, enabled and stable
-   element is visible, enabled and stable
-   scrolling into view if needed
-   done scrolling
-   <div class="ui-g-4" _ngcontent-uws-c4="">…</div> intercepts pointer events
- retrying click action, attempt #40
-   waiting 500ms
-   waiting for element to be visible, enabled and stable
-   element is visible, enabled and stable
-   scrolling into view if needed
-   done scrolling
-   <div class="ui-g-4" _ngcontent-uws-c4="">…</div> intercepts pointer events
- retrying click action, attempt #41
-   waiting 500ms
-   waiting for element to be visible, enabled and stable
-   element is visible, enabled and stable
-   scrolling into view if needed
-   done scrolling
-   <div class="ui-g-4" _ngcontent-uws-c4="">…</div> intercepts pointer events
- retrying click action, attempt #42
-   waiting 500ms
-   waiting for element to be visible, enabled and stable
-   element is visible, enabled and stable
-   scrolling into view if needed
-   done scrolling
-   <div class="ui-g-4" _ngcontent-uws-c4="">…</div> intercepts pointer events
- retrying click action, attempt #43
-   waiting 500ms
-   waiting for element to be visible, enabled and stable
-   element is visible, enabled and stable
-   scrolling into view if needed
-   done scrolling
-   <div class="ui-g-4" _ngcontent-uws-c4="">…</div> intercepts pointer events
- retrying click action, attempt #44
-   waiting 500ms
-   waiting for element to be visible, enabled and stable
-   element is visible, enabled and stable
-   scrolling into view if needed
-   done scrolling
-   <div class="ui-g-4" _ngcontent-uws-c4="">…</div> intercepts pointer events
- retrying click action, attempt #45
-   waiting 500ms
-   waiting for element to be visible, enabled and stable
-   element is visible, enabled and stable
-   scrolling into view if needed
-   done scrolling
-   <div class="ui-g-4" _ngcontent-uws-c4="">…</div> intercepts pointer events
- retrying click action, attempt #46
-   waiting 500ms
-   waiting for element to be visible, enabled and stable
-   element is visible, enabled and stable
-   scrolling into view if needed
-   done scrolling
-   <div class="ui-g-4" _ngcontent-uws-c4="">…</div> intercepts pointer events
- retrying click action, attempt #47
-   waiting 500ms
-   waiting for element to be visible, enabled and stable
-   element is visible, enabled and stable
-   scrolling into view if needed
-   done scrolling
-   <div class="ui-g-4" _ngcontent-uws-c4="">…</div> intercepts pointer events
- retrying click action, attempt #48
-   waiting 500ms
-   waiting for element to be visible, enabled and stable
-   element is visible, enabled and stable
-   scrolling into view if needed
-   done scrolling
-   <div class="ui-g-4" _ngcontent-uws-c4="">…</div> intercepts pointer events
- retrying click action, attempt #49
-   waiting 500ms
-   waiting for element to be visible, enabled and stable
-   element is visible, enabled and stable
-   scrolling into view if needed
-   done scrolling
-   <div class="ui-g-4" _ngcontent-uws-c4="">…</div> intercepts pointer events
- retrying click action, attempt #50
-   waiting 500ms
-   waiting for element to be visible, enabled and stable
-   element is visible, enabled and stable
-   scrolling into view if needed
-   done scrolling
-   <div class="ui-g-4" _ngcontent-uws-c4="">…</div> intercepts pointer events
- retrying click action, attempt #51
-   waiting 500ms
-   waiting for element to be visible, enabled and stable
-   element is visible, enabled and stable
-   scrolling into view if needed
-   done scrolling
-   <div class="ui-g-4" _ngcontent-uws-c4="">…</div> intercepts pointer events
- retrying click action, attempt #52
-   waiting 500ms
-   waiting for element to be visible, enabled and stable
-   element is visible, enabled and stable
-   scrolling into view if needed
-   done scrolling
-   <div class="ui-g-4" _ngcontent-uws-c4="">…</div> intercepts pointer events
- retrying click action, attempt #53
-   waiting 500ms
-   waiting for element to be visible, enabled and stable
-   element is visible, enabled and stable
-   scrolling into view if needed
-   done scrolling
-   <div class="ui-g-4" _ngcontent-uws-c4="">…</div> intercepts pointer events
- retrying click action, attempt #54
-   waiting 500ms
-   waiting for element to be visible, enabled and stable
-   element is visible, enabled and stable
-   scrolling into view if needed
-   done scrolling
-   <div class="ui-g-4" _ngcontent-uws-c4="">…</div> intercepts pointer events
- retrying click action, attempt #55
-   waiting 500ms
-   waiting for element to be visible, enabled and stable
-   element is visible, enabled and stable
-   scrolling into view if needed
-   done scrolling
-   <div class="ui-g-4" _ngcontent-uws-c4="">…</div> intercepts pointer events
- retrying click action, attempt #56
-   waiting 500ms
-   waiting for element to be visible, enabled and stable
-   element is visible, enabled and stable
-   scrolling into view if needed
-   done scrolling
-   <div class="ui-g-4" _ngcontent-uws-c4="">…</div> intercepts pointer events
- retrying click action, attempt #57
-   waiting 500ms
-   waiting for element to be visible, enabled and stable
-   element is visible, enabled and stable
-   scrolling into view if needed
-   done scrolling
-   <div class="ui-g-4" _ngcontent-uws-c4="">…</div> intercepts pointer events
- retrying click action, attempt #58
-   waiting 500ms
-   waiting for element to be visible, enabled and stable
-   element is visible, enabled and stable
-   scrolling into view if needed
-   done scrolling
-   <div class="ui-g-4" _ngcontent-uws-c4="">…</div> intercepts pointer events
- retrying click action, attempt #59
-   waiting 500ms
-   waiting for element to be visible, enabled and stable
-   element is visible, enabled and stable
-   scrolling into view if needed

at com.microsoft.playwright.impl.Connection.dispatch(Connection.java:254)
at com.microsoft.playwright.impl.Connection.processOneMessage(Connection.java:211)
at com.microsoft.playwright.impl.ChannelOwner.runUntil(ChannelOwner.java:118)
... 44 more
... Removed 29 stack frames]]>
    </failure>
  </testcase> <!-- verifyFolderCheckboxSearch -->
</testsuite> <!-- Alfadock Login Test -->
