<?xml version="1.0" encoding="UTF-8"?>
<testng-results ignored="0" total="15" passed="15" failed="0" skipped="0">
  <reporter-output>
  </reporter-output>
  <suite started-at="2026-05-06T15:57:46 IST" name="Surefire suite" finished-at="2026-05-06T15:59:11 IST" duration-ms="85145">
    <groups>
    </groups>
    <test started-at="2026-05-06T15:57:46 IST" name="Surefire test" finished-at="2026-05-06T15:59:11 IST" duration-ms="85145">
      <class name="testclasses.HomepageTest">
        <test-method is-config="true" signature="setup()[pri:0, instance:testclasses.HomepageTest@87b5b49]" started-at="2026-05-06T15:57:34 IST" name="setup" finished-at="2026-05-06T15:57:46 IST" duration-ms="11813" status="PASS">
          <reporter-output>
          </reporter-output>
        </test-method> <!-- setup -->
        <test-method signature="companyLogin()[pri:1, instance:testclasses.HomepageTest@87b5b49]" started-at="2026-05-06T15:57:46 IST" name="companyLogin" description="CompanyLogin" finished-at="2026-05-06T15:57:48 IST" duration-ms="1676" status="PASS">
          <reporter-output>
          </reporter-output>
        </test-method> <!-- companyLogin -->
        <test-method signature="userLogin()[pri:2, instance:testclasses.HomepageTest@87b5b49]" started-at="2026-05-06T15:57:48 IST" name="userLogin" description="userLogin" finished-at="2026-05-06T15:57:48 IST" duration-ms="159" status="PASS">
          <reporter-output>
          </reporter-output>
        </test-method> <!-- userLogin -->
        <test-method signature="verifyHomepage()[pri:3, instance:testclasses.HomepageTest@87b5b49]" started-at="2026-05-06T15:57:48 IST" name="verifyHomepage" description="Verify Homepage Icons" finished-at="2026-05-06T15:57:50 IST" duration-ms="2081" status="PASS">
          <reporter-output>
          </reporter-output>
        </test-method> <!-- verifyHomepage -->
        <test-method signature="verifyfileSearch()[pri:4, instance:testclasses.HomepageTest@87b5b49]" started-at="2026-05-06T15:57:50 IST" name="verifyfileSearch" description="Search pdf in searchbar" finished-at="2026-05-06T15:57:59 IST" duration-ms="8345" status="PASS">
          <reporter-output>
          </reporter-output>
        </test-method> <!-- verifyfileSearch -->
        <test-method signature="verifya3dfileSearch()[pri:5, instance:testclasses.HomepageTest@87b5b49]" started-at="2026-05-06T15:57:59 IST" name="verifya3dfileSearch" description="Search a3dasm in searchbar" finished-at="2026-05-06T15:58:06 IST" duration-ms="7566" status="PASS">
          <reporter-output>
          </reporter-output>
        </test-method> <!-- verifya3dfileSearch -->
        <test-method signature="verifya3dprtfileSearch()[pri:6, instance:testclasses.HomepageTest@87b5b49]" started-at="2026-05-06T15:58:06 IST" name="verifya3dprtfileSearch" description="Search a3dprt in searchbar" finished-at="2026-05-06T15:58:14 IST" duration-ms="7278" status="PASS">
          <reporter-output>
          </reporter-output>
        </test-method> <!-- verifya3dprtfileSearch -->
        <test-method signature="verifyjpgfileSearch()[pri:7, instance:testclasses.HomepageTest@87b5b49]" started-at="2026-05-06T15:58:14 IST" name="verifyjpgfileSearch" description="Search jpg in searchbar" finished-at="2026-05-06T15:58:22 IST" duration-ms="8228" status="PASS">
          <reporter-output>
          </reporter-output>
        </test-method> <!-- verifyjpgfileSearch -->
        <test-method signature="verifytiffileSearch()[pri:7, instance:testclasses.HomepageTest@87b5b49]" started-at="2026-05-06T15:58:22 IST" name="verifytiffileSearch" description="Search tiff in searchbar" finished-at="2026-05-06T15:58:29 IST" duration-ms="6673" status="PASS">
          <reporter-output>
          </reporter-output>
        </test-method> <!-- verifytiffileSearch -->
        <test-method signature="verifydwgfileSearch()[pri:8, instance:testclasses.HomepageTest@87b5b49]" started-at="2026-05-06T15:58:29 IST" name="verifydwgfileSearch" description="Search dwg in searchbar" finished-at="2026-05-06T15:58:35 IST" duration-ms="6510" status="PASS">
          <reporter-output>
          </reporter-output>
        </test-method> <!-- verifydwgfileSearch -->
        <test-method signature="verifydxfleSearch()[pri:9, instance:testclasses.HomepageTest@87b5b49]" started-at="2026-05-06T15:58:35 IST" name="verifydxfleSearch" description="Search dxf in searchbar" finished-at="2026-05-06T15:58:42 IST" duration-ms="6891" status="PASS">
          <reporter-output>
          </reporter-output>
        </test-method> <!-- verifydxfleSearch -->
        <test-method signature="verifypptxfileSearch()[pri:10, instance:testclasses.HomepageTest@87b5b49]" started-at="2026-05-06T15:58:42 IST" name="verifypptxfileSearch" description="Search pptx in searchbar" finished-at="2026-05-06T15:58:49 IST" duration-ms="6519" status="PASS">
          <reporter-output>
          </reporter-output>
        </test-method> <!-- verifypptxfileSearch -->
        <test-method signature="verifyxlsxfileSearch()[pri:11, instance:testclasses.HomepageTest@87b5b49]" started-at="2026-05-06T15:58:49 IST" name="verifyxlsxfileSearch" description="Search xlsx in searchbar" finished-at="2026-05-06T15:58:56 IST" duration-ms="7217" status="PASS">
          <reporter-output>
          </reporter-output>
        </test-method> <!-- verifyxlsxfileSearch -->
        <test-method signature="verifydocxfileSearch()[pri:12, instance:testclasses.HomepageTest@87b5b49]" started-at="2026-05-06T15:58:56 IST" name="verifydocxfileSearch" description="Search docx in searchbar" finished-at="2026-05-06T15:59:02 IST" duration-ms="6441" status="PASS">
          <reporter-output>
          </reporter-output>
        </test-method> <!-- verifydocxfileSearch -->
        <test-method signature="verifycsvfileSearch()[pri:13, instance:testclasses.HomepageTest@87b5b49]" started-at="2026-05-06T15:59:02 IST" name="verifycsvfileSearch" description="Search csv in searchbar" finished-at="2026-05-06T15:59:09 IST" duration-ms="7032" status="PASS">
          <reporter-output>
          </reporter-output>
        </test-method> <!-- verifycsvfileSearch -->
        <test-method signature="verifyattributesearch()[pri:14, instance:testclasses.HomepageTest@87b5b49]" started-at="2026-05-06T15:59:09 IST" name="verifyattributesearch" description="attributesearch" finished-at="2026-05-06T15:59:11 IST" duration-ms="2172" status="PASS">
          <reporter-output>
          </reporter-output>
        </test-method> <!-- verifyattributesearch -->
        <test-method is-config="true" signature="teardown()[pri:0, instance:testclasses.HomepageTest@87b5b49]" started-at="2026-05-06T15:59:17 IST" name="teardown" finished-at="2026-05-06T15:59:17 IST" duration-ms="461" status="PASS">
          <reporter-output>
          </reporter-output>
        </test-method> <!-- teardown -->
      </class> <!-- testclasses.HomepageTest -->
    </test> <!-- Surefire test -->
  </suite> <!-- Surefire suite -->
</testng-results>
