-------------------------------------------------------------------------------
Test set: TestSuite
-------------------------------------------------------------------------------
Tests run: 15, Failures: 15, Errors: 0, Skipped: 0, Time elapsed: 156.6 s <<< FAILURE! -- in TestSuite
testclasses.HomepageTest.companyLogin -- Time elapsed: 0.346 s <<< FAILURE!
java.lang.Error: 
Unresolved compilation problems: 
	Basepage cannot be resolved to a type
	The method selectOption(String, String) is undefined for the type CompLoginPage
	The method fill(String, String) is undefined for the type CompLoginPage
	The method fill(String, String) is undefined for the type CompLoginPage
	The method click(String) is undefined for the type CompLoginPage
	The method waitForVisible(String) is undefined for the type CompLoginPage
	The method attachScreenshot(String) is undefined for the type CompLoginPage

	at com.pageclasses.CompLoginPage.<init>(CompLoginPage.java:10)
	at testclasses.HomepageTest.companyLogin(HomepageTest.java:27)
	at java.base/jdk.internal.reflect.DirectMethodHandleAccessor.invoke(DirectMethodHandleAccessor.java:103)
	at java.base/java.lang.reflect.Method.invoke(Method.java:580)
	at org.testng.internal.invokers.MethodInvocationHelper.invokeMethod(MethodInvocationHelper.java:141)
	at org.testng.internal.invokers.TestInvoker.invokeMethod(TestInvoker.java:686)
	at org.testng.internal.invokers.TestInvoker.invokeTestMethod(TestInvoker.java:230)
	at org.testng.internal.invokers.MethodRunner.runInSequence(MethodRunner.java:63)
	at org.testng.internal.invokers.TestInvoker$MethodInvocationAgent.invoke(TestInvoker.java:992)
	at org.testng.internal.invokers.TestInvoker.invokeTestMethods(TestInvoker.java:203)
	at org.testng.internal.invokers.TestMethodWorker.invokeTestMethods(TestMethodWorker.java:154)
	at org.testng.internal.invokers.TestMethodWorker.run(TestMethodWorker.java:134)
	at java.base/java.util.ArrayList.forEach(ArrayList.java:1596)
	at org.testng.TestRunner.privateRun(TestRunner.java:739)
	at org.testng.TestRunner.run(TestRunner.java:614)
	at org.testng.SuiteRunner.runTest(SuiteRunner.java:421)
	at org.testng.SuiteRunner.runSequentially(SuiteRunner.java:413)
	at org.testng.SuiteRunner.privateRun(SuiteRunner.java:373)
	at org.testng.SuiteRunner.run(SuiteRunner.java:312)
	at org.testng.SuiteRunnerWorker.runSuite(SuiteRunnerWorker.java:52)
	at org.testng.SuiteRunnerWorker.run(SuiteRunnerWorker.java:95)
	at org.testng.TestNG.runSuitesSequentially(TestNG.java:1274)
	at org.testng.TestNG.runSuitesLocally(TestNG.java:1208)
	at org.testng.TestNG.runSuites(TestNG.java:1112)
	at org.testng.TestNG.run(TestNG.java:1079)
	at org.apache.maven.surefire.testng.TestNGExecutor.run(TestNGExecutor.java:308)
	at org.apache.maven.surefire.testng.TestNGXmlTestSuite.execute(TestNGXmlTestSuite.java:71)
	at org.apache.maven.surefire.testng.TestNGProvider.invoke(TestNGProvider.java:113)
	at org.apache.maven.surefire.booter.ForkedBooter.runSuitesInProcess(ForkedBooter.java:385)
	at org.apache.maven.surefire.booter.ForkedBooter.execute(ForkedBooter.java:162)
	at org.apache.maven.surefire.booter.ForkedBooter.run(ForkedBooter.java:507)
	at org.apache.maven.surefire.booter.ForkedBooter.main(ForkedBooter.java:495)

testclasses.HomepageTest.userLogin -- Time elapsed: 30.24 s <<< FAILURE!
com.microsoft.playwright.TimeoutError: 
Error {
  message='Timeout 30000ms exceeded.
  name='TimeoutError
  stack='TimeoutError: Timeout 30000ms exceeded.
    at ProgressController.run (C:\Users\DELL\AppData\Local\Temp\playwright-java-5170507354938619861\package\lib\server\progress.js:78:26)
    at Frame.waitForSelector (C:\Users\DELL\AppData\Local\Temp\playwright-java-5170507354938619861\package\lib\server\frames.js:619:23)
    at FrameDispatcher.waitForSelector (C:\Users\DELL\AppData\Local\Temp\playwright-java-5170507354938619861\package\lib\server\dispatchers\frameDispatcher.js:106:103)
    at FrameDispatcher._handleCommand (C:\Users\DELL\AppData\Local\Temp\playwright-java-5170507354938619861\package\lib\server\dispatchers\dispatcher.js:94:40)
    at DispatcherConnection.dispatch (C:\Users\DELL\AppData\Local\Temp\playwright-java-5170507354938619861\package\lib\server\dispatchers\dispatcher.js:361:39)
}
Call log:
- waiting for locator("#login") to be visible

	at com.microsoft.playwright.impl.WaitableResult.get(WaitableResult.java:52)
	at com.microsoft.playwright.impl.ChannelOwner.runUntil(ChannelOwner.java:120)
	at com.microsoft.playwright.impl.Connection.sendMessage(Connection.java:130)
	at com.microsoft.playwright.impl.ChannelOwner.sendMessage(ChannelOwner.java:106)
	at com.microsoft.playwright.impl.FrameImpl.waitForSelectorImpl(FrameImpl.java:1060)
	at com.microsoft.playwright.impl.LocatorImpl.lambda$waitForImpl$7(LocatorImpl.java:619)
	at com.microsoft.playwright.impl.LoggingSupport.withLogging(LoggingSupport.java:47)
	at com.microsoft.playwright.impl.ChannelOwner.withLogging(ChannelOwner.java:89)
	at com.microsoft.playwright.impl.LocatorImpl.waitForImpl(LocatorImpl.java:619)
	at com.microsoft.playwright.impl.LocatorImpl.waitFor(LocatorImpl.java:615)
	at com.microsoft.playwright.Locator.waitFor(Locator.java:5324)
	at base.Basepage.waitForVisible(Basepage.java:89)
	at com.pageclasses.UserLoginPage.clickUserLoginButton(UserLoginPage.java:38)
	at testclasses.HomepageTest.userLogin(HomepageTest.java:39)
	at java.base/jdk.internal.reflect.DirectMethodHandleAccessor.invoke(DirectMethodHandleAccessor.java:103)
	at java.base/java.lang.reflect.Method.invoke(Method.java:580)
	at org.testng.internal.invokers.MethodInvocationHelper.invokeMethod(MethodInvocationHelper.java:141)
	at org.testng.internal.invokers.TestInvoker.invokeMethod(TestInvoker.java:686)
	at org.testng.internal.invokers.TestInvoker.invokeTestMethod(TestInvoker.java:230)
	at org.testng.internal.invokers.MethodRunner.runInSequence(MethodRunner.java:63)
	at org.testng.internal.invokers.TestInvoker$MethodInvocationAgent.invoke(TestInvoker.java:992)
	at org.testng.internal.invokers.TestInvoker.invokeTestMethods(TestInvoker.java:203)
	at org.testng.internal.invokers.TestMethodWorker.invokeTestMethods(TestMethodWorker.java:154)
	at org.testng.internal.invokers.TestMethodWorker.run(TestMethodWorker.java:134)
	at java.base/java.util.ArrayList.forEach(ArrayList.java:1596)
	at org.testng.TestRunner.privateRun(TestRunner.java:739)
	at org.testng.TestRunner.run(TestRunner.java:614)
	at org.testng.SuiteRunner.runTest(SuiteRunner.java:421)
	at org.testng.SuiteRunner.runSequentially(SuiteRunner.java:413)
	at org.testng.SuiteRunner.privateRun(SuiteRunner.java:373)
	at org.testng.SuiteRunner.run(SuiteRunner.java:312)
	at org.testng.SuiteRunnerWorker.runSuite(SuiteRunnerWorker.java:52)
	at org.testng.SuiteRunnerWorker.run(SuiteRunnerWorker.java:95)
	at org.testng.TestNG.runSuitesSequentially(TestNG.java:1274)
	at org.testng.TestNG.runSuitesLocally(TestNG.java:1208)
	at org.testng.TestNG.runSuites(TestNG.java:1112)
	at org.testng.TestNG.run(TestNG.java:1079)
	at org.apache.maven.surefire.testng.TestNGExecutor.run(TestNGExecutor.java:308)
	at org.apache.maven.surefire.testng.TestNGXmlTestSuite.execute(TestNGXmlTestSuite.java:71)
	at org.apache.maven.surefire.testng.TestNGProvider.invoke(TestNGProvider.java:113)
	at org.apache.maven.surefire.booter.ForkedBooter.runSuitesInProcess(ForkedBooter.java:385)
	at org.apache.maven.surefire.booter.ForkedBooter.execute(ForkedBooter.java:162)
	at org.apache.maven.surefire.booter.ForkedBooter.run(ForkedBooter.java:507)
	at org.apache.maven.surefire.booter.ForkedBooter.main(ForkedBooter.java:495)
Caused by: com.microsoft.playwright.TimeoutError: Error {
  message='Timeout 30000ms exceeded.
  name='TimeoutError
  stack='TimeoutError: Timeout 30000ms exceeded.
    at ProgressController.run (C:\Users\DELL\AppData\Local\Temp\playwright-java-5170507354938619861\package\lib\server\progress.js:78:26)
    at Frame.waitForSelector (C:\Users\DELL\AppData\Local\Temp\playwright-java-5170507354938619861\package\lib\server\frames.js:619:23)
    at FrameDispatcher.waitForSelector (C:\Users\DELL\AppData\Local\Temp\playwright-java-5170507354938619861\package\lib\server\dispatchers\frameDispatcher.js:106:103)
    at FrameDispatcher._handleCommand (C:\Users\DELL\AppData\Local\Temp\playwright-java-5170507354938619861\package\lib\server\dispatchers\dispatcher.js:94:40)
    at DispatcherConnection.dispatch (C:\Users\DELL\AppData\Local\Temp\playwright-java-5170507354938619861\package\lib\server\dispatchers\dispatcher.js:361:39)
}
Call log:
- waiting for locator("#login") to be visible

	at com.microsoft.playwright.impl.Connection.dispatch(Connection.java:254)
	at com.microsoft.playwright.impl.Connection.processOneMessage(Connection.java:211)
	at com.microsoft.playwright.impl.ChannelOwner.runUntil(ChannelOwner.java:118)
	... 42 more

testclasses.HomepageTest.verifyHomepage -- Time elapsed: 7.060 s <<< FAILURE!
org.opentest4j.AssertionFailedError: 
Locator expected to be visible
Call log:
Locator.expect with timeout 5000ms
waiting for locator("//h4[text()='HyperLink']/preceding::input[contains(@src,'hyperLink') and contains(@class,'home')]")
	at com.microsoft.playwright.impl.AssertionsBase.expectImpl(AssertionsBase.java:69)
	at com.microsoft.playwright.impl.AssertionsBase.expectImpl(AssertionsBase.java:51)
	at com.microsoft.playwright.impl.LocatorAssertionsImpl.expectTrue(LocatorAssertionsImpl.java:392)
	at com.microsoft.playwright.impl.LocatorAssertionsImpl.isVisible(LocatorAssertionsImpl.java:387)
	at com.microsoft.playwright.assertions.LocatorAssertions.isVisible(LocatorAssertions.java:768)
	at com.pageclasses.Homepage.homepageiconcheck(Homepage.java:48)
	at testclasses.HomepageTest.verifyHomepage(HomepageTest.java:46)
	at java.base/jdk.internal.reflect.DirectMethodHandleAccessor.invoke(DirectMethodHandleAccessor.java:103)
	at java.base/java.lang.reflect.Method.invoke(Method.java:580)
	at org.testng.internal.invokers.MethodInvocationHelper.invokeMethod(MethodInvocationHelper.java:141)
	at org.testng.internal.invokers.TestInvoker.invokeMethod(TestInvoker.java:686)
	at org.testng.internal.invokers.TestInvoker.invokeTestMethod(TestInvoker.java:230)
	at org.testng.internal.invokers.MethodRunner.runInSequence(MethodRunner.java:63)
	at org.testng.internal.invokers.TestInvoker$MethodInvocationAgent.invoke(TestInvoker.java:992)
	at org.testng.internal.invokers.TestInvoker.invokeTestMethods(TestInvoker.java:203)
	at org.testng.internal.invokers.TestMethodWorker.invokeTestMethods(TestMethodWorker.java:154)
	at org.testng.internal.invokers.TestMethodWorker.run(TestMethodWorker.java:134)
	at java.base/java.util.ArrayList.forEach(ArrayList.java:1596)
	at org.testng.TestRunner.privateRun(TestRunner.java:739)
	at org.testng.TestRunner.run(TestRunner.java:614)
	at org.testng.SuiteRunner.runTest(SuiteRunner.java:421)
	at org.testng.SuiteRunner.runSequentially(SuiteRunner.java:413)
	at org.testng.SuiteRunner.privateRun(SuiteRunner.java:373)
	at org.testng.SuiteRunner.run(SuiteRunner.java:312)
	at org.testng.SuiteRunnerWorker.runSuite(SuiteRunnerWorker.java:52)
	at org.testng.SuiteRunnerWorker.run(SuiteRunnerWorker.java:95)
	at org.testng.TestNG.runSuitesSequentially(TestNG.java:1274)
	at org.testng.TestNG.runSuitesLocally(TestNG.java:1208)
	at org.testng.TestNG.runSuites(TestNG.java:1112)
	at org.testng.TestNG.run(TestNG.java:1079)
	at org.apache.maven.surefire.testng.TestNGExecutor.run(TestNGExecutor.java:308)
	at org.apache.maven.surefire.testng.TestNGXmlTestSuite.execute(TestNGXmlTestSuite.java:71)
	at org.apache.maven.surefire.testng.TestNGProvider.invoke(TestNGProvider.java:113)
	at org.apache.maven.surefire.booter.ForkedBooter.runSuitesInProcess(ForkedBooter.java:385)
	at org.apache.maven.surefire.booter.ForkedBooter.execute(ForkedBooter.java:162)
	at org.apache.maven.surefire.booter.ForkedBooter.run(ForkedBooter.java:507)
	at org.apache.maven.surefire.booter.ForkedBooter.main(ForkedBooter.java:495)

testclasses.HomepageTest.verifyfileSearch -- Time elapsed: 30.03 s <<< FAILURE!
com.microsoft.playwright.TimeoutError: 
Error {
  message='Timeout 30000ms exceeded.
  name='TimeoutError
  stack='TimeoutError: Timeout 30000ms exceeded.
    at ProgressController.run (C:\Users\DELL\AppData\Local\Temp\playwright-java-5170507354938619861\package\lib\server\progress.js:78:26)
    at Frame.waitForSelector (C:\Users\DELL\AppData\Local\Temp\playwright-java-5170507354938619861\package\lib\server\frames.js:619:23)
    at FrameDispatcher.waitForSelector (C:\Users\DELL\AppData\Local\Temp\playwright-java-5170507354938619861\package\lib\server\dispatchers\frameDispatcher.js:106:103)
    at FrameDispatcher._handleCommand (C:\Users\DELL\AppData\Local\Temp\playwright-java-5170507354938619861\package\lib\server\dispatchers\dispatcher.js:94:40)
    at DispatcherConnection.dispatch (C:\Users\DELL\AppData\Local\Temp\playwright-java-5170507354938619861\package\lib\server\dispatchers\dispatcher.js:361:39)
}
Call log:
- waiting for locator("//img[contains(@src,'search')]/preceding::input[@placeholder='Search']") to be visible

	at com.microsoft.playwright.impl.WaitableResult.get(WaitableResult.java:52)
	at com.microsoft.playwright.impl.ChannelOwner.runUntil(ChannelOwner.java:120)
	at com.microsoft.playwright.impl.Connection.sendMessage(Connection.java:130)
	at com.microsoft.playwright.impl.ChannelOwner.sendMessage(ChannelOwner.java:106)
	at com.microsoft.playwright.impl.FrameImpl.waitForSelectorImpl(FrameImpl.java:1060)
	at com.microsoft.playwright.impl.LocatorImpl.lambda$waitForImpl$7(LocatorImpl.java:619)
	at com.microsoft.playwright.impl.LoggingSupport.withLogging(LoggingSupport.java:47)
	at com.microsoft.playwright.impl.ChannelOwner.withLogging(ChannelOwner.java:89)
	at com.microsoft.playwright.impl.LocatorImpl.waitForImpl(LocatorImpl.java:619)
	at com.microsoft.playwright.impl.LocatorImpl.waitFor(LocatorImpl.java:615)
	at com.microsoft.playwright.Locator.waitFor(Locator.java:5324)
	at base.Basepage.waitForVisible(Basepage.java:89)
	at base.Basepage.searchBar(Basepage.java:126)
	at com.pageclasses.Homepage.searchfileinsearchbar(Homepage.java:57)
	at testclasses.HomepageTest.verifyfileSearch(HomepageTest.java:53)
	at java.base/jdk.internal.reflect.DirectMethodHandleAccessor.invoke(DirectMethodHandleAccessor.java:103)
	at java.base/java.lang.reflect.Method.invoke(Method.java:580)
	at org.testng.internal.invokers.MethodInvocationHelper.invokeMethod(MethodInvocationHelper.java:141)
	at org.testng.internal.invokers.TestInvoker.invokeMethod(TestInvoker.java:686)
	at org.testng.internal.invokers.TestInvoker.invokeTestMethod(TestInvoker.java:230)
	at org.testng.internal.invokers.MethodRunner.runInSequence(MethodRunner.java:63)
	at org.testng.internal.invokers.TestInvoker$MethodInvocationAgent.invoke(TestInvoker.java:992)
	at org.testng.internal.invokers.TestInvoker.invokeTestMethods(TestInvoker.java:203)
	at org.testng.internal.invokers.TestMethodWorker.invokeTestMethods(TestMethodWorker.java:154)
	at org.testng.internal.invokers.TestMethodWorker.run(TestMethodWorker.java:134)
	at java.base/java.util.ArrayList.forEach(ArrayList.java:1596)
	at org.testng.TestRunner.privateRun(TestRunner.java:739)
	at org.testng.TestRunner.run(TestRunner.java:614)
	at org.testng.SuiteRunner.runTest(SuiteRunner.java:421)
	at org.testng.SuiteRunner.runSequentially(SuiteRunner.java:413)
	at org.testng.SuiteRunner.privateRun(SuiteRunner.java:373)
	at org.testng.SuiteRunner.run(SuiteRunner.java:312)
	at org.testng.SuiteRunnerWorker.runSuite(SuiteRunnerWorker.java:52)
	at org.testng.SuiteRunnerWorker.run(SuiteRunnerWorker.java:95)
	at org.testng.TestNG.runSuitesSequentially(TestNG.java:1274)
	at org.testng.TestNG.runSuitesLocally(TestNG.java:1208)
	at org.testng.TestNG.runSuites(TestNG.java:1112)
	at org.testng.TestNG.run(TestNG.java:1079)
	at org.apache.maven.surefire.testng.TestNGExecutor.run(TestNGExecutor.java:308)
	at org.apache.maven.surefire.testng.TestNGXmlTestSuite.execute(TestNGXmlTestSuite.java:71)
	at org.apache.maven.surefire.testng.TestNGProvider.invoke(TestNGProvider.java:113)
	at org.apache.maven.surefire.booter.ForkedBooter.runSuitesInProcess(ForkedBooter.java:385)
	at org.apache.maven.surefire.booter.ForkedBooter.execute(ForkedBooter.java:162)
	at org.apache.maven.surefire.booter.ForkedBooter.run(ForkedBooter.java:507)
	at org.apache.maven.surefire.booter.ForkedBooter.main(ForkedBooter.java:495)
Caused by: com.microsoft.playwright.TimeoutError: Error {
  message='Timeout 30000ms exceeded.
  name='TimeoutError
  stack='TimeoutError: Timeout 30000ms exceeded.
    at ProgressController.run (C:\Users\DELL\AppData\Local\Temp\playwright-java-5170507354938619861\package\lib\server\progress.js:78:26)
    at Frame.waitForSelector (C:\Users\DELL\AppData\Local\Temp\playwright-java-5170507354938619861\package\lib\server\frames.js:619:23)
    at FrameDispatcher.waitForSelector (C:\Users\DELL\AppData\Local\Temp\playwright-java-5170507354938619861\package\lib\server\dispatchers\frameDispatcher.js:106:103)
    at FrameDispatcher._handleCommand (C:\Users\DELL\AppData\Local\Temp\playwright-java-5170507354938619861\package\lib\server\dispatchers\dispatcher.js:94:40)
    at DispatcherConnection.dispatch (C:\Users\DELL\AppData\Local\Temp\playwright-java-5170507354938619861\package\lib\server\dispatchers\dispatcher.js:361:39)
}
Call log:
- waiting for locator("//img[contains(@src,'search')]/preceding::input[@placeholder='Search']") to be visible

	at com.microsoft.playwright.impl.Connection.dispatch(Connection.java:254)
	at com.microsoft.playwright.impl.Connection.processOneMessage(Connection.java:211)
	at com.microsoft.playwright.impl.ChannelOwner.runUntil(ChannelOwner.java:118)
	... 43 more

testclasses.HomepageTest.verifya3dfileSearch -- Time elapsed: 30.02 s <<< FAILURE!
com.microsoft.playwright.TimeoutError: 
Error {
  message='Timeout 30000ms exceeded.
  name='TimeoutError
  stack='TimeoutError: Timeout 30000ms exceeded.
    at ProgressController.run (C:\Users\DELL\AppData\Local\Temp\playwright-java-5170507354938619861\package\lib\server\progress.js:78:26)
    at Frame.waitForSelector (C:\Users\DELL\AppData\Local\Temp\playwright-java-5170507354938619861\package\lib\server\frames.js:619:23)
    at FrameDispatcher.waitForSelector (C:\Users\DELL\AppData\Local\Temp\playwright-java-5170507354938619861\package\lib\server\dispatchers\frameDispatcher.js:106:103)
    at FrameDispatcher._handleCommand (C:\Users\DELL\AppData\Local\Temp\playwright-java-5170507354938619861\package\lib\server\dispatchers\dispatcher.js:94:40)
    at DispatcherConnection.dispatch (C:\Users\DELL\AppData\Local\Temp\playwright-java-5170507354938619861\package\lib\server\dispatchers\dispatcher.js:361:39)
}
Call log:
- waiting for locator("//img[contains(@src,'search')]/preceding::input[@placeholder='Search']") to be visible

	at com.microsoft.playwright.impl.WaitableResult.get(WaitableResult.java:52)
	at com.microsoft.playwright.impl.ChannelOwner.runUntil(ChannelOwner.java:120)
	at com.microsoft.playwright.impl.Connection.sendMessage(Connection.java:130)
	at com.microsoft.playwright.impl.ChannelOwner.sendMessage(ChannelOwner.java:106)
	at com.microsoft.playwright.impl.FrameImpl.waitForSelectorImpl(FrameImpl.java:1060)
	at com.microsoft.playwright.impl.LocatorImpl.lambda$waitForImpl$7(LocatorImpl.java:619)
	at com.microsoft.playwright.impl.LoggingSupport.withLogging(LoggingSupport.java:47)
	at com.microsoft.playwright.impl.ChannelOwner.withLogging(ChannelOwner.java:89)
	at com.microsoft.playwright.impl.LocatorImpl.waitForImpl(LocatorImpl.java:619)
	at com.microsoft.playwright.impl.LocatorImpl.waitFor(LocatorImpl.java:615)
	at com.microsoft.playwright.Locator.waitFor(Locator.java:5324)
	at base.Basepage.waitForVisible(Basepage.java:89)
	at base.Basepage.searchBar(Basepage.java:126)
	at com.pageclasses.Homepage.searchfileinsearchbar(Homepage.java:57)
	at testclasses.HomepageTest.verifya3dfileSearch(HomepageTest.java:60)
	at java.base/jdk.internal.reflect.DirectMethodHandleAccessor.invoke(DirectMethodHandleAccessor.java:103)
	at java.base/java.lang.reflect.Method.invoke(Method.java:580)
	at org.testng.internal.invokers.MethodInvocationHelper.invokeMethod(MethodInvocationHelper.java:141)
	at org.testng.internal.invokers.TestInvoker.invokeMethod(TestInvoker.java:686)
	at org.testng.internal.invokers.TestInvoker.invokeTestMethod(TestInvoker.java:230)
	at org.testng.internal.invokers.MethodRunner.runInSequence(MethodRunner.java:63)
	at org.testng.internal.invokers.TestInvoker$MethodInvocationAgent.invoke(TestInvoker.java:992)
	at org.testng.internal.invokers.TestInvoker.invokeTestMethods(TestInvoker.java:203)
	at org.testng.internal.invokers.TestMethodWorker.invokeTestMethods(TestMethodWorker.java:154)
	at org.testng.internal.invokers.TestMethodWorker.run(TestMethodWorker.java:134)
	at java.base/java.util.ArrayList.forEach(ArrayList.java:1596)
	at org.testng.TestRunner.privateRun(TestRunner.java:739)
	at org.testng.TestRunner.run(TestRunner.java:614)
	at org.testng.SuiteRunner.runTest(SuiteRunner.java:421)
	at org.testng.SuiteRunner.runSequentially(SuiteRunner.java:413)
	at org.testng.SuiteRunner.privateRun(SuiteRunner.java:373)
	at org.testng.SuiteRunner.run(SuiteRunner.java:312)
	at org.testng.SuiteRunnerWorker.runSuite(SuiteRunnerWorker.java:52)
	at org.testng.SuiteRunnerWorker.run(SuiteRunnerWorker.java:95)
	at org.testng.TestNG.runSuitesSequentially(TestNG.java:1274)
	at org.testng.TestNG.runSuitesLocally(TestNG.java:1208)
	at org.testng.TestNG.runSuites(TestNG.java:1112)
	at org.testng.TestNG.run(TestNG.java:1079)
	at org.apache.maven.surefire.testng.TestNGExecutor.run(TestNGExecutor.java:308)
	at org.apache.maven.surefire.testng.TestNGXmlTestSuite.execute(TestNGXmlTestSuite.java:71)
	at org.apache.maven.surefire.testng.TestNGProvider.invoke(TestNGProvider.java:113)
	at org.apache.maven.surefire.booter.ForkedBooter.runSuitesInProcess(ForkedBooter.java:385)
	at org.apache.maven.surefire.booter.ForkedBooter.execute(ForkedBooter.java:162)
	at org.apache.maven.surefire.booter.ForkedBooter.run(ForkedBooter.java:507)
	at org.apache.maven.surefire.booter.ForkedBooter.main(ForkedBooter.java:495)
Caused by: com.microsoft.playwright.TimeoutError: Error {
  message='Timeout 30000ms exceeded.
  name='TimeoutError
  stack='TimeoutError: Timeout 30000ms exceeded.
    at ProgressController.run (C:\Users\DELL\AppData\Local\Temp\playwright-java-5170507354938619861\package\lib\server\progress.js:78:26)
    at Frame.waitForSelector (C:\Users\DELL\AppData\Local\Temp\playwright-java-5170507354938619861\package\lib\server\frames.js:619:23)
    at FrameDispatcher.waitForSelector (C:\Users\DELL\AppData\Local\Temp\playwright-java-5170507354938619861\package\lib\server\dispatchers\frameDispatcher.js:106:103)
    at FrameDispatcher._handleCommand (C:\Users\DELL\AppData\Local\Temp\playwright-java-5170507354938619861\package\lib\server\dispatchers\dispatcher.js:94:40)
    at DispatcherConnection.dispatch (C:\Users\DELL\AppData\Local\Temp\playwright-java-5170507354938619861\package\lib\server\dispatchers\dispatcher.js:361:39)
}
Call log:
- waiting for locator("//img[contains(@src,'search')]/preceding::input[@placeholder='Search']") to be visible

	at com.microsoft.playwright.impl.Connection.dispatch(Connection.java:254)
	at com.microsoft.playwright.impl.Connection.processOneMessage(Connection.java:211)
	at com.microsoft.playwright.impl.ChannelOwner.runUntil(ChannelOwner.java:118)
	... 43 more

testclasses.HomepageTest.verifya3dprtfileSearch -- Time elapsed: 30.03 s <<< FAILURE!
com.microsoft.playwright.TimeoutError: 
Error {
  message='Timeout 30000ms exceeded.
  name='TimeoutError
  stack='TimeoutError: Timeout 30000ms exceeded.
    at ProgressController.run (C:\Users\DELL\AppData\Local\Temp\playwright-java-5170507354938619861\package\lib\server\progress.js:78:26)
    at Frame.waitForSelector (C:\Users\DELL\AppData\Local\Temp\playwright-java-5170507354938619861\package\lib\server\frames.js:619:23)
    at FrameDispatcher.waitForSelector (C:\Users\DELL\AppData\Local\Temp\playwright-java-5170507354938619861\package\lib\server\dispatchers\frameDispatcher.js:106:103)
    at FrameDispatcher._handleCommand (C:\Users\DELL\AppData\Local\Temp\playwright-java-5170507354938619861\package\lib\server\dispatchers\dispatcher.js:94:40)
    at DispatcherConnection.dispatch (C:\Users\DELL\AppData\Local\Temp\playwright-java-5170507354938619861\package\lib\server\dispatchers\dispatcher.js:361:39)
}
Call log:
- waiting for locator("//img[contains(@src,'search')]/preceding::input[@placeholder='Search']") to be visible

	at com.microsoft.playwright.impl.WaitableResult.get(WaitableResult.java:52)
	at com.microsoft.playwright.impl.ChannelOwner.runUntil(ChannelOwner.java:120)
	at com.microsoft.playwright.impl.Connection.sendMessage(Connection.java:130)
	at com.microsoft.playwright.impl.ChannelOwner.sendMessage(ChannelOwner.java:106)
	at com.microsoft.playwright.impl.FrameImpl.waitForSelectorImpl(FrameImpl.java:1060)
	at com.microsoft.playwright.impl.LocatorImpl.lambda$waitForImpl$7(LocatorImpl.java:619)
	at com.microsoft.playwright.impl.LoggingSupport.withLogging(LoggingSupport.java:47)
	at com.microsoft.playwright.impl.ChannelOwner.withLogging(ChannelOwner.java:89)
	at com.microsoft.playwright.impl.LocatorImpl.waitForImpl(LocatorImpl.java:619)
	at com.microsoft.playwright.impl.LocatorImpl.waitFor(LocatorImpl.java:615)
	at com.microsoft.playwright.Locator.waitFor(Locator.java:5324)
	at base.Basepage.waitForVisible(Basepage.java:89)
	at base.Basepage.searchBar(Basepage.java:126)
	at com.pageclasses.Homepage.searchfileinsearchbar(Homepage.java:57)
	at testclasses.HomepageTest.verifya3dprtfileSearch(HomepageTest.java:67)
	at java.base/jdk.internal.reflect.DirectMethodHandleAccessor.invoke(DirectMethodHandleAccessor.java:103)
	at java.base/java.lang.reflect.Method.invoke(Method.java:580)
	at org.testng.internal.invokers.MethodInvocationHelper.invokeMethod(MethodInvocationHelper.java:141)
	at org.testng.internal.invokers.TestInvoker.invokeMethod(TestInvoker.java:686)
	at org.testng.internal.invokers.TestInvoker.invokeTestMethod(TestInvoker.java:230)
	at org.testng.internal.invokers.MethodRunner.runInSequence(MethodRunner.java:63)
	at org.testng.internal.invokers.TestInvoker$MethodInvocationAgent.invoke(TestInvoker.java:992)
	at org.testng.internal.invokers.TestInvoker.invokeTestMethods(TestInvoker.java:203)
	at org.testng.internal.invokers.TestMethodWorker.invokeTestMethods(TestMethodWorker.java:154)
	at org.testng.internal.invokers.TestMethodWorker.run(TestMethodWorker.java:134)
	at java.base/java.util.ArrayList.forEach(ArrayList.java:1596)
	at org.testng.TestRunner.privateRun(TestRunner.java:739)
	at org.testng.TestRunner.run(TestRunner.java:614)
	at org.testng.SuiteRunner.runTest(SuiteRunner.java:421)
	at org.testng.SuiteRunner.runSequentially(SuiteRunner.java:413)
	at org.testng.SuiteRunner.privateRun(SuiteRunner.java:373)
	at org.testng.SuiteRunner.run(SuiteRunner.java:312)
	at org.testng.SuiteRunnerWorker.runSuite(SuiteRunnerWorker.java:52)
	at org.testng.SuiteRunnerWorker.run(SuiteRunnerWorker.java:95)
	at org.testng.TestNG.runSuitesSequentially(TestNG.java:1274)
	at org.testng.TestNG.runSuitesLocally(TestNG.java:1208)
	at org.testng.TestNG.runSuites(TestNG.java:1112)
	at org.testng.TestNG.run(TestNG.java:1079)
	at org.apache.maven.surefire.testng.TestNGExecutor.run(TestNGExecutor.java:308)
	at org.apache.maven.surefire.testng.TestNGXmlTestSuite.execute(TestNGXmlTestSuite.java:71)
	at org.apache.maven.surefire.testng.TestNGProvider.invoke(TestNGProvider.java:113)
	at org.apache.maven.surefire.booter.ForkedBooter.runSuitesInProcess(ForkedBooter.java:385)
	at org.apache.maven.surefire.booter.ForkedBooter.execute(ForkedBooter.java:162)
	at org.apache.maven.surefire.booter.ForkedBooter.run(ForkedBooter.java:507)
	at org.apache.maven.surefire.booter.ForkedBooter.main(ForkedBooter.java:495)
Caused by: com.microsoft.playwright.TimeoutError: Error {
  message='Timeout 30000ms exceeded.
  name='TimeoutError
  stack='TimeoutError: Timeout 30000ms exceeded.
    at ProgressController.run (C:\Users\DELL\AppData\Local\Temp\playwright-java-5170507354938619861\package\lib\server\progress.js:78:26)
    at Frame.waitForSelector (C:\Users\DELL\AppData\Local\Temp\playwright-java-5170507354938619861\package\lib\server\frames.js:619:23)
    at FrameDispatcher.waitForSelector (C:\Users\DELL\AppData\Local\Temp\playwright-java-5170507354938619861\package\lib\server\dispatchers\frameDispatcher.js:106:103)
    at FrameDispatcher._handleCommand (C:\Users\DELL\AppData\Local\Temp\playwright-java-5170507354938619861\package\lib\server\dispatchers\dispatcher.js:94:40)
    at DispatcherConnection.dispatch (C:\Users\DELL\AppData\Local\Temp\playwright-java-5170507354938619861\package\lib\server\dispatchers\dispatcher.js:361:39)
}
Call log:
- waiting for locator("//img[contains(@src,'search')]/preceding::input[@placeholder='Search']") to be visible

	at com.microsoft.playwright.impl.Connection.dispatch(Connection.java:254)
	at com.microsoft.playwright.impl.Connection.processOneMessage(Connection.java:211)
	at com.microsoft.playwright.impl.ChannelOwner.runUntil(ChannelOwner.java:118)
	... 43 more

testclasses.HomepageTest.verifyjpgfileSearch -- Time elapsed: 7.686 s <<< FAILURE!
com.microsoft.playwright.impl.TargetClosedError: 
Error {
  message='Target page, context or browser has been closed
  name='TargetClosedError
  stack='TargetClosedError:Target page, context or browser has been closed
Error
    at captureRawStack (C:\Users\DELL\AppData\Local\Temp\playwright-java-5170507354938619861\package\lib\utils\stackTrace.js:49:17)
    at LongStandingScope._race (C:\Users\DELL\AppData\Local\Temp\playwright-java-5170507354938619861\package\lib\utils\manualPromise.js:91:52)
    at LongStandingScope.race (C:\Users\DELL\AppData\Local\Temp\playwright-java-5170507354938619861\package\lib\utils\manualPromise.js:84:17)
    at FrameDispatcher._handleCommand (C:\Users\DELL\AppData\Local\Temp\playwright-java-5170507354938619861\package\lib\server\dispatchers\dispatcher.js:96:36)
    at DispatcherConnection.dispatch (C:\Users\DELL\AppData\Local\Temp\playwright-java-5170507354938619861\package\lib\server\dispatchers\dispatcher.js:361:39)
}
Call log:
- waiting for locator("//img[contains(@src,'search')]/preceding::input[@placeholder='Search']") to be visible

	at com.microsoft.playwright.impl.WaitableResult.get(WaitableResult.java:54)
	at com.microsoft.playwright.impl.ChannelOwner.runUntil(ChannelOwner.java:120)
	at com.microsoft.playwright.impl.Connection.sendMessage(Connection.java:130)
	at com.microsoft.playwright.impl.ChannelOwner.sendMessage(ChannelOwner.java:106)
	at com.microsoft.playwright.impl.FrameImpl.waitForSelectorImpl(FrameImpl.java:1060)
	at com.microsoft.playwright.impl.LocatorImpl.lambda$waitForImpl$7(LocatorImpl.java:619)
	at com.microsoft.playwright.impl.LoggingSupport.withLogging(LoggingSupport.java:47)
	at com.microsoft.playwright.impl.ChannelOwner.withLogging(ChannelOwner.java:89)
	at com.microsoft.playwright.impl.LocatorImpl.waitForImpl(LocatorImpl.java:619)
	at com.microsoft.playwright.impl.LocatorImpl.waitFor(LocatorImpl.java:615)
	at com.microsoft.playwright.Locator.waitFor(Locator.java:5324)
	at base.Basepage.waitForVisible(Basepage.java:89)
	at base.Basepage.searchBar(Basepage.java:126)
	at com.pageclasses.Homepage.searchfileinsearchbar(Homepage.java:57)
	at testclasses.HomepageTest.verifyjpgfileSearch(HomepageTest.java:74)
	at java.base/jdk.internal.reflect.DirectMethodHandleAccessor.invoke(DirectMethodHandleAccessor.java:103)
	at java.base/java.lang.reflect.Method.invoke(Method.java:580)
	at org.testng.internal.invokers.MethodInvocationHelper.invokeMethod(MethodInvocationHelper.java:141)
	at org.testng.internal.invokers.TestInvoker.invokeMethod(TestInvoker.java:686)
	at org.testng.internal.invokers.TestInvoker.invokeTestMethod(TestInvoker.java:230)
	at org.testng.internal.invokers.MethodRunner.runInSequence(MethodRunner.java:63)
	at org.testng.internal.invokers.TestInvoker$MethodInvocationAgent.invoke(TestInvoker.java:992)
	at org.testng.internal.invokers.TestInvoker.invokeTestMethods(TestInvoker.java:203)
	at org.testng.internal.invokers.TestMethodWorker.invokeTestMethods(TestMethodWorker.java:154)
	at org.testng.internal.invokers.TestMethodWorker.run(TestMethodWorker.java:134)
	at java.base/java.util.ArrayList.forEach(ArrayList.java:1596)
	at org.testng.TestRunner.privateRun(TestRunner.java:739)
	at org.testng.TestRunner.run(TestRunner.java:614)
	at org.testng.SuiteRunner.runTest(SuiteRunner.java:421)
	at org.testng.SuiteRunner.runSequentially(SuiteRunner.java:413)
	at org.testng.SuiteRunner.privateRun(SuiteRunner.java:373)
	at org.testng.SuiteRunner.run(SuiteRunner.java:312)
	at org.testng.SuiteRunnerWorker.runSuite(SuiteRunnerWorker.java:52)
	at org.testng.SuiteRunnerWorker.run(SuiteRunnerWorker.java:95)
	at org.testng.TestNG.runSuitesSequentially(TestNG.java:1274)
	at org.testng.TestNG.runSuitesLocally(TestNG.java:1208)
	at org.testng.TestNG.runSuites(TestNG.java:1112)
	at org.testng.TestNG.run(TestNG.java:1079)
	at org.apache.maven.surefire.testng.TestNGExecutor.run(TestNGExecutor.java:308)
	at org.apache.maven.surefire.testng.TestNGXmlTestSuite.execute(TestNGXmlTestSuite.java:71)
	at org.apache.maven.surefire.testng.TestNGProvider.invoke(TestNGProvider.java:113)
	at org.apache.maven.surefire.booter.ForkedBooter.runSuitesInProcess(ForkedBooter.java:385)
	at org.apache.maven.surefire.booter.ForkedBooter.execute(ForkedBooter.java:162)
	at org.apache.maven.surefire.booter.ForkedBooter.run(ForkedBooter.java:507)
	at org.apache.maven.surefire.booter.ForkedBooter.main(ForkedBooter.java:495)
Caused by: com.microsoft.playwright.impl.TargetClosedError: Error {
  message='Target page, context or browser has been closed
  name='TargetClosedError
  stack='TargetClosedError:Target page, context or browser has been closed
Error
    at captureRawStack (C:\Users\DELL\AppData\Local\Temp\playwright-java-5170507354938619861\package\lib\utils\stackTrace.js:49:17)
    at LongStandingScope._race (C:\Users\DELL\AppData\Local\Temp\playwright-java-5170507354938619861\package\lib\utils\manualPromise.js:91:52)
    at LongStandingScope.race (C:\Users\DELL\AppData\Local\Temp\playwright-java-5170507354938619861\package\lib\utils\manualPromise.js:84:17)
    at FrameDispatcher._handleCommand (C:\Users\DELL\AppData\Local\Temp\playwright-java-5170507354938619861\package\lib\server\dispatchers\dispatcher.js:96:36)
    at DispatcherConnection.dispatch (C:\Users\DELL\AppData\Local\Temp\playwright-java-5170507354938619861\package\lib\server\dispatchers\dispatcher.js:361:39)
}
Call log:
- waiting for locator("//img[contains(@src,'search')]/preceding::input[@placeholder='Search']") to be visible

	at com.microsoft.playwright.impl.Connection.dispatch(Connection.java:256)
	at com.microsoft.playwright.impl.Connection.processOneMessage(Connection.java:211)
	at com.microsoft.playwright.impl.ChannelOwner.runUntil(ChannelOwner.java:118)
	... 43 more

testclasses.HomepageTest.verifytiffileSearch -- Time elapsed: 0.009 s <<< FAILURE!
com.microsoft.playwright.impl.TargetClosedError: 
Error {
  message='Target page, context or browser has been closed
  name='TargetClosedError
  stack='TargetClosedError: Target page, context or browser has been closed
    at DispatcherConnection.dispatch (C:\Users\DELL\AppData\Local\Temp\playwright-java-5170507354938619861\package\lib\server\dispatchers\dispatcher.js:273:44)
    at transport.onmessage (C:\Users\DELL\AppData\Local\Temp\playwright-java-5170507354938619861\package\lib\cli\driver.js:52:57)
    at Immediate._onImmediate (C:\Users\DELL\AppData\Local\Temp\playwright-java-5170507354938619861\package\lib\protocol\transport.js:77:34)
    at process.processImmediate (node:internal/timers:478:21)
}
	at com.microsoft.playwright.impl.WaitableResult.get(WaitableResult.java:54)
	at com.microsoft.playwright.impl.ChannelOwner.runUntil(ChannelOwner.java:120)
	at com.microsoft.playwright.impl.Connection.sendMessage(Connection.java:130)
	at com.microsoft.playwright.impl.ChannelOwner.sendMessage(ChannelOwner.java:106)
	at com.microsoft.playwright.impl.FrameImpl.waitForSelectorImpl(FrameImpl.java:1060)
	at com.microsoft.playwright.impl.LocatorImpl.lambda$waitForImpl$7(LocatorImpl.java:619)
	at com.microsoft.playwright.impl.LoggingSupport.withLogging(LoggingSupport.java:47)
	at com.microsoft.playwright.impl.ChannelOwner.withLogging(ChannelOwner.java:89)
	at com.microsoft.playwright.impl.LocatorImpl.waitForImpl(LocatorImpl.java:619)
	at com.microsoft.playwright.impl.LocatorImpl.waitFor(LocatorImpl.java:615)
	at com.microsoft.playwright.Locator.waitFor(Locator.java:5324)
	at base.Basepage.waitForVisible(Basepage.java:89)
	at base.Basepage.searchBar(Basepage.java:126)
	at com.pageclasses.Homepage.searchfileinsearchbar(Homepage.java:57)
	at testclasses.HomepageTest.verifytiffileSearch(HomepageTest.java:81)
	at java.base/jdk.internal.reflect.DirectMethodHandleAccessor.invoke(DirectMethodHandleAccessor.java:103)
	at java.base/java.lang.reflect.Method.invoke(Method.java:580)
	at org.testng.internal.invokers.MethodInvocationHelper.invokeMethod(MethodInvocationHelper.java:141)
	at org.testng.internal.invokers.TestInvoker.invokeMethod(TestInvoker.java:686)
	at org.testng.internal.invokers.TestInvoker.invokeTestMethod(TestInvoker.java:230)
	at org.testng.internal.invokers.MethodRunner.runInSequence(MethodRunner.java:63)
	at org.testng.internal.invokers.TestInvoker$MethodInvocationAgent.invoke(TestInvoker.java:992)
	at org.testng.internal.invokers.TestInvoker.invokeTestMethods(TestInvoker.java:203)
	at org.testng.internal.invokers.TestMethodWorker.invokeTestMethods(TestMethodWorker.java:154)
	at org.testng.internal.invokers.TestMethodWorker.run(TestMethodWorker.java:134)
	at java.base/java.util.ArrayList.forEach(ArrayList.java:1596)
	at org.testng.TestRunner.privateRun(TestRunner.java:739)
	at org.testng.TestRunner.run(TestRunner.java:614)
	at org.testng.SuiteRunner.runTest(SuiteRunner.java:421)
	at org.testng.SuiteRunner.runSequentially(SuiteRunner.java:413)
	at org.testng.SuiteRunner.privateRun(SuiteRunner.java:373)
	at org.testng.SuiteRunner.run(SuiteRunner.java:312)
	at org.testng.SuiteRunnerWorker.runSuite(SuiteRunnerWorker.java:52)
	at org.testng.SuiteRunnerWorker.run(SuiteRunnerWorker.java:95)
	at org.testng.TestNG.runSuitesSequentially(TestNG.java:1274)
	at org.testng.TestNG.runSuitesLocally(TestNG.java:1208)
	at org.testng.TestNG.runSuites(TestNG.java:1112)
	at org.testng.TestNG.run(TestNG.java:1079)
	at org.apache.maven.surefire.testng.TestNGExecutor.run(TestNGExecutor.java:308)
	at org.apache.maven.surefire.testng.TestNGXmlTestSuite.execute(TestNGXmlTestSuite.java:71)
	at org.apache.maven.surefire.testng.TestNGProvider.invoke(TestNGProvider.java:113)
	at org.apache.maven.surefire.booter.ForkedBooter.runSuitesInProcess(ForkedBooter.java:385)
	at org.apache.maven.surefire.booter.ForkedBooter.execute(ForkedBooter.java:162)
	at org.apache.maven.surefire.booter.ForkedBooter.run(ForkedBooter.java:507)
	at org.apache.maven.surefire.booter.ForkedBooter.main(ForkedBooter.java:495)
Caused by: com.microsoft.playwright.impl.TargetClosedError: Error {
  message='Target page, context or browser has been closed
  name='TargetClosedError
  stack='TargetClosedError: Target page, context or browser has been closed
    at DispatcherConnection.dispatch (C:\Users\DELL\AppData\Local\Temp\playwright-java-5170507354938619861\package\lib\server\dispatchers\dispatcher.js:273:44)
    at transport.onmessage (C:\Users\DELL\AppData\Local\Temp\playwright-java-5170507354938619861\package\lib\cli\driver.js:52:57)
    at Immediate._onImmediate (C:\Users\DELL\AppData\Local\Temp\playwright-java-5170507354938619861\package\lib\protocol\transport.js:77:34)
    at process.processImmediate (node:internal/timers:478:21)
}
	at com.microsoft.playwright.impl.Connection.dispatch(Connection.java:256)
	at com.microsoft.playwright.impl.Connection.processOneMessage(Connection.java:211)
	at com.microsoft.playwright.impl.ChannelOwner.runUntil(ChannelOwner.java:118)
	... 43 more

testclasses.HomepageTest.verifydwgfileSearch -- Time elapsed: 0.010 s <<< FAILURE!
com.microsoft.playwright.impl.TargetClosedError: 
Error {
  message='Target page, context or browser has been closed
  name='TargetClosedError
  stack='TargetClosedError: Target page, context or browser has been closed
    at DispatcherConnection.dispatch (C:\Users\DELL\AppData\Local\Temp\playwright-java-5170507354938619861\package\lib\server\dispatchers\dispatcher.js:273:44)
    at transport.onmessage (C:\Users\DELL\AppData\Local\Temp\playwright-java-5170507354938619861\package\lib\cli\driver.js:52:57)
    at Immediate._onImmediate (C:\Users\DELL\AppData\Local\Temp\playwright-java-5170507354938619861\package\lib\protocol\transport.js:77:34)
    at process.processImmediate (node:internal/timers:478:21)
}
	at com.microsoft.playwright.impl.WaitableResult.get(WaitableResult.java:54)
	at com.microsoft.playwright.impl.ChannelOwner.runUntil(ChannelOwner.java:120)
	at com.microsoft.playwright.impl.Connection.sendMessage(Connection.java:130)
	at com.microsoft.playwright.impl.ChannelOwner.sendMessage(ChannelOwner.java:106)
	at com.microsoft.playwright.impl.FrameImpl.waitForSelectorImpl(FrameImpl.java:1060)
	at com.microsoft.playwright.impl.LocatorImpl.lambda$waitForImpl$7(LocatorImpl.java:619)
	at com.microsoft.playwright.impl.LoggingSupport.withLogging(LoggingSupport.java:47)
	at com.microsoft.playwright.impl.ChannelOwner.withLogging(ChannelOwner.java:89)
	at com.microsoft.playwright.impl.LocatorImpl.waitForImpl(LocatorImpl.java:619)
	at com.microsoft.playwright.impl.LocatorImpl.waitFor(LocatorImpl.java:615)
	at com.microsoft.playwright.Locator.waitFor(Locator.java:5324)
	at base.Basepage.waitForVisible(Basepage.java:89)
	at base.Basepage.searchBar(Basepage.java:126)
	at com.pageclasses.Homepage.searchfileinsearchbar(Homepage.java:57)
	at testclasses.HomepageTest.verifydwgfileSearch(HomepageTest.java:88)
	at java.base/jdk.internal.reflect.DirectMethodHandleAccessor.invoke(DirectMethodHandleAccessor.java:103)
	at java.base/java.lang.reflect.Method.invoke(Method.java:580)
	at org.testng.internal.invokers.MethodInvocationHelper.invokeMethod(MethodInvocationHelper.java:141)
	at org.testng.internal.invokers.TestInvoker.invokeMethod(TestInvoker.java:686)
	at org.testng.internal.invokers.TestInvoker.invokeTestMethod(TestInvoker.java:230)
	at org.testng.internal.invokers.MethodRunner.runInSequence(MethodRunner.java:63)
	at org.testng.internal.invokers.TestInvoker$MethodInvocationAgent.invoke(TestInvoker.java:992)
	at org.testng.internal.invokers.TestInvoker.invokeTestMethods(TestInvoker.java:203)
	at org.testng.internal.invokers.TestMethodWorker.invokeTestMethods(TestMethodWorker.java:154)
	at org.testng.internal.invokers.TestMethodWorker.run(TestMethodWorker.java:134)
	at java.base/java.util.ArrayList.forEach(ArrayList.java:1596)
	at org.testng.TestRunner.privateRun(TestRunner.java:739)
	at org.testng.TestRunner.run(TestRunner.java:614)
	at org.testng.SuiteRunner.runTest(SuiteRunner.java:421)
	at org.testng.SuiteRunner.runSequentially(SuiteRunner.java:413)
	at org.testng.SuiteRunner.privateRun(SuiteRunner.java:373)
	at org.testng.SuiteRunner.run(SuiteRunner.java:312)
	at org.testng.SuiteRunnerWorker.runSuite(SuiteRunnerWorker.java:52)
	at org.testng.SuiteRunnerWorker.run(SuiteRunnerWorker.java:95)
	at org.testng.TestNG.runSuitesSequentially(TestNG.java:1274)
	at org.testng.TestNG.runSuitesLocally(TestNG.java:1208)
	at org.testng.TestNG.runSuites(TestNG.java:1112)
	at org.testng.TestNG.run(TestNG.java:1079)
	at org.apache.maven.surefire.testng.TestNGExecutor.run(TestNGExecutor.java:308)
	at org.apache.maven.surefire.testng.TestNGXmlTestSuite.execute(TestNGXmlTestSuite.java:71)
	at org.apache.maven.surefire.testng.TestNGProvider.invoke(TestNGProvider.java:113)
	at org.apache.maven.surefire.booter.ForkedBooter.runSuitesInProcess(ForkedBooter.java:385)
	at org.apache.maven.surefire.booter.ForkedBooter.execute(ForkedBooter.java:162)
	at org.apache.maven.surefire.booter.ForkedBooter.run(ForkedBooter.java:507)
	at org.apache.maven.surefire.booter.ForkedBooter.main(ForkedBooter.java:495)
Caused by: com.microsoft.playwright.impl.TargetClosedError: Error {
  message='Target page, context or browser has been closed
  name='TargetClosedError
  stack='TargetClosedError: Target page, context or browser has been closed
    at DispatcherConnection.dispatch (C:\Users\DELL\AppData\Local\Temp\playwright-java-5170507354938619861\package\lib\server\dispatchers\dispatcher.js:273:44)
    at transport.onmessage (C:\Users\DELL\AppData\Local\Temp\playwright-java-5170507354938619861\package\lib\cli\driver.js:52:57)
    at Immediate._onImmediate (C:\Users\DELL\AppData\Local\Temp\playwright-java-5170507354938619861\package\lib\protocol\transport.js:77:34)
    at process.processImmediate (node:internal/timers:478:21)
}
	at com.microsoft.playwright.impl.Connection.dispatch(Connection.java:256)
	at com.microsoft.playwright.impl.Connection.processOneMessage(Connection.java:211)
	at com.microsoft.playwright.impl.ChannelOwner.runUntil(ChannelOwner.java:118)
	... 43 more

testclasses.HomepageTest.verifydxfleSearch -- Time elapsed: 0.006 s <<< FAILURE!
com.microsoft.playwright.impl.TargetClosedError: 
Error {
  message='Target page, context or browser has been closed
  name='TargetClosedError
  stack='TargetClosedError: Target page, context or browser has been closed
    at DispatcherConnection.dispatch (C:\Users\DELL\AppData\Local\Temp\playwright-java-5170507354938619861\package\lib\server\dispatchers\dispatcher.js:273:44)
    at transport.onmessage (C:\Users\DELL\AppData\Local\Temp\playwright-java-5170507354938619861\package\lib\cli\driver.js:52:57)
    at Immediate._onImmediate (C:\Users\DELL\AppData\Local\Temp\playwright-java-5170507354938619861\package\lib\protocol\transport.js:77:34)
    at process.processImmediate (node:internal/timers:478:21)
}
	at com.microsoft.playwright.impl.WaitableResult.get(WaitableResult.java:54)
	at com.microsoft.playwright.impl.ChannelOwner.runUntil(ChannelOwner.java:120)
	at com.microsoft.playwright.impl.Connection.sendMessage(Connection.java:130)
	at com.microsoft.playwright.impl.ChannelOwner.sendMessage(ChannelOwner.java:106)
	at com.microsoft.playwright.impl.FrameImpl.waitForSelectorImpl(FrameImpl.java:1060)
	at com.microsoft.playwright.impl.LocatorImpl.lambda$waitForImpl$7(LocatorImpl.java:619)
	at com.microsoft.playwright.impl.LoggingSupport.withLogging(LoggingSupport.java:47)
	at com.microsoft.playwright.impl.ChannelOwner.withLogging(ChannelOwner.java:89)
	at com.microsoft.playwright.impl.LocatorImpl.waitForImpl(LocatorImpl.java:619)
	at com.microsoft.playwright.impl.LocatorImpl.waitFor(LocatorImpl.java:615)
	at com.microsoft.playwright.Locator.waitFor(Locator.java:5324)
	at base.Basepage.waitForVisible(Basepage.java:89)
	at base.Basepage.searchBar(Basepage.java:126)
	at com.pageclasses.Homepage.searchfileinsearchbar(Homepage.java:57)
	at testclasses.HomepageTest.verifydxfleSearch(HomepageTest.java:95)
	at java.base/jdk.internal.reflect.DirectMethodHandleAccessor.invoke(DirectMethodHandleAccessor.java:103)
	at java.base/java.lang.reflect.Method.invoke(Method.java:580)
	at org.testng.internal.invokers.MethodInvocationHelper.invokeMethod(MethodInvocationHelper.java:141)
	at org.testng.internal.invokers.TestInvoker.invokeMethod(TestInvoker.java:686)
	at org.testng.internal.invokers.TestInvoker.invokeTestMethod(TestInvoker.java:230)
	at org.testng.internal.invokers.MethodRunner.runInSequence(MethodRunner.java:63)
	at org.testng.internal.invokers.TestInvoker$MethodInvocationAgent.invoke(TestInvoker.java:992)
	at org.testng.internal.invokers.TestInvoker.invokeTestMethods(TestInvoker.java:203)
	at org.testng.internal.invokers.TestMethodWorker.invokeTestMethods(TestMethodWorker.java:154)
	at org.testng.internal.invokers.TestMethodWorker.run(TestMethodWorker.java:134)
	at java.base/java.util.ArrayList.forEach(ArrayList.java:1596)
	at org.testng.TestRunner.privateRun(TestRunner.java:739)
	at org.testng.TestRunner.run(TestRunner.java:614)
	at org.testng.SuiteRunner.runTest(SuiteRunner.java:421)
	at org.testng.SuiteRunner.runSequentially(SuiteRunner.java:413)
	at org.testng.SuiteRunner.privateRun(SuiteRunner.java:373)
	at org.testng.SuiteRunner.run(SuiteRunner.java:312)
	at org.testng.SuiteRunnerWorker.runSuite(SuiteRunnerWorker.java:52)
	at org.testng.SuiteRunnerWorker.run(SuiteRunnerWorker.java:95)
	at org.testng.TestNG.runSuitesSequentially(TestNG.java:1274)
	at org.testng.TestNG.runSuitesLocally(TestNG.java:1208)
	at org.testng.TestNG.runSuites(TestNG.java:1112)
	at org.testng.TestNG.run(TestNG.java:1079)
	at org.apache.maven.surefire.testng.TestNGExecutor.run(TestNGExecutor.java:308)
	at org.apache.maven.surefire.testng.TestNGXmlTestSuite.execute(TestNGXmlTestSuite.java:71)
	at org.apache.maven.surefire.testng.TestNGProvider.invoke(TestNGProvider.java:113)
	at org.apache.maven.surefire.booter.ForkedBooter.runSuitesInProcess(ForkedBooter.java:385)
	at org.apache.maven.surefire.booter.ForkedBooter.execute(ForkedBooter.java:162)
	at org.apache.maven.surefire.booter.ForkedBooter.run(ForkedBooter.java:507)
	at org.apache.maven.surefire.booter.ForkedBooter.main(ForkedBooter.java:495)
Caused by: com.microsoft.playwright.impl.TargetClosedError: Error {
  message='Target page, context or browser has been closed
  name='TargetClosedError
  stack='TargetClosedError: Target page, context or browser has been closed
    at DispatcherConnection.dispatch (C:\Users\DELL\AppData\Local\Temp\playwright-java-5170507354938619861\package\lib\server\dispatchers\dispatcher.js:273:44)
    at transport.onmessage (C:\Users\DELL\AppData\Local\Temp\playwright-java-5170507354938619861\package\lib\cli\driver.js:52:57)
    at Immediate._onImmediate (C:\Users\DELL\AppData\Local\Temp\playwright-java-5170507354938619861\package\lib\protocol\transport.js:77:34)
    at process.processImmediate (node:internal/timers:478:21)
}
	at com.microsoft.playwright.impl.Connection.dispatch(Connection.java:256)
	at com.microsoft.playwright.impl.Connection.processOneMessage(Connection.java:211)
	at com.microsoft.playwright.impl.ChannelOwner.runUntil(ChannelOwner.java:118)
	... 43 more

testclasses.HomepageTest.verifypptxfileSearch -- Time elapsed: 0.008 s <<< FAILURE!
com.microsoft.playwright.impl.TargetClosedError: 
Error {
  message='Target page, context or browser has been closed
  name='TargetClosedError
  stack='TargetClosedError: Target page, context or browser has been closed
    at DispatcherConnection.dispatch (C:\Users\DELL\AppData\Local\Temp\playwright-java-5170507354938619861\package\lib\server\dispatchers\dispatcher.js:273:44)
    at transport.onmessage (C:\Users\DELL\AppData\Local\Temp\playwright-java-5170507354938619861\package\lib\cli\driver.js:52:57)
    at Immediate._onImmediate (C:\Users\DELL\AppData\Local\Temp\playwright-java-5170507354938619861\package\lib\protocol\transport.js:77:34)
    at process.processImmediate (node:internal/timers:478:21)
}
	at com.microsoft.playwright.impl.WaitableResult.get(WaitableResult.java:54)
	at com.microsoft.playwright.impl.ChannelOwner.runUntil(ChannelOwner.java:120)
	at com.microsoft.playwright.impl.Connection.sendMessage(Connection.java:130)
	at com.microsoft.playwright.impl.ChannelOwner.sendMessage(ChannelOwner.java:106)
	at com.microsoft.playwright.impl.FrameImpl.waitForSelectorImpl(FrameImpl.java:1060)
	at com.microsoft.playwright.impl.LocatorImpl.lambda$waitForImpl$7(LocatorImpl.java:619)
	at com.microsoft.playwright.impl.LoggingSupport.withLogging(LoggingSupport.java:47)
	at com.microsoft.playwright.impl.ChannelOwner.withLogging(ChannelOwner.java:89)
	at com.microsoft.playwright.impl.LocatorImpl.waitForImpl(LocatorImpl.java:619)
	at com.microsoft.playwright.impl.LocatorImpl.waitFor(LocatorImpl.java:615)
	at com.microsoft.playwright.Locator.waitFor(Locator.java:5324)
	at base.Basepage.waitForVisible(Basepage.java:89)
	at base.Basepage.searchBar(Basepage.java:126)
	at com.pageclasses.Homepage.searchfileinsearchbar(Homepage.java:57)
	at testclasses.HomepageTest.verifypptxfileSearch(HomepageTest.java:102)
	at java.base/jdk.internal.reflect.DirectMethodHandleAccessor.invoke(DirectMethodHandleAccessor.java:103)
	at java.base/java.lang.reflect.Method.invoke(Method.java:580)
	at org.testng.internal.invokers.MethodInvocationHelper.invokeMethod(MethodInvocationHelper.java:141)
	at org.testng.internal.invokers.TestInvoker.invokeMethod(TestInvoker.java:686)
	at org.testng.internal.invokers.TestInvoker.invokeTestMethod(TestInvoker.java:230)
	at org.testng.internal.invokers.MethodRunner.runInSequence(MethodRunner.java:63)
	at org.testng.internal.invokers.TestInvoker$MethodInvocationAgent.invoke(TestInvoker.java:992)
	at org.testng.internal.invokers.TestInvoker.invokeTestMethods(TestInvoker.java:203)
	at org.testng.internal.invokers.TestMethodWorker.invokeTestMethods(TestMethodWorker.java:154)
	at org.testng.internal.invokers.TestMethodWorker.run(TestMethodWorker.java:134)
	at java.base/java.util.ArrayList.forEach(ArrayList.java:1596)
	at org.testng.TestRunner.privateRun(TestRunner.java:739)
	at org.testng.TestRunner.run(TestRunner.java:614)
	at org.testng.SuiteRunner.runTest(SuiteRunner.java:421)
	at org.testng.SuiteRunner.runSequentially(SuiteRunner.java:413)
	at org.testng.SuiteRunner.privateRun(SuiteRunner.java:373)
	at org.testng.SuiteRunner.run(SuiteRunner.java:312)
	at org.testng.SuiteRunnerWorker.runSuite(SuiteRunnerWorker.java:52)
	at org.testng.SuiteRunnerWorker.run(SuiteRunnerWorker.java:95)
	at org.testng.TestNG.runSuitesSequentially(TestNG.java:1274)
	at org.testng.TestNG.runSuitesLocally(TestNG.java:1208)
	at org.testng.TestNG.runSuites(TestNG.java:1112)
	at org.testng.TestNG.run(TestNG.java:1079)
	at org.apache.maven.surefire.testng.TestNGExecutor.run(TestNGExecutor.java:308)
	at org.apache.maven.surefire.testng.TestNGXmlTestSuite.execute(TestNGXmlTestSuite.java:71)
	at org.apache.maven.surefire.testng.TestNGProvider.invoke(TestNGProvider.java:113)
	at org.apache.maven.surefire.booter.ForkedBooter.runSuitesInProcess(ForkedBooter.java:385)
	at org.apache.maven.surefire.booter.ForkedBooter.execute(ForkedBooter.java:162)
	at org.apache.maven.surefire.booter.ForkedBooter.run(ForkedBooter.java:507)
	at org.apache.maven.surefire.booter.ForkedBooter.main(ForkedBooter.java:495)
Caused by: com.microsoft.playwright.impl.TargetClosedError: Error {
  message='Target page, context or browser has been closed
  name='TargetClosedError
  stack='TargetClosedError: Target page, context or browser has been closed
    at DispatcherConnection.dispatch (C:\Users\DELL\AppData\Local\Temp\playwright-java-5170507354938619861\package\lib\server\dispatchers\dispatcher.js:273:44)
    at transport.onmessage (C:\Users\DELL\AppData\Local\Temp\playwright-java-5170507354938619861\package\lib\cli\driver.js:52:57)
    at Immediate._onImmediate (C:\Users\DELL\AppData\Local\Temp\playwright-java-5170507354938619861\package\lib\protocol\transport.js:77:34)
    at process.processImmediate (node:internal/timers:478:21)
}
	at com.microsoft.playwright.impl.Connection.dispatch(Connection.java:256)
	at com.microsoft.playwright.impl.Connection.processOneMessage(Connection.java:211)
	at com.microsoft.playwright.impl.ChannelOwner.runUntil(ChannelOwner.java:118)
	... 43 more

testclasses.HomepageTest.verifyxlsxfileSearch -- Time elapsed: 0.007 s <<< FAILURE!
com.microsoft.playwright.impl.TargetClosedError: 
Error {
  message='Target page, context or browser has been closed
  name='TargetClosedError
  stack='TargetClosedError: Target page, context or browser has been closed
    at DispatcherConnection.dispatch (C:\Users\DELL\AppData\Local\Temp\playwright-java-5170507354938619861\package\lib\server\dispatchers\dispatcher.js:273:44)
    at transport.onmessage (C:\Users\DELL\AppData\Local\Temp\playwright-java-5170507354938619861\package\lib\cli\driver.js:52:57)
    at Immediate._onImmediate (C:\Users\DELL\AppData\Local\Temp\playwright-java-5170507354938619861\package\lib\protocol\transport.js:77:34)
    at process.processImmediate (node:internal/timers:478:21)
}
	at com.microsoft.playwright.impl.WaitableResult.get(WaitableResult.java:54)
	at com.microsoft.playwright.impl.ChannelOwner.runUntil(ChannelOwner.java:120)
	at com.microsoft.playwright.impl.Connection.sendMessage(Connection.java:130)
	at com.microsoft.playwright.impl.ChannelOwner.sendMessage(ChannelOwner.java:106)
	at com.microsoft.playwright.impl.FrameImpl.waitForSelectorImpl(FrameImpl.java:1060)
	at com.microsoft.playwright.impl.LocatorImpl.lambda$waitForImpl$7(LocatorImpl.java:619)
	at com.microsoft.playwright.impl.LoggingSupport.withLogging(LoggingSupport.java:47)
	at com.microsoft.playwright.impl.ChannelOwner.withLogging(ChannelOwner.java:89)
	at com.microsoft.playwright.impl.LocatorImpl.waitForImpl(LocatorImpl.java:619)
	at com.microsoft.playwright.impl.LocatorImpl.waitFor(LocatorImpl.java:615)
	at com.microsoft.playwright.Locator.waitFor(Locator.java:5324)
	at base.Basepage.waitForVisible(Basepage.java:89)
	at base.Basepage.searchBar(Basepage.java:126)
	at com.pageclasses.Homepage.searchfileinsearchbar(Homepage.java:57)
	at testclasses.HomepageTest.verifyxlsxfileSearch(HomepageTest.java:109)
	at java.base/jdk.internal.reflect.DirectMethodHandleAccessor.invoke(DirectMethodHandleAccessor.java:103)
	at java.base/java.lang.reflect.Method.invoke(Method.java:580)
	at org.testng.internal.invokers.MethodInvocationHelper.invokeMethod(MethodInvocationHelper.java:141)
	at org.testng.internal.invokers.TestInvoker.invokeMethod(TestInvoker.java:686)
	at org.testng.internal.invokers.TestInvoker.invokeTestMethod(TestInvoker.java:230)
	at org.testng.internal.invokers.MethodRunner.runInSequence(MethodRunner.java:63)
	at org.testng.internal.invokers.TestInvoker$MethodInvocationAgent.invoke(TestInvoker.java:992)
	at org.testng.internal.invokers.TestInvoker.invokeTestMethods(TestInvoker.java:203)
	at org.testng.internal.invokers.TestMethodWorker.invokeTestMethods(TestMethodWorker.java:154)
	at org.testng.internal.invokers.TestMethodWorker.run(TestMethodWorker.java:134)
	at java.base/java.util.ArrayList.forEach(ArrayList.java:1596)
	at org.testng.TestRunner.privateRun(TestRunner.java:739)
	at org.testng.TestRunner.run(TestRunner.java:614)
	at org.testng.SuiteRunner.runTest(SuiteRunner.java:421)
	at org.testng.SuiteRunner.runSequentially(SuiteRunner.java:413)
	at org.testng.SuiteRunner.privateRun(SuiteRunner.java:373)
	at org.testng.SuiteRunner.run(SuiteRunner.java:312)
	at org.testng.SuiteRunnerWorker.runSuite(SuiteRunnerWorker.java:52)
	at org.testng.SuiteRunnerWorker.run(SuiteRunnerWorker.java:95)
	at org.testng.TestNG.runSuitesSequentially(TestNG.java:1274)
	at org.testng.TestNG.runSuitesLocally(TestNG.java:1208)
	at org.testng.TestNG.runSuites(TestNG.java:1112)
	at org.testng.TestNG.run(TestNG.java:1079)
	at org.apache.maven.surefire.testng.TestNGExecutor.run(TestNGExecutor.java:308)
	at org.apache.maven.surefire.testng.TestNGXmlTestSuite.execute(TestNGXmlTestSuite.java:71)
	at org.apache.maven.surefire.testng.TestNGProvider.invoke(TestNGProvider.java:113)
	at org.apache.maven.surefire.booter.ForkedBooter.runSuitesInProcess(ForkedBooter.java:385)
	at org.apache.maven.surefire.booter.ForkedBooter.execute(ForkedBooter.java:162)
	at org.apache.maven.surefire.booter.ForkedBooter.run(ForkedBooter.java:507)
	at org.apache.maven.surefire.booter.ForkedBooter.main(ForkedBooter.java:495)
Caused by: com.microsoft.playwright.impl.TargetClosedError: Error {
  message='Target page, context or browser has been closed
  name='TargetClosedError
  stack='TargetClosedError: Target page, context or browser has been closed
    at DispatcherConnection.dispatch (C:\Users\DELL\AppData\Local\Temp\playwright-java-5170507354938619861\package\lib\server\dispatchers\dispatcher.js:273:44)
    at transport.onmessage (C:\Users\DELL\AppData\Local\Temp\playwright-java-5170507354938619861\package\lib\cli\driver.js:52:57)
    at Immediate._onImmediate (C:\Users\DELL\AppData\Local\Temp\playwright-java-5170507354938619861\package\lib\protocol\transport.js:77:34)
    at process.processImmediate (node:internal/timers:478:21)
}
	at com.microsoft.playwright.impl.Connection.dispatch(Connection.java:256)
	at com.microsoft.playwright.impl.Connection.processOneMessage(Connection.java:211)
	at com.microsoft.playwright.impl.ChannelOwner.runUntil(ChannelOwner.java:118)
	... 43 more

testclasses.HomepageTest.verifydocxfileSearch -- Time elapsed: 0.009 s <<< FAILURE!
com.microsoft.playwright.impl.TargetClosedError: 
Error {
  message='Target page, context or browser has been closed
  name='TargetClosedError
  stack='TargetClosedError: Target page, context or browser has been closed
    at DispatcherConnection.dispatch (C:\Users\DELL\AppData\Local\Temp\playwright-java-5170507354938619861\package\lib\server\dispatchers\dispatcher.js:273:44)
    at transport.onmessage (C:\Users\DELL\AppData\Local\Temp\playwright-java-5170507354938619861\package\lib\cli\driver.js:52:57)
    at Immediate._onImmediate (C:\Users\DELL\AppData\Local\Temp\playwright-java-5170507354938619861\package\lib\protocol\transport.js:77:34)
    at process.processImmediate (node:internal/timers:478:21)
}
	at com.microsoft.playwright.impl.WaitableResult.get(WaitableResult.java:54)
	at com.microsoft.playwright.impl.ChannelOwner.runUntil(ChannelOwner.java:120)
	at com.microsoft.playwright.impl.Connection.sendMessage(Connection.java:130)
	at com.microsoft.playwright.impl.ChannelOwner.sendMessage(ChannelOwner.java:106)
	at com.microsoft.playwright.impl.FrameImpl.waitForSelectorImpl(FrameImpl.java:1060)
	at com.microsoft.playwright.impl.LocatorImpl.lambda$waitForImpl$7(LocatorImpl.java:619)
	at com.microsoft.playwright.impl.LoggingSupport.withLogging(LoggingSupport.java:47)
	at com.microsoft.playwright.impl.ChannelOwner.withLogging(ChannelOwner.java:89)
	at com.microsoft.playwright.impl.LocatorImpl.waitForImpl(LocatorImpl.java:619)
	at com.microsoft.playwright.impl.LocatorImpl.waitFor(LocatorImpl.java:615)
	at com.microsoft.playwright.Locator.waitFor(Locator.java:5324)
	at base.Basepage.waitForVisible(Basepage.java:89)
	at base.Basepage.searchBar(Basepage.java:126)
	at com.pageclasses.Homepage.searchfileinsearchbar(Homepage.java:57)
	at testclasses.HomepageTest.verifydocxfileSearch(HomepageTest.java:116)
	at java.base/jdk.internal.reflect.DirectMethodHandleAccessor.invoke(DirectMethodHandleAccessor.java:103)
	at java.base/java.lang.reflect.Method.invoke(Method.java:580)
	at org.testng.internal.invokers.MethodInvocationHelper.invokeMethod(MethodInvocationHelper.java:141)
	at org.testng.internal.invokers.TestInvoker.invokeMethod(TestInvoker.java:686)
	at org.testng.internal.invokers.TestInvoker.invokeTestMethod(TestInvoker.java:230)
	at org.testng.internal.invokers.MethodRunner.runInSequence(MethodRunner.java:63)
	at org.testng.internal.invokers.TestInvoker$MethodInvocationAgent.invoke(TestInvoker.java:992)
	at org.testng.internal.invokers.TestInvoker.invokeTestMethods(TestInvoker.java:203)
	at org.testng.internal.invokers.TestMethodWorker.invokeTestMethods(TestMethodWorker.java:154)
	at org.testng.internal.invokers.TestMethodWorker.run(TestMethodWorker.java:134)
	at java.base/java.util.ArrayList.forEach(ArrayList.java:1596)
	at org.testng.TestRunner.privateRun(TestRunner.java:739)
	at org.testng.TestRunner.run(TestRunner.java:614)
	at org.testng.SuiteRunner.runTest(SuiteRunner.java:421)
	at org.testng.SuiteRunner.runSequentially(SuiteRunner.java:413)
	at org.testng.SuiteRunner.privateRun(SuiteRunner.java:373)
	at org.testng.SuiteRunner.run(SuiteRunner.java:312)
	at org.testng.SuiteRunnerWorker.runSuite(SuiteRunnerWorker.java:52)
	at org.testng.SuiteRunnerWorker.run(SuiteRunnerWorker.java:95)
	at org.testng.TestNG.runSuitesSequentially(TestNG.java:1274)
	at org.testng.TestNG.runSuitesLocally(TestNG.java:1208)
	at org.testng.TestNG.runSuites(TestNG.java:1112)
	at org.testng.TestNG.run(TestNG.java:1079)
	at org.apache.maven.surefire.testng.TestNGExecutor.run(TestNGExecutor.java:308)
	at org.apache.maven.surefire.testng.TestNGXmlTestSuite.execute(TestNGXmlTestSuite.java:71)
	at org.apache.maven.surefire.testng.TestNGProvider.invoke(TestNGProvider.java:113)
	at org.apache.maven.surefire.booter.ForkedBooter.runSuitesInProcess(ForkedBooter.java:385)
	at org.apache.maven.surefire.booter.ForkedBooter.execute(ForkedBooter.java:162)
	at org.apache.maven.surefire.booter.ForkedBooter.run(ForkedBooter.java:507)
	at org.apache.maven.surefire.booter.ForkedBooter.main(ForkedBooter.java:495)
Caused by: com.microsoft.playwright.impl.TargetClosedError: Error {
  message='Target page, context or browser has been closed
  name='TargetClosedError
  stack='TargetClosedError: Target page, context or browser has been closed
    at DispatcherConnection.dispatch (C:\Users\DELL\AppData\Local\Temp\playwright-java-5170507354938619861\package\lib\server\dispatchers\dispatcher.js:273:44)
    at transport.onmessage (C:\Users\DELL\AppData\Local\Temp\playwright-java-5170507354938619861\package\lib\cli\driver.js:52:57)
    at Immediate._onImmediate (C:\Users\DELL\AppData\Local\Temp\playwright-java-5170507354938619861\package\lib\protocol\transport.js:77:34)
    at process.processImmediate (node:internal/timers:478:21)
}
	at com.microsoft.playwright.impl.Connection.dispatch(Connection.java:256)
	at com.microsoft.playwright.impl.Connection.processOneMessage(Connection.java:211)
	at com.microsoft.playwright.impl.ChannelOwner.runUntil(ChannelOwner.java:118)
	... 43 more

testclasses.HomepageTest.verifycsvfileSearch -- Time elapsed: 0.008 s <<< FAILURE!
com.microsoft.playwright.impl.TargetClosedError: 
Error {
  message='Target page, context or browser has been closed
  name='TargetClosedError
  stack='TargetClosedError: Target page, context or browser has been closed
    at DispatcherConnection.dispatch (C:\Users\DELL\AppData\Local\Temp\playwright-java-5170507354938619861\package\lib\server\dispatchers\dispatcher.js:273:44)
    at transport.onmessage (C:\Users\DELL\AppData\Local\Temp\playwright-java-5170507354938619861\package\lib\cli\driver.js:52:57)
    at Immediate._onImmediate (C:\Users\DELL\AppData\Local\Temp\playwright-java-5170507354938619861\package\lib\protocol\transport.js:77:34)
    at process.processImmediate (node:internal/timers:478:21)
}
	at com.microsoft.playwright.impl.WaitableResult.get(WaitableResult.java:54)
	at com.microsoft.playwright.impl.ChannelOwner.runUntil(ChannelOwner.java:120)
	at com.microsoft.playwright.impl.Connection.sendMessage(Connection.java:130)
	at com.microsoft.playwright.impl.ChannelOwner.sendMessage(ChannelOwner.java:106)
	at com.microsoft.playwright.impl.FrameImpl.waitForSelectorImpl(FrameImpl.java:1060)
	at com.microsoft.playwright.impl.LocatorImpl.lambda$waitForImpl$7(LocatorImpl.java:619)
	at com.microsoft.playwright.impl.LoggingSupport.withLogging(LoggingSupport.java:47)
	at com.microsoft.playwright.impl.ChannelOwner.withLogging(ChannelOwner.java:89)
	at com.microsoft.playwright.impl.LocatorImpl.waitForImpl(LocatorImpl.java:619)
	at com.microsoft.playwright.impl.LocatorImpl.waitFor(LocatorImpl.java:615)
	at com.microsoft.playwright.Locator.waitFor(Locator.java:5324)
	at base.Basepage.waitForVisible(Basepage.java:89)
	at base.Basepage.searchBar(Basepage.java:126)
	at com.pageclasses.Homepage.searchfileinsearchbar(Homepage.java:57)
	at testclasses.HomepageTest.verifycsvfileSearch(HomepageTest.java:123)
	at java.base/jdk.internal.reflect.DirectMethodHandleAccessor.invoke(DirectMethodHandleAccessor.java:103)
	at java.base/java.lang.reflect.Method.invoke(Method.java:580)
	at org.testng.internal.invokers.MethodInvocationHelper.invokeMethod(MethodInvocationHelper.java:141)
	at org.testng.internal.invokers.TestInvoker.invokeMethod(TestInvoker.java:686)
	at org.testng.internal.invokers.TestInvoker.invokeTestMethod(TestInvoker.java:230)
	at org.testng.internal.invokers.MethodRunner.runInSequence(MethodRunner.java:63)
	at org.testng.internal.invokers.TestInvoker$MethodInvocationAgent.invoke(TestInvoker.java:992)
	at org.testng.internal.invokers.TestInvoker.invokeTestMethods(TestInvoker.java:203)
	at org.testng.internal.invokers.TestMethodWorker.invokeTestMethods(TestMethodWorker.java:154)
	at org.testng.internal.invokers.TestMethodWorker.run(TestMethodWorker.java:134)
	at java.base/java.util.ArrayList.forEach(ArrayList.java:1596)
	at org.testng.TestRunner.privateRun(TestRunner.java:739)
	at org.testng.TestRunner.run(TestRunner.java:614)
	at org.testng.SuiteRunner.runTest(SuiteRunner.java:421)
	at org.testng.SuiteRunner.runSequentially(SuiteRunner.java:413)
	at org.testng.SuiteRunner.privateRun(SuiteRunner.java:373)
	at org.testng.SuiteRunner.run(SuiteRunner.java:312)
	at org.testng.SuiteRunnerWorker.runSuite(SuiteRunnerWorker.java:52)
	at org.testng.SuiteRunnerWorker.run(SuiteRunnerWorker.java:95)
	at org.testng.TestNG.runSuitesSequentially(TestNG.java:1274)
	at org.testng.TestNG.runSuitesLocally(TestNG.java:1208)
	at org.testng.TestNG.runSuites(TestNG.java:1112)
	at org.testng.TestNG.run(TestNG.java:1079)
	at org.apache.maven.surefire.testng.TestNGExecutor.run(TestNGExecutor.java:308)
	at org.apache.maven.surefire.testng.TestNGXmlTestSuite.execute(TestNGXmlTestSuite.java:71)
	at org.apache.maven.surefire.testng.TestNGProvider.invoke(TestNGProvider.java:113)
	at org.apache.maven.surefire.booter.ForkedBooter.runSuitesInProcess(ForkedBooter.java:385)
	at org.apache.maven.surefire.booter.ForkedBooter.execute(ForkedBooter.java:162)
	at org.apache.maven.surefire.booter.ForkedBooter.run(ForkedBooter.java:507)
	at org.apache.maven.surefire.booter.ForkedBooter.main(ForkedBooter.java:495)
Caused by: com.microsoft.playwright.impl.TargetClosedError: Error {
  message='Target page, context or browser has been closed
  name='TargetClosedError
  stack='TargetClosedError: Target page, context or browser has been closed
    at DispatcherConnection.dispatch (C:\Users\DELL\AppData\Local\Temp\playwright-java-5170507354938619861\package\lib\server\dispatchers\dispatcher.js:273:44)
    at transport.onmessage (C:\Users\DELL\AppData\Local\Temp\playwright-java-5170507354938619861\package\lib\cli\driver.js:52:57)
    at Immediate._onImmediate (C:\Users\DELL\AppData\Local\Temp\playwright-java-5170507354938619861\package\lib\protocol\transport.js:77:34)
    at process.processImmediate (node:internal/timers:478:21)
}
	at com.microsoft.playwright.impl.Connection.dispatch(Connection.java:256)
	at com.microsoft.playwright.impl.Connection.processOneMessage(Connection.java:211)
	at com.microsoft.playwright.impl.ChannelOwner.runUntil(ChannelOwner.java:118)
	... 43 more

testclasses.HomepageTest.verifyattributesearch -- Time elapsed: 0.007 s <<< FAILURE!
com.microsoft.playwright.impl.TargetClosedError: 
Error {
  message='Target page, context or browser has been closed
  name='TargetClosedError
  stack='TargetClosedError: Target page, context or browser has been closed
    at DispatcherConnection.dispatch (C:\Users\DELL\AppData\Local\Temp\playwright-java-5170507354938619861\package\lib\server\dispatchers\dispatcher.js:273:44)
    at transport.onmessage (C:\Users\DELL\AppData\Local\Temp\playwright-java-5170507354938619861\package\lib\cli\driver.js:52:57)
    at Immediate._onImmediate (C:\Users\DELL\AppData\Local\Temp\playwright-java-5170507354938619861\package\lib\protocol\transport.js:77:34)
    at process.processImmediate (node:internal/timers:478:21)
}
	at com.microsoft.playwright.impl.WaitableResult.get(WaitableResult.java:54)
	at com.microsoft.playwright.impl.ChannelOwner.runUntil(ChannelOwner.java:120)
	at com.microsoft.playwright.impl.Connection.sendMessage(Connection.java:130)
	at com.microsoft.playwright.impl.ChannelOwner.sendMessage(ChannelOwner.java:106)
	at com.microsoft.playwright.impl.FrameImpl.waitForSelectorImpl(FrameImpl.java:1060)
	at com.microsoft.playwright.impl.LocatorImpl.lambda$waitForImpl$7(LocatorImpl.java:619)
	at com.microsoft.playwright.impl.LoggingSupport.withLogging(LoggingSupport.java:47)
	at com.microsoft.playwright.impl.ChannelOwner.withLogging(ChannelOwner.java:89)
	at com.microsoft.playwright.impl.LocatorImpl.waitForImpl(LocatorImpl.java:619)
	at com.microsoft.playwright.impl.LocatorImpl.waitFor(LocatorImpl.java:615)
	at com.microsoft.playwright.Locator.waitFor(Locator.java:5324)
	at base.Basepage.waitForVisible(Basepage.java:89)
	at com.pageclasses.Homepage.attributesearch(Homepage.java:89)
	at testclasses.HomepageTest.verifyattributesearch(HomepageTest.java:130)
	at java.base/jdk.internal.reflect.DirectMethodHandleAccessor.invoke(DirectMethodHandleAccessor.java:103)
	at java.base/java.lang.reflect.Method.invoke(Method.java:580)
	at org.testng.internal.invokers.MethodInvocationHelper.invokeMethod(MethodInvocationHelper.java:141)
	at org.testng.internal.invokers.TestInvoker.invokeMethod(TestInvoker.java:686)
	at org.testng.internal.invokers.TestInvoker.invokeTestMethod(TestInvoker.java:230)
	at org.testng.internal.invokers.MethodRunner.runInSequence(MethodRunner.java:63)
	at org.testng.internal.invokers.TestInvoker$MethodInvocationAgent.invoke(TestInvoker.java:992)
	at org.testng.internal.invokers.TestInvoker.invokeTestMethods(TestInvoker.java:203)
	at org.testng.internal.invokers.TestMethodWorker.invokeTestMethods(TestMethodWorker.java:154)
	at org.testng.internal.invokers.TestMethodWorker.run(TestMethodWorker.java:134)
	at java.base/java.util.ArrayList.forEach(ArrayList.java:1596)
	at org.testng.TestRunner.privateRun(TestRunner.java:739)
	at org.testng.TestRunner.run(TestRunner.java:614)
	at org.testng.SuiteRunner.runTest(SuiteRunner.java:421)
	at org.testng.SuiteRunner.runSequentially(SuiteRunner.java:413)
	at org.testng.SuiteRunner.privateRun(SuiteRunner.java:373)
	at org.testng.SuiteRunner.run(SuiteRunner.java:312)
	at org.testng.SuiteRunnerWorker.runSuite(SuiteRunnerWorker.java:52)
	at org.testng.SuiteRunnerWorker.run(SuiteRunnerWorker.java:95)
	at org.testng.TestNG.runSuitesSequentially(TestNG.java:1274)
	at org.testng.TestNG.runSuitesLocally(TestNG.java:1208)
	at org.testng.TestNG.runSuites(TestNG.java:1112)
	at org.testng.TestNG.run(TestNG.java:1079)
	at org.apache.maven.surefire.testng.TestNGExecutor.run(TestNGExecutor.java:308)
	at org.apache.maven.surefire.testng.TestNGXmlTestSuite.execute(TestNGXmlTestSuite.java:71)
	at org.apache.maven.surefire.testng.TestNGProvider.invoke(TestNGProvider.java:113)
	at org.apache.maven.surefire.booter.ForkedBooter.runSuitesInProcess(ForkedBooter.java:385)
	at org.apache.maven.surefire.booter.ForkedBooter.execute(ForkedBooter.java:162)
	at org.apache.maven.surefire.booter.ForkedBooter.run(ForkedBooter.java:507)
	at org.apache.maven.surefire.booter.ForkedBooter.main(ForkedBooter.java:495)
Caused by: com.microsoft.playwright.impl.TargetClosedError: Error {
  message='Target page, context or browser has been closed
  name='TargetClosedError
  stack='TargetClosedError: Target page, context or browser has been closed
    at DispatcherConnection.dispatch (C:\Users\DELL\AppData\Local\Temp\playwright-java-5170507354938619861\package\lib\server\dispatchers\dispatcher.js:273:44)
    at transport.onmessage (C:\Users\DELL\AppData\Local\Temp\playwright-java-5170507354938619861\package\lib\cli\driver.js:52:57)
    at Immediate._onImmediate (C:\Users\DELL\AppData\Local\Temp\playwright-java-5170507354938619861\package\lib\protocol\transport.js:77:34)
    at process.processImmediate (node:internal/timers:478:21)
}
	at com.microsoft.playwright.impl.Connection.dispatch(Connection.java:256)
	at com.microsoft.playwright.impl.Connection.processOneMessage(Connection.java:211)
	at com.microsoft.playwright.impl.ChannelOwner.runUntil(ChannelOwner.java:118)
	... 42 more

