<?xml version="1.0" encoding="UTF-8"?>
<testng-results ignored="0" total="15" passed="15" failed="0" skipped="0">
  <reporter-output>
  </reporter-output>
  <suite started-at="2026-05-12T17:23:10 IST" name="packautomation" finished-at="2026-05-12T17:24:44 IST" duration-ms="93862">
    <groups>
    </groups>
    <test started-at="2026-05-12T17:23:10 IST" name="Alfadock Login Test" finished-at="2026-05-12T17:24:44 IST" duration-ms="93862">
      <class name="testclasses.HomepageTest">
        <test-method is-config="true" signature="setup()[pri:0, instance:testclasses.HomepageTest@681e144]" started-at="2026-05-12T17:22:57 IST" name="setup" finished-at="2026-05-12T17:23:10 IST" duration-ms="13551" status="PASS">
          <reporter-output>
          </reporter-output>
        </test-method> <!-- setup -->
        <test-method signature="companyLogin()[pri:1, instance:testclasses.HomepageTest@681e144]" started-at="2026-05-12T17:23:11 IST" name="companyLogin" description="CompanyLogin" finished-at="2026-05-12T17:23:13 IST" duration-ms="1874" status="PASS">
          <reporter-output>
          </reporter-output>
        </test-method> <!-- companyLogin -->
        <test-method signature="userLogin()[pri:2, instance:testclasses.HomepageTest@681e144]" started-at="2026-05-12T17:23:13 IST" name="userLogin" description="userLogin" finished-at="2026-05-12T17:23:13 IST" duration-ms="150" status="PASS">
          <reporter-output>
          </reporter-output>
        </test-method> <!-- userLogin -->
        <test-method signature="verifyHomepage()[pri:3, instance:testclasses.HomepageTest@681e144]" started-at="2026-05-12T17:23:13 IST" name="verifyHomepage" description="Verify Homepage Icons" finished-at="2026-05-12T17:23:15 IST" duration-ms="2360" status="PASS">
          <reporter-output>
          </reporter-output>
        </test-method> <!-- verifyHomepage -->
        <test-method signature="verifyfileSearch()[pri:4, instance:testclasses.HomepageTest@681e144]" started-at="2026-05-12T17:23:15 IST" name="verifyfileSearch" description="Search pdf in searchbar" finished-at="2026-05-12T17:23:23 IST" duration-ms="8165" status="PASS">
          <reporter-output>
          </reporter-output>
        </test-method> <!-- verifyfileSearch -->
        <test-method signature="verifya3dfileSearch()[pri:5, instance:testclasses.HomepageTest@681e144]" started-at="2026-05-12T17:23:23 IST" name="verifya3dfileSearch" description="Search a3dasm in searchbar" finished-at="2026-05-12T17:23:31 IST" duration-ms="7664" status="PASS">
          <reporter-output>
          </reporter-output>
        </test-method> <!-- verifya3dfileSearch -->
        <test-method signature="verifya3dprtfileSearch()[pri:6, instance:testclasses.HomepageTest@681e144]" started-at="2026-05-12T17:23:31 IST" name="verifya3dprtfileSearch" description="Search a3dprt in searchbar" finished-at="2026-05-12T17:23:38 IST" duration-ms="7199" status="PASS">
          <reporter-output>
          </reporter-output>
        </test-method> <!-- verifya3dprtfileSearch -->
        <test-method signature="verifyjpgfileSearch()[pri:7, instance:testclasses.HomepageTest@681e144]" started-at="2026-05-12T17:23:38 IST" name="verifyjpgfileSearch" description="Search jpg in searchbar" finished-at="2026-05-12T17:23:46 IST" duration-ms="7800" status="PASS">
          <reporter-output>
          </reporter-output>
        </test-method> <!-- verifyjpgfileSearch -->
        <test-method signature="verifytiffileSearch()[pri:7, instance:testclasses.HomepageTest@681e144]" started-at="2026-05-12T17:23:46 IST" name="verifytiffileSearch" description="Search tiff in searchbar" finished-at="2026-05-12T17:23:53 IST" duration-ms="6669" status="PASS">
          <reporter-output>
          </reporter-output>
        </test-method> <!-- verifytiffileSearch -->
        <test-method signature="verifydwgfileSearch()[pri:8, instance:testclasses.HomepageTest@681e144]" started-at="2026-05-12T17:23:53 IST" name="verifydwgfileSearch" description="Search dwg in searchbar" finished-at="2026-05-12T17:24:00 IST" duration-ms="7055" status="PASS">
          <reporter-output>
          </reporter-output>
        </test-method> <!-- verifydwgfileSearch -->
        <test-method signature="verifydxfleSearch()[pri:9, instance:testclasses.HomepageTest@681e144]" started-at="2026-05-12T17:24:00 IST" name="verifydxfleSearch" description="Search dxf in searchbar" finished-at="2026-05-12T17:24:07 IST" duration-ms="7055" status="PASS">
          <reporter-output>
          </reporter-output>
        </test-method> <!-- verifydxfleSearch -->
        <test-method signature="verifypptxfileSearch()[pri:10, instance:testclasses.HomepageTest@681e144]" started-at="2026-05-12T17:24:07 IST" name="verifypptxfileSearch" description="Search pptx in searchbar" finished-at="2026-05-12T17:24:13 IST" duration-ms="6415" status="PASS">
          <reporter-output>
          </reporter-output>
        </test-method> <!-- verifypptxfileSearch -->
        <test-method signature="verifyxlsxfileSearch()[pri:11, instance:testclasses.HomepageTest@681e144]" started-at="2026-05-12T17:24:13 IST" name="verifyxlsxfileSearch" description="Search xlsx in searchbar" finished-at="2026-05-12T17:24:20 IST" duration-ms="6637" status="PASS">
          <reporter-output>
          </reporter-output>
        </test-method> <!-- verifyxlsxfileSearch -->
        <test-method signature="verifydocxfileSearch()[pri:12, instance:testclasses.HomepageTest@681e144]" started-at="2026-05-12T17:24:20 IST" name="verifydocxfileSearch" description="Search docx in searchbar" finished-at="2026-05-12T17:24:26 IST" duration-ms="6290" status="PASS">
          <reporter-output>
          </reporter-output>
        </test-method> <!-- verifydocxfileSearch -->
        <test-method signature="verifycsvfileSearch()[pri:13, instance:testclasses.HomepageTest@681e144]" started-at="2026-05-12T17:24:26 IST" name="verifycsvfileSearch" description="Search csv in searchbar" finished-at="2026-05-12T17:24:32 IST" duration-ms="6339" status="PASS">
          <reporter-output>
          </reporter-output>
        </test-method> <!-- verifycsvfileSearch -->
        <test-method signature="verifyFilenameSearch()[pri:14, instance:testclasses.HomepageTest@681e144]" started-at="2026-05-12T17:24:32 IST" name="verifyFilenameSearch" description="Filename Search in searchdropdown" finished-at="2026-05-12T17:24:44 IST" duration-ms="11647" status="PASS">
          <reporter-output>
          </reporter-output>
        </test-method> <!-- verifyFilenameSearch -->
        <test-method is-config="true" signature="teardown()[pri:0, instance:testclasses.HomepageTest@681e144]" started-at="2026-05-12T17:24:47 IST" name="teardown" finished-at="2026-05-12T17:24:48 IST" duration-ms="424" status="PASS">
          <reporter-output>
          </reporter-output>
        </test-method> <!-- teardown -->
      </class> <!-- testclasses.HomepageTest -->
    </test> <!-- Alfadock Login Test -->
  </suite> <!-- packautomation -->
</testng-results>
