<?xml version="1.0" encoding="UTF-8"?>
<testsuite xmlns:xsi="http://www.w3.org/2001/XMLSchema-instance" xsi:noNamespaceSchemaLocation="https://maven.apache.org/surefire/maven-surefire-plugin/xsd/surefire-test-report-3.0.xsd" version="3.0" name="TestSuite" time="491.449" tests="19" errors="0" skipped="18" failures="1">
  <properties>
[...]
</properties>
  <testcase name="setup" classname="testclasses.HomepageTest" time="486.584">
    <failure message="Failed to create driver" type="java.lang.RuntimeException"><![CDATA[java.lang.RuntimeException: Failed to create driver
	at com.microsoft.playwright.impl.driver.Driver.createAndInstall(Driver.java:105)
	at com.microsoft.playwright.impl.driver.Driver.ensureDriverInstalled(Driver.java:57)
	at com.microsoft.playwright.impl.PlaywrightImpl.createImpl(PlaywrightImpl.java:46)
	at com.microsoft.playwright.impl.PlaywrightImpl.create(PlaywrightImpl.java:36)
	at com.microsoft.playwright.Playwright.create(Playwright.java:110)
	at com.microsoft.playwright.Playwright.create(Playwright.java:114)
	at base.Basepage.setup(Basepage.java:28)
	at java.base/jdk.internal.reflect.DirectMethodHandleAccessor.invoke(DirectMethodHandleAccessor.java:103)
	at java.base/java.lang.reflect.Method.invoke(Method.java:580)
	at org.testng.internal.invokers.MethodInvocationHelper.invokeMethod(MethodInvocationHelper.java:141)
	at org.testng.internal.invokers.MethodInvocationHelper.invokeMethodConsideringTimeout(MethodInvocationHelper.java:71)
	at org.testng.internal.invokers.ConfigInvoker.invokeConfigurationMethod(ConfigInvoker.java:400)
	at org.testng.internal.invokers.ConfigInvoker.invokeConfigurations(ConfigInvoker.java:333)
	at org.testng.SuiteRunner.privateRun(SuiteRunner.java:358)
	at org.testng.SuiteRunner.run(SuiteRunner.java:312)
	at org.testng.SuiteRunnerWorker.runSuite(SuiteRunnerWorker.java:52)
	at org.testng.SuiteRunnerWorker.run(SuiteRunnerWorker.java:95)
	at org.testng.TestNG.runSuitesSequentially(TestNG.java:1274)
	at org.testng.TestNG.runSuitesLocally(TestNG.java:1208)
	at org.testng.TestNG.runSuites(TestNG.java:1112)
	at org.testng.TestNG.run(TestNG.java:1079)
	at org.apache.maven.surefire.testng.TestNGExecutor.run(TestNGExecutor.java:308)
	at org.apache.maven.surefire.testng.TestNGXmlTestSuite.execute(TestNGXmlTestSuite.java:71)
	at org.apache.maven.surefire.testng.TestNGProvider.invoke(TestNGProvider.java:113)
	at org.apache.maven.surefire.booter.ForkedBooter.runSuitesInProcess(ForkedBooter.java:385)
	at org.apache.maven.surefire.booter.ForkedBooter.execute(ForkedBooter.java:162)
	at org.apache.maven.surefire.booter.ForkedBooter.run(ForkedBooter.java:507)
	at org.apache.maven.surefire.booter.ForkedBooter.main(ForkedBooter.java:495)
Caused by: java.lang.RuntimeException: Failed to install browsers, exit code: 1
	at com.microsoft.playwright.impl.driver.jar.DriverJar.installBrowsers(DriverJar.java:99)
	at com.microsoft.playwright.impl.driver.jar.DriverJar.initialize(DriverJar.java:68)
	at com.microsoft.playwright.impl.driver.Driver.initialize(Driver.java:64)
	at com.microsoft.playwright.impl.driver.Driver.createAndInstall(Driver.java:101)
	... 27 more
]]></failure>
    <system-out><![CDATA[🚀 SETUP STARTED
]]></system-out>
    <system-err><![CDATA[SLF4J: Failed to load class "org.slf4j.impl.StaticLoggerBinder".
SLF4J: Defaulting to no-operation (NOP) logger implementation
SLF4J: See http://www.slf4j.org/codes.html#StaticLoggerBinder for further details.
]]></system-err>
  </testcase>
  <testcase name="companyLogin" classname="testclasses.HomepageTest" time="0.0">
    <skipped message="Failed to create driver"/>
  </testcase>
  <testcase name="userLogin" classname="testclasses.HomepageTest" time="0.0">
    <skipped message="Failed to create driver"/>
  </testcase>
  <testcase name="verifyHomepage" classname="testclasses.HomepageTest" time="0.0">
    <skipped message="Failed to create driver"/>
  </testcase>
  <testcase name="verifyfileSearch" classname="testclasses.HomepageTest" time="0.0">
    <skipped message="Failed to create driver"/>
  </testcase>
  <testcase name="verifya3dfileSearch" classname="testclasses.HomepageTest" time="0.0">
    <skipped message="Failed to create driver"/>
  </testcase>
  <testcase name="verifya3dprtfileSearch" classname="testclasses.HomepageTest" time="0.0">
    <skipped message="Failed to create driver"/>
  </testcase>
  <testcase name="verifyjpgfileSearch" classname="testclasses.HomepageTest" time="0.0">
    <skipped message="Failed to create driver"/>
  </testcase>
  <testcase name="verifytiffileSearch" classname="testclasses.HomepageTest" time="0.0">
    <skipped message="Failed to create driver"/>
  </testcase>
  <testcase name="verifydwgfileSearch" classname="testclasses.HomepageTest" time="0.0">
    <skipped message="Failed to create driver"/>
  </testcase>
  <testcase name="verifydxfleSearch" classname="testclasses.HomepageTest" time="0.0">
    <skipped message="Failed to create driver"/>
  </testcase>
  <testcase name="verifypptxfileSearch" classname="testclasses.HomepageTest" time="0.0">
    <skipped message="Failed to create driver"/>
  </testcase>
  <testcase name="verifyxlsxfileSearch" classname="testclasses.HomepageTest" time="0.0">
    <skipped message="Failed to create driver"/>
  </testcase>
  <testcase name="verifydocxfileSearch" classname="testclasses.HomepageTest" time="0.0">
    <skipped message="Failed to create driver"/>
  </testcase>
  <testcase name="verifycsvfileSearch" classname="testclasses.HomepageTest" time="0.0">
    <skipped message="Failed to create driver"/>
  </testcase>
  <testcase name="verifyFilenameSearch" classname="testclasses.HomepageTest" time="0.0">
    <skipped message="Failed to create driver"/>
  </testcase>
  <testcase name="attributesearch" classname="testclasses.HomepageTest" time="0.0">
    <skipped message="Failed to create driver"/>
  </testcase>
  <testcase name="contentserch" classname="testclasses.HomepageTest" time="0.0">
    <skipped message="Failed to create driver"/>
  </testcase>
  <testcase name="teardown" classname="testclasses.HomepageTest" time="0.0">
    <skipped/>
    <system-out><![CDATA[📊 Generating Allure report...
✅ Allure report saved to: reports/allure-report-20260511_172719
]]></system-out>
  </testcase>
</testsuite>