<?xml version="1.0" encoding="UTF-8"?>
<testsuite xmlns:xsi="http://www.w3.org/2001/XMLSchema-instance" xsi:noNamespaceSchemaLocation="https://maven.apache.org/surefire/maven-surefire-plugin/xsd/surefire-test-report-3.0.xsd" version="3.0" name="testclasses.HomepageTest" time="104.416" tests="15" errors="0" skipped="0" failures="0">
  <properties>
[...]
</properties>
  <testcase name="companyLogin" classname="testclasses.HomepageTest" time="1.861">
    <system-out><![CDATA[🚀 SETUP STARTED
]]></system-out>
    <system-err><![CDATA[SLF4J: Failed to load class "org.slf4j.impl.StaticLoggerBinder".
SLF4J: Defaulting to no-operation (NOP) logger implementation
SLF4J: See http://www.slf4j.org/codes.html#StaticLoggerBinder for further details.
]]></system-err>
  </testcase>
  <testcase name="userLogin" classname="testclasses.HomepageTest" time="0.161"/>
  <testcase name="verifyHomepage" classname="testclasses.HomepageTest" time="2.085"/>
  <testcase name="verifyfileSearch" classname="testclasses.HomepageTest" time="8.348">
    <system-out><![CDATA[Searching for file: .pdf | URL: https://www.alfadock-pack.com/ver10/#/homesearch/homegridsearch/.pdf/-1/0/10/1?search=.pdf&ext=0&uid=0&ft=0&apps=0&d=-1&df=2026-05-06&dt=2026-05-06&sz=&opt=1
Search results loaded successfully : https://www.alfadock-pack.com/ver10/#/homesearch/homegridsearch/.pdf/-1/0/10/1?search=.pdf&ext=0&uid=0&ft=0&apps=0&d=-1&df=2026-05-06&dt=2026-05-06&sz=&opt=1
Double-clicked on first search result and opened viewer : https://www.alfadock-pack.com/ver10/#/pdfviewer/58424515/scan?filename=test_file_200.pdf
PDF file opened in PDF Viewer : https://www.alfadock-pack.com/ver10/#/pdfviewer/58424515/scan?filename=test_file_200.pdf
Closed Viewer Page: .pdf
Current URL after clicking ALFADOCKLOGO: https://www.alfadock-pack.com/ver10/#/home
homepage loaded successfully : https://www.alfadock-pack.com/ver10/#/home
]]></system-out>
  </testcase>
  <testcase name="verifya3dfileSearch" classname="testclasses.HomepageTest" time="7.582">
    <system-out><![CDATA[Searching for file: .a3dasm | URL: https://www.alfadock-pack.com/ver10/#/homesearch/homegridsearch/.a3dasm/-1/0/10/1?search=.a3dasm&ext=0&uid=0&ft=0&apps=0&d=-1&df=2026-05-06&dt=2026-05-06&sz=&opt=1
Search results loaded successfully : https://www.alfadock-pack.com/ver10/#/homesearch/homegridsearch/.a3dasm/-1/0/10/1?search=.a3dasm&ext=0&uid=0&ft=0&apps=0&d=-1&df=2026-05-06&dt=2026-05-06&sz=&opt=1
Double-clicked on first search result and opened viewer : https://www.alfadock-pack.com/a3dviewer/#/viewer/70620959
File opened in A3D Viewer : https://www.alfadock-pack.com/a3dviewer/#/viewer/70620959
Closed Viewer Page: .a3dasm
Current URL after clicking ALFADOCKLOGO: https://www.alfadock-pack.com/ver10/#/home
homepage loaded successfully : https://www.alfadock-pack.com/ver10/#/home
]]></system-out>
  </testcase>
  <testcase name="verifya3dprtfileSearch" classname="testclasses.HomepageTest" time="7.282">
    <system-out><![CDATA[Searching for file: .a3dprt | URL: https://www.alfadock-pack.com/ver10/#/homesearch/homegridsearch/.a3dprt/-1/0/10/1?search=.a3dprt&ext=0&uid=0&ft=0&apps=0&d=-1&df=2026-05-06&dt=2026-05-06&sz=&opt=1
Search results loaded successfully : https://www.alfadock-pack.com/ver10/#/homesearch/homegridsearch/.a3dprt/-1/0/10/1?search=.a3dprt&ext=0&uid=0&ft=0&apps=0&d=-1&df=2026-05-06&dt=2026-05-06&sz=&opt=1
Double-clicked on first search result and opened viewer : https://www.alfadock-pack.com/a3dviewer/#/viewer/70621036
File opened in A3D Viewer : https://www.alfadock-pack.com/a3dviewer/#/viewer/70621036
Closed Viewer Page: .a3dprt
Current URL after clicking ALFADOCKLOGO: https://www.alfadock-pack.com/ver10/#/home
homepage loaded successfully : https://www.alfadock-pack.com/ver10/#/home
]]></system-out>
  </testcase>
  <testcase name="verifyjpgfileSearch" classname="testclasses.HomepageTest" time="8.231">
    <system-out><![CDATA[Searching for file: .jpg | URL: https://www.alfadock-pack.com/ver10/#/homesearch/homegridsearch/.jpg/-1/0/10/1?search=.jpg&ext=0&uid=0&ft=0&apps=0&d=-1&df=2026-05-06&dt=2026-05-06&sz=&opt=1
Search results loaded successfully : https://www.alfadock-pack.com/ver10/#/homesearch/homegridsearch/.jpg/-1/0/10/1?search=.jpg&ext=0&uid=0&ft=0&apps=0&d=-1&df=2026-05-06&dt=2026-05-06&sz=&opt=1
Double-clicked on first search result and opened viewer : https://www.alfadock-pack.com/ver10/#/drawing/294444/camera?filename=%E5%A4%96%E9%83%A8%E3%83%9B%E3%82%99%E3%83%83%E3%82%AF%E3%82%B9%E4%B8%AD%E6%9D%BF123.jpg
File opened in Drawing Viewer : https://www.alfadock-pack.com/ver10/#/drawing/294444/camera?filename=%E5%A4%96%E9%83%A8%E3%83%9B%E3%82%99%E3%83%83%E3%82%AF%E3%82%B9%E4%B8%AD%E6%9D%BF123.jpg
Closed Viewer Page: .jpg
Current URL after clicking ALFADOCKLOGO: https://www.alfadock-pack.com/ver10/#/home
homepage loaded successfully : https://www.alfadock-pack.com/ver10/#/home
]]></system-out>
  </testcase>
  <testcase name="verifytiffileSearch" classname="testclasses.HomepageTest" time="6.678">
    <system-out><![CDATA[Searching for file: .tiff | URL: https://www.alfadock-pack.com/ver10/#/homesearch/homegridsearch/.tiff/-1/0/10/1?search=.tiff&ext=0&uid=0&ft=0&apps=0&d=-1&df=2026-05-06&dt=2026-05-06&sz=&opt=1
Search results loaded successfully : https://www.alfadock-pack.com/ver10/#/homesearch/homegridsearch/.tiff/-1/0/10/1?search=.tiff&ext=0&uid=0&ft=0&apps=0&d=-1&df=2026-05-06&dt=2026-05-06&sz=&opt=1
Double-clicked on first search result and opened viewer : https://www.alfadock-pack.com/ver10/#/pdfviewer/66546223/file?filename=TKGweldtest-1.tiff.pdf
PDF file opened in PDF Viewer : https://www.alfadock-pack.com/ver10/#/pdfviewer/66546223/file?filename=TKGweldtest-1.tiff.pdf
Closed Viewer Page: .tiff
Current URL after clicking ALFADOCKLOGO: https://www.alfadock-pack.com/ver10/#/home
homepage loaded successfully : https://www.alfadock-pack.com/ver10/#/home
]]></system-out>
  </testcase>
  <testcase name="verifydwgfileSearch" classname="testclasses.HomepageTest" time="6.513">
    <system-out><![CDATA[Searching for file: .dwg | URL: https://www.alfadock-pack.com/ver10/#/homesearch/homegridsearch/.dwg/-1/0/10/1?search=.dwg&ext=0&uid=0&ft=0&apps=0&d=-1&df=2026-05-06&dt=2026-05-06&sz=&opt=1
Search results loaded successfully : https://www.alfadock-pack.com/ver10/#/homesearch/homegridsearch/.dwg/-1/0/10/1?search=.dwg&ext=0&uid=0&ft=0&apps=0&d=-1&df=2026-05-06&dt=2026-05-06&sz=&opt=1
Double-clicked on first search result and opened viewer : https://www.alfadock-pack.com/ver10/#/pdfviewer/68377339/file?filename=Sample1-Sheet_1.dwg
PDF file opened in PDF Viewer : https://www.alfadock-pack.com/ver10/#/pdfviewer/68377339/file?filename=Sample1-Sheet_1.dwg
Closed Viewer Page: .dwg
Current URL after clicking ALFADOCKLOGO: https://www.alfadock-pack.com/ver10/#/home
homepage loaded successfully : https://www.alfadock-pack.com/ver10/#/home
]]></system-out>
  </testcase>
  <testcase name="verifydxfleSearch" classname="testclasses.HomepageTest" time="6.895">
    <system-out><![CDATA[Searching for file: .dxf | URL: https://www.alfadock-pack.com/ver10/#/homesearch/homegridsearch/.dxf/-1/0/10/1?search=.dxf&ext=0&uid=0&ft=0&apps=0&d=-1&df=2026-05-06&dt=2026-05-06&sz=&opt=1
Search results loaded successfully : https://www.alfadock-pack.com/ver10/#/homesearch/homegridsearch/.dxf/-1/0/10/1?search=.dxf&ext=0&uid=0&ft=0&apps=0&d=-1&df=2026-05-06&dt=2026-05-06&sz=&opt=1
Double-clicked on first search result and opened viewer : https://www.alfadock-pack.com/ver10/#/pdfviewer/71207858/file?filename=DV480031.dxf
PDF file opened in PDF Viewer : https://www.alfadock-pack.com/ver10/#/pdfviewer/71207858/file?filename=DV480031.dxf
Closed Viewer Page: .dxf
Current URL after clicking ALFADOCKLOGO: https://www.alfadock-pack.com/ver10/#/home
homepage loaded successfully : https://www.alfadock-pack.com/ver10/#/home
]]></system-out>
  </testcase>
  <testcase name="verifypptxfileSearch" classname="testclasses.HomepageTest" time="6.526">
    <system-out><![CDATA[Searching for file: .pptx | URL: https://www.alfadock-pack.com/ver10/#/homesearch/homegridsearch/.pptx/-1/0/10/1?search=.pptx&ext=0&uid=0&ft=0&apps=0&d=-1&df=2026-05-06&dt=2026-05-06&sz=&opt=1
Search results loaded successfully : https://www.alfadock-pack.com/ver10/#/homesearch/homegridsearch/.pptx/-1/0/10/1?search=.pptx&ext=0&uid=0&ft=0&apps=0&d=-1&df=2026-05-06&dt=2026-05-06&sz=&opt=1
Double-clicked on first search result and opened viewer : https://www.alfadock-pack.com/ver10/#/pdfviewer/58424339/scan?filename=alfaDOCK%E4%BF%AE%E6%AD%A3%E8%A6%81%E6%9C%9B%E4%BB%95%E6%A7%98%E6%9B%B8from%E8%B1%8A%E5%92%8C%E5%B7%A5%E6%A5%AD%E6%A7%98%20(3).pptx
PDF file opened in PDF Viewer : https://www.alfadock-pack.com/ver10/#/pdfviewer/58424339/scan?filename=alfaDOCK%E4%BF%AE%E6%AD%A3%E8%A6%81%E6%9C%9B%E4%BB%95%E6%A7%98%E6%9B%B8from%E8%B1%8A%E5%92%8C%E5%B7%A5%E6%A5%AD%E6%A7%98%20(3).pptx
Closed Viewer Page: .pptx
Current URL after clicking ALFADOCKLOGO: https://www.alfadock-pack.com/ver10/#/home
homepage loaded successfully : https://www.alfadock-pack.com/ver10/#/home
]]></system-out>
  </testcase>
  <testcase name="verifyxlsxfileSearch" classname="testclasses.HomepageTest" time="7.221">
    <system-out><![CDATA[Searching for file: .xlsx | URL: https://www.alfadock-pack.com/ver10/#/homesearch/homegridsearch/.xlsx/-1/0/10/1?search=.xlsx&ext=0&uid=0&ft=0&apps=0&d=-1&df=2026-05-06&dt=2026-05-06&sz=&opt=1
Search results loaded successfully : https://www.alfadock-pack.com/ver10/#/homesearch/homegridsearch/.xlsx/-1/0/10/1?search=.xlsx&ext=0&uid=0&ft=0&apps=0&d=-1&df=2026-05-06&dt=2026-05-06&sz=&opt=1
Double-clicked on first search result and opened viewer : https://www.alfadock-pack.com/ver10/#/pdfviewer/69338071/file?filename=BOM-AAK0AT57G003-R2.xlsx
PDF file opened in PDF Viewer : https://www.alfadock-pack.com/ver10/#/pdfviewer/69338071/file?filename=BOM-AAK0AT57G003-R2.xlsx
Closed Viewer Page: .xlsx
Current URL after clicking ALFADOCKLOGO: https://www.alfadock-pack.com/ver10/#/home
homepage loaded successfully : https://www.alfadock-pack.com/ver10/#/home
]]></system-out>
  </testcase>
  <testcase name="verifydocxfileSearch" classname="testclasses.HomepageTest" time="6.444">
    <system-out><![CDATA[Searching for file: .docx | URL: https://www.alfadock-pack.com/ver10/#/homesearch/homegridsearch/.docx/-1/0/10/1?search=.docx&ext=0&uid=0&ft=0&apps=0&d=-1&df=2026-05-06&dt=2026-05-06&sz=&opt=1
Search results loaded successfully : https://www.alfadock-pack.com/ver10/#/homesearch/homegridsearch/.docx/-1/0/10/1?search=.docx&ext=0&uid=0&ft=0&apps=0&d=-1&df=2026-05-06&dt=2026-05-06&sz=&opt=1
Double-clicked on first search result and opened viewer : https://www.alfadock-pack.com/ver10/#/pdfviewer/49461596/office?filename=AT-TestDOCX_1.docx
PDF file opened in PDF Viewer : https://www.alfadock-pack.com/ver10/#/pdfviewer/49461596/office?filename=AT-TestDOCX_1.docx
Closed Viewer Page: .docx
Current URL after clicking ALFADOCKLOGO: https://www.alfadock-pack.com/ver10/#/home
homepage loaded successfully : https://www.alfadock-pack.com/ver10/#/home
]]></system-out>
  </testcase>
  <testcase name="verifycsvfileSearch" classname="testclasses.HomepageTest" time="7.035">
    <system-out><![CDATA[Searching for file: .csv | URL: https://www.alfadock-pack.com/ver10/#/homesearch/homegridsearch/.csv/-1/0/10/1?search=.csv&ext=0&uid=0&ft=0&apps=0&d=-1&df=2026-05-06&dt=2026-05-06&sz=&opt=1
Search results loaded successfully : https://www.alfadock-pack.com/ver10/#/homesearch/homegridsearch/.csv/-1/0/10/1?search=.csv&ext=0&uid=0&ft=0&apps=0&d=-1&df=2026-05-06&dt=2026-05-06&sz=&opt=1
Double-clicked on first search result and opened viewer : https://www.alfadock-pack.com/ver10/#/csvviewer/71207859
File opened in CSV Viewer : https://www.alfadock-pack.com/ver10/#/csvviewer/71207859
Closed Viewer Page: .csv
Current URL after clicking ALFADOCKLOGO: https://www.alfadock-pack.com/ver10/#/home
homepage loaded successfully : https://www.alfadock-pack.com/ver10/#/home
]]></system-out>
  </testcase>
  <testcase name="verifyattributesearch" classname="testclasses.HomepageTest" time="2.175">
    <system-out><![CDATA['Filename' checkbox already enabled : https://www.alfadock-pack.com/ver10/#/home
Clicked on search icon : https://www.alfadock-pack.com/ver10/#/home
]]></system-out>
  </testcase>
</testsuite>