<?xml version="1.0" encoding="UTF-8"?>
<!-- Generated by org.testng.reporters.JUnitXMLReporter -->
<testsuite ignored="0" hostname="Murali" failures="0" tests="3" name="Alfadock Login Test" time="4.099" errors="0" timestamp="2026-05-01T11:45:14 IST">
  <testcase classname="testclasses.HomepageTest" name="companyLogin" time="1.665"/>
  <testcase classname="testclasses.HomepageTest" name="userLogin" time="0.126"/>
  <testcase classname="testclasses.HomepageTest" name="verifyHomepage" time="2.099"/>
</testsuite> <!-- Alfadock Login Test -->
