<?xml version="1.0" encoding="UTF-8"?>
<!-- Generated by org.testng.reporters.JUnitReportReporter -->
<testsuite hostname="Murali" failures="0" tests="3" name="testclasses.TestClass" time="6.896" errors="0" timestamp="2026-04-30T18:37:17 IST" skipped="0">
  <testcase classname="testclasses.TestClass" name="companyLogin" time="1.671"/>
  <testcase classname="testclasses.TestClass" name="userLogin" time="0.138"/>
  <testcase classname="testclasses.TestClass" name="verifyHomepage" time="5.087"/>
</testsuite> <!-- testclasses.TestClass -->
