<?xml version="1.0" encoding="UTF-8"?>
<!-- Generated by org.testng.reporters.JUnitReportReporter -->
<testsuite hostname="Murali" failures="0" tests="3" name="testclasses.Rough" time="16.153" errors="0" timestamp="2026-06-09T18:27:46 IST" skipped="0">
  <testcase classname="testclasses.Rough" name="companyLogin" time="1.553"/>
  <testcase classname="testclasses.Rough" name="userLogin" time="0.126"/>
  <testcase classname="testclasses.Rough" name="verifyFileSearchCount" time="14.474"/>
</testsuite> <!-- testclasses.Rough -->
