<?xml version="1.0" encoding="UTF-8"?>
<!-- Generated by org.testng.reporters.JUnitReportReporter -->
<testsuite hostname="Murali" failures="0" tests="4" name="testclasses.HomepageTest" time="16.632" errors="0" timestamp="2026-05-04T11:28:43 IST" skipped="0">
  <testcase classname="testclasses.HomepageTest" name="companyLogin" time="2.149"/>
  <testcase classname="testclasses.HomepageTest" name="userLogin" time="0.148"/>
  <testcase classname="testclasses.HomepageTest" name="verifyHomepage" time="6.450"/>
  <testcase classname="testclasses.HomepageTest" name="verifyPDFSearch" time="7.885"/>
</testsuite> <!-- testclasses.HomepageTest -->
