<?xml version="1.0" encoding="UTF-8"?>
<!-- Generated by org.testng.reporters.JUnitReportReporter -->
<testsuite hostname="Murali" failures="0" tests="22" name="testclasses.HomepageTest" time="312.976" errors="1" timestamp="2026-06-09T18:38:43 IST" skipped="4">
  <testcase classname="testclasses.HomepageTest" name="companyLogin" time="1.665"/>
  <testcase classname="testclasses.HomepageTest" name="userLogin" time="0.143"/>
  <testcase classname="testclasses.HomepageTest" name="verifyHomepage" time="2.280"/>
  <testcase classname="testclasses.HomepageTest" name="verifyfileSearch" time="10.345"/>
  <testcase classname="testclasses.HomepageTest" name="verifya3dfileSearch" time="10.003"/>
  <testcase classname="testclasses.HomepageTest" name="verifya3dprtfileSearch" time="8.369"/>
  <testcase classname="testclasses.HomepageTest" name="verifyjpgfileSearch" time="8.606"/>
  <testcase classname="testclasses.HomepageTest" name="verifytiffileSearch" time="8.033"/>
  <testcase classname="testclasses.HomepageTest" name="verifydwgfileSearch" time="8.006"/>
  <testcase classname="testclasses.HomepageTest" name="verifydxfleSearch" time="9.002"/>
  <testcase classname="testclasses.HomepageTest" name="verifypptxfileSearch" time="8.481"/>
  <testcase classname="testclasses.HomepageTest" name="verifyxlsxfileSearch" time="9.776"/>
  <testcase classname="testclasses.HomepageTest" name="verifydocxfileSearch" time="8.534"/>
  <testcase classname="testclasses.HomepageTest" name="verifycsvfileSearch" time="8.113"/>
  <testcase classname="testclasses.HomepageTest" name="verifyFilenameSearch" time="15.147"/>
  <testcase classname="testclasses.HomepageTest" name="attributesearch" time="36.101">
    <skipped/>
  </testcase> <!-- attributesearch -->
  <testcase classname="testclasses.HomepageTest" name="contentserch" time="14.063"/>
  <testcase classname="testclasses.HomepageTest" name="verifyFileCheckboxSearch" time="20.982">
    <error message="Cannot invoke &quot;com.microsoft.playwright.Page.waitForLoadState(com.microsoft.playwright.options.LoadState)&quot; because &quot;viewerPage&quot; is null" type="java.lang.NullPointerException">
      <![CDATA[java.lang.NullPointerException: Cannot invoke "com.microsoft.playwright.Page.waitForLoadState(com.microsoft.playwright.options.LoadState)" because "viewerPage" is null
at base.Basepage.validateViewerPage(Basepage.java:262)
at com.pageclasses.Homepage.searchUsingFileInSearchDropdown(Homepage.java:398)
at testclasses.HomepageTest.verifyFileCheckboxSearch(HomepageTest.java:169)
at java.base/jdk.internal.reflect.DirectMethodHandleAccessor.invoke(DirectMethodHandleAccessor.java:103)
at java.base/java.lang.reflect.Method.invoke(Method.java:580)
at org.testng.internal.invokers.MethodInvocationHelper.invokeMethod(MethodInvocationHelper.java:141)
at org.testng.internal.invokers.TestInvoker.invokeMethod(TestInvoker.java:686)
at org.testng.internal.invokers.TestInvoker.invokeTestMethod(TestInvoker.java:230)
at org.testng.internal.invokers.MethodRunner.runInSequence(MethodRunner.java:63)
at org.testng.internal.invokers.TestInvoker$MethodInvocationAgent.invoke(TestInvoker.java:992)
at org.testng.internal.invokers.TestInvoker.invokeTestMethods(TestInvoker.java:203)
at org.testng.internal.invokers.TestMethodWorker.invokeTestMethods(TestMethodWorker.java:154)
at org.testng.internal.invokers.TestMethodWorker.run(TestMethodWorker.java:134)
at java.base/java.util.ArrayList.forEach(ArrayList.java:1596)
at org.testng.TestRunner.privateRun(TestRunner.java:739)
at org.testng.TestRunner.run(TestRunner.java:614)
at org.testng.SuiteRunner.runTest(SuiteRunner.java:421)
at org.testng.SuiteRunner.runSequentially(SuiteRunner.java:413)
at org.testng.SuiteRunner.privateRun(SuiteRunner.java:373)
at org.testng.SuiteRunner.run(SuiteRunner.java:312)
at org.testng.SuiteRunnerWorker.runSuite(SuiteRunnerWorker.java:52)
at org.testng.SuiteRunnerWorker.run(SuiteRunnerWorker.java:95)
at org.testng.TestNG.runSuitesSequentially(TestNG.java:1274)
at org.testng.TestNG.runSuitesLocally(TestNG.java:1208)
at org.testng.TestNG.runSuites(TestNG.java:1112)
at org.testng.TestNG.run(TestNG.java:1079)
at org.testng.remote.AbstractRemoteTestNG.run(AbstractRemoteTestNG.java:115)
at org.testng.remote.RemoteTestNG.initAndRun(RemoteTestNG.java:293)
at org.testng.remote.RemoteTestNG.main(RemoteTestNG.java:91)
]]>
    </error>
  </testcase> <!-- verifyFileCheckboxSearch -->
  <testcase classname="testclasses.HomepageTest" name="verifyFolderCheckboxSearch" time="31.053">
    <skipped/>
  </testcase> <!-- verifyFolderCheckboxSearch -->
  <testcase classname="testclasses.HomepageTest" name="verifyRootFileDownload" time="42.506">
    <skipped/>
  </testcase> <!-- verifyRootFileDownload -->
  <testcase classname="testclasses.HomepageTest" name="verifyRootFileLocation" time="42.283">
    <skipped/>
  </testcase> <!-- verifyRootFileLocation -->
  <testcase classname="testclasses.HomepageTest" name="verifyFileSearchCount" time="9.485"/>
</testsuite> <!-- testclasses.HomepageTest -->
