<?xml version="1.0" encoding="UTF-8"?>
<!-- Generated by org.testng.reporters.JUnitReportReporter -->
<testsuite hostname="Murali" failures="0" tests="18" name="testclasses.HomepageTest" time="483.845" errors="1" timestamp="2026-05-11T17:27:23 IST" skipped="17">
  <testcase classname="testclasses.HomepageTest" name="setup" time="483.845">
    <error message="Failed to create driver" type="java.lang.RuntimeException">
      <![CDATA[java.lang.RuntimeException: Failed to create driver
at com.microsoft.playwright.impl.driver.Driver.createAndInstall(Driver.java:105)
at com.microsoft.playwright.impl.driver.Driver.ensureDriverInstalled(Driver.java:57)
at com.microsoft.playwright.impl.PlaywrightImpl.createImpl(PlaywrightImpl.java:46)
at com.microsoft.playwright.impl.PlaywrightImpl.create(PlaywrightImpl.java:36)
at com.microsoft.playwright.Playwright.create(Playwright.java:110)
at com.microsoft.playwright.Playwright.create(Playwright.java:114)
at base.Basepage.setup(Basepage.java:28)
at java.base/jdk.internal.reflect.DirectMethodHandleAccessor.invoke(DirectMethodHandleAccessor.java:103)
at java.base/java.lang.reflect.Method.invoke(Method.java:580)
at org.testng.internal.invokers.MethodInvocationHelper.invokeMethod(MethodInvocationHelper.java:141)
at org.testng.internal.invokers.MethodInvocationHelper.invokeMethodConsideringTimeout(MethodInvocationHelper.java:71)
at org.testng.internal.invokers.ConfigInvoker.invokeConfigurationMethod(ConfigInvoker.java:400)
at org.testng.internal.invokers.ConfigInvoker.invokeConfigurations(ConfigInvoker.java:333)
at org.testng.SuiteRunner.privateRun(SuiteRunner.java:358)
at org.testng.SuiteRunner.run(SuiteRunner.java:312)
at org.testng.SuiteRunnerWorker.runSuite(SuiteRunnerWorker.java:52)
at org.testng.SuiteRunnerWorker.run(SuiteRunnerWorker.java:95)
at org.testng.TestNG.runSuitesSequentially(TestNG.java:1274)
at org.testng.TestNG.runSuitesLocally(TestNG.java:1208)
at org.testng.TestNG.runSuites(TestNG.java:1112)
at org.testng.TestNG.run(TestNG.java:1079)
at org.apache.maven.surefire.testng.TestNGExecutor.run(TestNGExecutor.java:308)
at org.apache.maven.surefire.testng.TestNGXmlTestSuite.execute(TestNGXmlTestSuite.java:71)
at org.apache.maven.surefire.testng.TestNGProvider.invoke(TestNGProvider.java:113)
at org.apache.maven.surefire.booter.ForkedBooter.runSuitesInProcess(ForkedBooter.java:385)
at org.apache.maven.surefire.booter.ForkedBooter.execute(ForkedBooter.java:162)
at org.apache.maven.surefire.booter.ForkedBooter.run(ForkedBooter.java:507)
at org.apache.maven.surefire.booter.ForkedBooter.main(ForkedBooter.java:495)
Caused by: java.lang.RuntimeException: Failed to install browsers, exit code: 1
at com.microsoft.playwright.impl.driver.jar.DriverJar.installBrowsers(DriverJar.java:99)
at com.microsoft.playwright.impl.driver.jar.DriverJar.initialize(DriverJar.java:68)
at com.microsoft.playwright.impl.driver.Driver.initialize(Driver.java:64)
at com.microsoft.playwright.impl.driver.Driver.createAndInstall(Driver.java:101)
... 27 more
]]>
    </error>
  </testcase> <!-- setup -->
  <testcase classname="testclasses.HomepageTest" name="companyLogin" time="0.000">
    <skipped/>
  </testcase> <!-- companyLogin -->
  <testcase classname="testclasses.HomepageTest" name="userLogin" time="0.000">
    <skipped/>
  </testcase> <!-- userLogin -->
  <testcase classname="testclasses.HomepageTest" name="verifyHomepage" time="0.000">
    <skipped/>
  </testcase> <!-- verifyHomepage -->
  <testcase classname="testclasses.HomepageTest" name="verifyfileSearch" time="0.000">
    <skipped/>
  </testcase> <!-- verifyfileSearch -->
  <testcase classname="testclasses.HomepageTest" name="verifya3dfileSearch" time="0.000">
    <skipped/>
  </testcase> <!-- verifya3dfileSearch -->
  <testcase classname="testclasses.HomepageTest" name="verifya3dprtfileSearch" time="0.000">
    <skipped/>
  </testcase> <!-- verifya3dprtfileSearch -->
  <testcase classname="testclasses.HomepageTest" name="verifyjpgfileSearch" time="0.000">
    <skipped/>
  </testcase> <!-- verifyjpgfileSearch -->
  <testcase classname="testclasses.HomepageTest" name="verifytiffileSearch" time="0.000">
    <skipped/>
  </testcase> <!-- verifytiffileSearch -->
  <testcase classname="testclasses.HomepageTest" name="verifydwgfileSearch" time="0.000">
    <skipped/>
  </testcase> <!-- verifydwgfileSearch -->
  <testcase classname="testclasses.HomepageTest" name="verifydxfleSearch" time="0.000">
    <skipped/>
  </testcase> <!-- verifydxfleSearch -->
  <testcase classname="testclasses.HomepageTest" name="verifypptxfileSearch" time="0.000">
    <skipped/>
  </testcase> <!-- verifypptxfileSearch -->
  <testcase classname="testclasses.HomepageTest" name="verifyxlsxfileSearch" time="0.000">
    <skipped/>
  </testcase> <!-- verifyxlsxfileSearch -->
  <testcase classname="testclasses.HomepageTest" name="verifydocxfileSearch" time="0.000">
    <skipped/>
  </testcase> <!-- verifydocxfileSearch -->
  <testcase classname="testclasses.HomepageTest" name="verifycsvfileSearch" time="0.000">
    <skipped/>
  </testcase> <!-- verifycsvfileSearch -->
  <testcase classname="testclasses.HomepageTest" name="verifyFilenameSearch" time="0.000">
    <skipped/>
  </testcase> <!-- verifyFilenameSearch -->
  <testcase classname="testclasses.HomepageTest" name="attributesearch" time="0.000">
    <skipped/>
  </testcase> <!-- attributesearch -->
  <testcase classname="testclasses.HomepageTest" name="contentserch" time="0.000">
    <skipped/>
  </testcase> <!-- contentserch -->
</testsuite> <!-- testclasses.HomepageTest -->
